2025-08-14 21:05:49,942 - INFO - 
==================================================
2025-08-14 21:05:49,942 - INFO - Starting Phase 1: Source Analysis
2025-08-14 21:05:49,943 - INFO - ==================================================
2025-08-14 21:05:49,943 - INFO - === PHASE 1: Source Environment Analysis ===
2025-08-14 21:05:49,943 - INFO - Source directory found: \d\AI\Sentiment
2025-08-14 21:05:50,000 - WARNING - Source virtual environment not found
2025-08-14 21:05:50,000 - INFO - Creating backup of source environment...
2025-08-14 21:05:50,117 - INFO - Analyzing source dependencies...
2025-08-14 21:05:50,118 - INFO - Running baseline tests on source...
2025-08-14 21:05:50,118 - WARNING - Source Python not found, skipping baseline tests
2025-08-14 21:05:50,119 - INFO - Phase 1: Source Analysis completed successfully!
2025-08-14 21:05:50,119 - INFO - 
==================================================
2025-08-14 21:05:50,119 - INFO - Starting Phase 2: Code Migration
2025-08-14 21:05:50,119 - INFO - ==================================================
2025-08-14 21:05:50,120 - INFO - === PHASE 2: Code Migration and Compatibility Updates ===
2025-08-14 21:05:50,124 - ERROR - Command failed: python3.13 --version - [WinError 2] The system cannot find the file specified
2025-08-14 21:05:50,128 - ERROR - Command failed: python3.12 --version - [WinError 2] The system cannot find the file specified
2025-08-14 21:05:50,136 - ERROR - Command failed: python3.11 --version - [WinError 2] The system cannot find the file specified
2025-08-14 21:05:50,143 - ERROR - Command failed: python3.10 --version - [WinError 2] The system cannot find the file specified
2025-08-14 21:05:50,163 - INFO - Using system Python: Python 3.13.5
2025-08-14 21:05:50,163 - INFO - Using latest Python version: python
2025-08-14 21:05:50,163 - INFO - Creating DIA3 directory structure...
2025-08-14 21:05:50,166 - INFO - DIA3 directory structure created
2025-08-14 21:05:50,166 - INFO - Copying source code to DIA3...
2025-08-14 21:05:50,167 - INFO - Source code copied to DIA3
2025-08-14 21:05:50,167 - INFO - Updating code for latest Python compatibility...
2025-08-14 21:05:50,167 - INFO - Updating collections imports...
2025-08-14 21:05:50,170 - INFO - Updating importlib usage...
2025-08-14 21:05:50,172 - INFO - Updating type hints...
2025-08-14 21:05:50,173 - INFO - Updating configuration files...
2025-08-14 21:05:50,174 - INFO - Phase 2: Code Migration completed successfully!
2025-08-14 21:05:50,174 - INFO - 
==================================================
2025-08-14 21:05:50,174 - INFO - Starting Phase 3: Environment Setup
2025-08-14 21:05:50,174 - INFO - ==================================================
2025-08-14 21:05:50,174 - INFO - === PHASE 3: DIA3 Environment Setup ===
2025-08-14 21:05:50,182 - ERROR - Command failed: python3.13 --version - [WinError 2] The system cannot find the file specified
2025-08-14 21:05:50,187 - ERROR - Command failed: python3.12 --version - [WinError 2] The system cannot find the file specified
2025-08-14 21:05:50,194 - ERROR - Command failed: python3.11 --version - [WinError 2] The system cannot find the file specified
2025-08-14 21:05:50,200 - ERROR - Command failed: python3.10 --version - [WinError 2] The system cannot find the file specified
2025-08-14 21:05:50,216 - INFO - Using system Python: Python 3.13.5
2025-08-14 21:05:50,216 - INFO - Creating virtual environment in DIA3...
2025-08-14 21:05:58,545 - INFO - DIA3 Python version: Python 3.13.5
2025-08-14 21:05:58,546 - INFO - Upgrading pip...
2025-08-14 21:06:05,178 - INFO - Installing dependencies...
2025-08-14 21:06:05,178 - INFO - Installing core dependencies...
2025-08-14 21:06:55,346 - INFO - Testing core imports...
2025-08-14 21:06:56,107 - INFO - DIA3 environment setup completed successfully
2025-08-14 21:06:56,107 - INFO - Phase 3: Environment Setup completed successfully!
2025-08-14 21:06:56,108 - INFO - 
==================================================
2025-08-14 21:06:56,108 - INFO - Starting Phase 4: Testing
2025-08-14 21:06:56,108 - INFO - ==================================================
2025-08-14 21:06:56,109 - INFO - === PHASE 4: Testing and Validation ===
2025-08-14 21:06:56,109 - INFO - Running unit tests...
2025-08-14 21:06:56,109 - WARNING - Test path Test/unit/ does not exist, skipping
2025-08-14 21:06:56,109 - INFO - Running integration tests...
2025-08-14 21:06:56,109 - WARNING - Test path Test/integration/ does not exist, skipping
2025-08-14 21:06:56,110 - INFO - Running performance tests...
2025-08-14 21:06:56,110 - WARNING - Test path Test/performance/ does not exist, skipping
2025-08-14 21:06:56,110 - INFO - Running functional tests...
2025-08-14 21:06:56,110 - INFO - Running performance benchmarks...
2025-08-14 21:06:56,110 - INFO - Phase 4: Testing completed successfully!
2025-08-14 21:06:56,111 - INFO - 
==================================================
2025-08-14 21:06:56,111 - INFO - Starting Phase 5: Verification
2025-08-14 21:06:56,111 - INFO - ==================================================
2025-08-14 21:06:56,111 - INFO - === PHASE 5: Final Verification and Reporting ===
2025-08-14 21:06:56,111 - INFO - Testing API server...
2025-08-14 21:06:56,111 - WARNING - main.py not found, skipping API server test
2025-08-14 21:06:56,111 - INFO - Running code quality checks...
2025-08-14 21:06:56,207 - INFO - Generating final report...
2025-08-14 21:06:56,209 - INFO - Final report generated: logs/migration_sentiment_to_dia3_report.json
2025-08-14 21:06:56,209 - INFO - Phase 5: Verification completed successfully!
2025-08-14 21:06:56,210 - INFO - 
Migration from Sentiment to DIA3 completed successfully!
2025-08-14 21:06:56,210 - INFO - Check logs/migration_sentiment_to_dia3_report.json for detailed results
2025-08-14 21:06:56,210 - INFO - Use DIA3/.venv/Scripts/python.exe for latest Python version
2025-08-14 21:07:38,918 - INFO - 
==================================================
2025-08-14 21:07:38,918 - INFO - Running Phase 1: Source Analysis
2025-08-14 21:07:38,918 - INFO - ==================================================
2025-08-14 21:07:38,918 - INFO - === PHASE 1: Source Environment Analysis ===
2025-08-14 21:07:38,919 - INFO - Source directory found: \d\AI\Sentiment
2025-08-14 21:07:38,964 - WARNING - Source virtual environment not found
2025-08-14 21:07:38,964 - INFO - Creating backup of source environment...
2025-08-14 21:07:38,969 - INFO - Analyzing source dependencies...
2025-08-14 21:07:38,969 - INFO - Running baseline tests on source...
2025-08-14 21:07:38,969 - WARNING - Source Python not found, skipping baseline tests
2025-08-14 21:07:38,970 - INFO - 
Migration from Sentiment to DIA3 completed successfully!
2025-08-14 21:07:38,970 - INFO - Check logs/migration_sentiment_to_dia3_report.json for detailed results
2025-08-14 21:07:38,970 - INFO - Use DIA3/.venv/Scripts/python.exe for latest Python version
2025-08-14 21:09:00,151 - INFO - 
==================================================
2025-08-14 21:09:00,151 - INFO - Starting Phase 1: Source Analysis
2025-08-14 21:09:00,152 - INFO - ==================================================
2025-08-14 21:09:00,152 - INFO - === PHASE 1: Source Environment Analysis ===
2025-08-14 21:09:00,152 - INFO - Source directory found: \d\AI\Sentiment
2025-08-14 21:09:00,214 - WARNING - Source virtual environment not found
2025-08-14 21:09:00,214 - INFO - Creating backup of source environment...
2025-08-14 21:09:00,222 - INFO - Analyzing source dependencies...
2025-08-14 21:09:00,222 - INFO - Running baseline tests on source...
2025-08-14 21:09:00,222 - WARNING - Source Python not found, skipping baseline tests
2025-08-14 21:09:00,223 - INFO - Phase 1: Source Analysis completed successfully!
2025-08-14 21:09:00,223 - INFO - 
==================================================
2025-08-14 21:09:00,223 - INFO - Starting Phase 2: Code Migration
2025-08-14 21:09:00,224 - INFO - ==================================================
2025-08-14 21:09:00,224 - INFO - === PHASE 2: Code Migration and Compatibility Updates ===
2025-08-14 21:09:00,224 - DEBUG - Running command: python3.13 --version
2025-08-14 21:09:00,231 - ERROR - Command failed: python3.13 --version - [WinError 2] The system cannot find the file specified
2025-08-14 21:09:00,232 - DEBUG - Running command: python3.12 --version
2025-08-14 21:09:00,238 - ERROR - Command failed: python3.12 --version - [WinError 2] The system cannot find the file specified
2025-08-14 21:09:00,238 - DEBUG - Running command: python3.11 --version
2025-08-14 21:09:00,246 - ERROR - Command failed: python3.11 --version - [WinError 2] The system cannot find the file specified
2025-08-14 21:09:00,246 - DEBUG - Running command: python3.10 --version
2025-08-14 21:09:00,256 - ERROR - Command failed: python3.10 --version - [WinError 2] The system cannot find the file specified
2025-08-14 21:09:00,256 - DEBUG - Running command: python --version
2025-08-14 21:09:00,278 - INFO - Using system Python: Python 3.13.5
2025-08-14 21:09:00,278 - INFO - Using latest Python version: python
2025-08-14 21:09:00,279 - INFO - Creating DIA3 directory structure...
2025-08-14 21:09:00,281 - INFO - DIA3 directory structure created
2025-08-14 21:09:00,282 - INFO - Copying source code to DIA3...
2025-08-14 21:09:00,283 - INFO - Source code copied to DIA3
2025-08-14 21:09:00,285 - INFO - Updating code for latest Python compatibility...
2025-08-14 21:09:00,285 - INFO - Updating collections imports...
2025-08-14 21:09:00,453 - DEBUG - Updated collections imports in \d\AI\DIA3\.venv\Lib\site-packages\anyio\to_interpreter.py
2025-08-14 21:09:00,453 - DEBUG - Updated collections imports in \d\AI\DIA3\.venv\Lib\site-packages\anyio\to_process.py
2025-08-14 21:09:00,456 - DEBUG - Updated collections imports in \d\AI\DIA3\.venv\Lib\site-packages\charset_normalizer\cd.py
2025-08-14 21:09:00,458 - DEBUG - Updated collections imports in \d\AI\DIA3\.venv\Lib\site-packages\click\core.py
2025-08-14 21:09:00,460 - DEBUG - Updated collections imports in \d\AI\DIA3\.venv\Lib\site-packages\click\parser.py
2025-08-14 21:09:00,465 - DEBUG - Updated collections imports in \d\AI\DIA3\.venv\Lib\site-packages\dotenv\main.py
2025-08-14 21:09:00,469 - DEBUG - Updated collections imports in \d\AI\DIA3\.venv\Lib\site-packages\fastapi\encoders.py
2025-08-14 21:09:00,473 - DEBUG - Updated collections imports in \d\AI\DIA3\.venv\Lib\site-packages\fastapi\_compat.py
2025-08-14 21:09:00,484 - DEBUG - Updated collections imports in \d\AI\DIA3\.venv\Lib\site-packages\pandas\conftest.py
2025-08-14 21:09:00,489 - DEBUG - Updated collections imports in \d\AI\DIA3\.venv\Lib\site-packages\pydantic\json_schema.py
2025-08-14 21:09:00,494 - DEBUG - Updated collections imports in \d\AI\DIA3\.venv\Lib\site-packages\pytz\lazy.py
2025-08-14 21:09:00,496 - DEBUG - Updated collections imports in \d\AI\DIA3\.venv\Lib\site-packages\requests\compat.py
2025-08-14 21:09:00,499 - DEBUG - Updated collections imports in \d\AI\DIA3\.venv\Lib\site-packages\requests\sessions.py
2025-08-14 21:09:00,501 - DEBUG - Updated collections imports in \d\AI\DIA3\.venv\Lib\site-packages\requests\structures.py
2025-08-14 21:09:00,502 - DEBUG - Updated collections imports in \d\AI\DIA3\.venv\Lib\site-packages\requests\utils.py
2025-08-14 21:09:00,512 - DEBUG - Updated collections imports in \d\AI\DIA3\.venv\Lib\site-packages\urllib3\_collections.py
2025-08-14 21:09:00,517 - DEBUG - Updated collections imports in \d\AI\DIA3\.venv\Lib\site-packages\uvicorn\middleware\wsgi.py
2025-08-14 21:09:00,520 - DEBUG - Updated collections imports in \d\AI\DIA3\.venv\Lib\site-packages\uvicorn\protocols\http\httptools_impl.py
2025-08-14 21:09:00,532 - DEBUG - Updated collections imports in \d\AI\DIA3\.venv\Lib\site-packages\pydantic\deprecated\json.py
2025-08-14 21:09:00,535 - DEBUG - Updated collections imports in \d\AI\DIA3\.venv\Lib\site-packages\pydantic\experimental\pipeline.py
2025-08-14 21:09:00,537 - DEBUG - Updated collections imports in \d\AI\DIA3\.venv\Lib\site-packages\pydantic\v1\class_validators.py
2025-08-14 21:09:00,539 - DEBUG - Updated collections imports in \d\AI\DIA3\.venv\Lib\site-packages\pydantic\v1\fields.py
2025-08-14 21:09:00,541 - DEBUG - Updated collections imports in \d\AI\DIA3\.venv\Lib\site-packages\pydantic\v1\json.py
2025-08-14 21:09:00,543 - DEBUG - Updated collections imports in \d\AI\DIA3\.venv\Lib\site-packages\pydantic\v1\schema.py
2025-08-14 21:09:00,545 - DEBUG - Updated collections imports in \d\AI\DIA3\.venv\Lib\site-packages\pydantic\v1\utils.py
2025-08-14 21:09:00,547 - DEBUG - Updated collections imports in \d\AI\DIA3\.venv\Lib\site-packages\pydantic\v1\validators.py
2025-08-14 21:09:00,550 - DEBUG - Updated collections imports in \d\AI\DIA3\.venv\Lib\site-packages\pydantic\_internal\_decorators.py
2025-08-14 21:09:00,552 - DEBUG - Updated collections imports in \d\AI\DIA3\.venv\Lib\site-packages\pydantic\_internal\_generics.py
2025-08-14 21:09:00,554 - DEBUG - Updated collections imports in \d\AI\DIA3\.venv\Lib\site-packages\pydantic\_internal\_known_annotated_metadata.py
2025-08-14 21:09:00,557 - DEBUG - Updated collections imports in \d\AI\DIA3\.venv\Lib\site-packages\pydantic\_internal\_utils.py
2025-08-14 21:09:00,558 - DEBUG - Updated collections imports in \d\AI\DIA3\.venv\Lib\site-packages\pip\_internal\build_env.py
2025-08-14 21:09:00,560 - DEBUG - Updated collections imports in \d\AI\DIA3\.venv\Lib\site-packages\pip\_internal\pyproject.py
2025-08-14 21:09:00,564 - DEBUG - Updated collections imports in \d\AI\DIA3\.venv\Lib\site-packages\pip\_vendor\distlib\compat.py
2025-08-14 21:09:00,566 - DEBUG - Updated collections imports in \d\AI\DIA3\.venv\Lib\site-packages\pip\_vendor\distlib\util.py
2025-08-14 21:09:00,572 - DEBUG - Updated collections imports in \d\AI\DIA3\.venv\Lib\site-packages\pip\_vendor\msgpack\ext.py
2025-08-14 21:09:00,581 - DEBUG - Updated collections imports in \d\AI\DIA3\.venv\Lib\site-packages\pip\_vendor\requests\compat.py
2025-08-14 21:09:00,583 - DEBUG - Updated collections imports in \d\AI\DIA3\.venv\Lib\site-packages\pip\_vendor\requests\sessions.py
2025-08-14 21:09:00,585 - DEBUG - Updated collections imports in \d\AI\DIA3\.venv\Lib\site-packages\pip\_vendor\requests\structures.py
2025-08-14 21:09:00,586 - DEBUG - Updated collections imports in \d\AI\DIA3\.venv\Lib\site-packages\pip\_vendor\requests\utils.py
2025-08-14 21:09:00,588 - DEBUG - Updated collections imports in \d\AI\DIA3\.venv\Lib\site-packages\pip\_vendor\resolvelib\structs.py
2025-08-14 21:09:00,591 - DEBUG - Updated collections imports in \d\AI\DIA3\.venv\Lib\site-packages\pip\_vendor\rich\columns.py
2025-08-14 21:09:00,595 - DEBUG - Updated collections imports in \d\AI\DIA3\.venv\Lib\site-packages\pip\_vendor\rich\pretty.py
2025-08-14 21:09:00,597 - DEBUG - Updated collections imports in \d\AI\DIA3\.venv\Lib\site-packages\pip\_vendor\rich\progress.py
2025-08-14 21:09:00,609 - DEBUG - Updated collections imports in \d\AI\DIA3\.venv\Lib\site-packages\pip\_vendor\urllib3\_collections.py
2025-08-14 21:09:00,612 - DEBUG - Updated collections imports in \d\AI\DIA3\.venv\Lib\site-packages\pip\_vendor\urllib3\util\retry.py
2025-08-14 21:09:00,613 - DEBUG - Updated collections imports in \d\AI\DIA3\.venv\Lib\site-packages\pip\_vendor\urllib3\util\url.py
2025-08-14 21:09:00,623 - DEBUG - Updated collections imports in \d\AI\DIA3\.venv\Lib\site-packages\pip\_internal\commands\search.py
2025-08-14 21:09:00,625 - DEBUG - Updated collections imports in \d\AI\DIA3\.venv\Lib\site-packages\pip\_internal\commands\__init__.py
2025-08-14 21:09:00,627 - DEBUG - Updated collections imports in \d\AI\DIA3\.venv\Lib\site-packages\pip\_internal\index\sources.py
2025-08-14 21:09:00,633 - DEBUG - Updated collections imports in \d\AI\DIA3\.venv\Lib\site-packages\pip\_internal\req\req_set.py
2025-08-14 21:09:00,639 - DEBUG - Updated collections imports in \d\AI\DIA3\.venv\Lib\site-packages\pip\_internal\resolution\legacy\resolver.py
2025-08-14 21:09:00,641 - DEBUG - Updated collections imports in \d\AI\DIA3\.venv\Lib\site-packages\pip\_internal\resolution\resolvelib\reporter.py
2025-08-14 21:09:00,647 - DEBUG - Updated collections imports in \d\AI\DIA3\.venv\Lib\site-packages\pandas\core\apply.py
2025-08-14 21:09:00,648 - DEBUG - Updated collections imports in \d\AI\DIA3\.venv\Lib\site-packages\pandas\core\common.py
2025-08-14 21:09:00,654 - DEBUG - Updated collections imports in \d\AI\DIA3\.venv\Lib\site-packages\pandas\core\frame.py
2025-08-14 21:09:00,661 - DEBUG - Updated collections imports in \d\AI\DIA3\.venv\Lib\site-packages\pandas\core\series.py
2025-08-14 21:09:00,663 - DEBUG - Updated collections imports in \d\AI\DIA3\.venv\Lib\site-packages\pandas\core\sorting.py
2025-08-14 21:09:00,665 - DEBUG - Updated collections imports in \d\AI\DIA3\.venv\Lib\site-packages\pandas\io\common.py
2025-08-14 21:09:00,667 - DEBUG - Updated collections imports in \d\AI\DIA3\.venv\Lib\site-packages\pandas\io\html.py
2025-08-14 21:09:00,670 - DEBUG - Updated collections imports in \d\AI\DIA3\.venv\Lib\site-packages\pandas\io\stata.py
2025-08-14 21:09:00,675 - DEBUG - Updated collections imports in \d\AI\DIA3\.venv\Lib\site-packages\pandas\tests\test_sorting.py
2025-08-14 21:09:00,684 - DEBUG - Updated collections imports in \d\AI\DIA3\.venv\Lib\site-packages\pandas\tests\arithmetic\test_numeric.py
2025-08-14 21:09:00,695 - DEBUG - Updated collections imports in \d\AI\DIA3\.venv\Lib\site-packages\pandas\tests\dtypes\test_inference.py
2025-08-14 21:09:00,702 - DEBUG - Updated collections imports in \d\AI\DIA3\.venv\Lib\site-packages\pandas\tests\frame\test_arithmetic.py
2025-08-14 21:09:00,703 - DEBUG - Updated collections imports in \d\AI\DIA3\.venv\Lib\site-packages\pandas\tests\frame\test_constructors.py
2025-08-14 21:09:00,715 - DEBUG - Updated collections imports in \d\AI\DIA3\.venv\Lib\site-packages\pandas\tests\indexes\test_base.py
2025-08-14 21:09:00,721 - DEBUG - Updated collections imports in \d\AI\DIA3\.venv\Lib\site-packages\pandas\tests\indexing\test_loc.py
2025-08-14 21:09:00,733 - DEBUG - Updated collections imports in \d\AI\DIA3\.venv\Lib\site-packages\pandas\tests\series\test_constructors.py
2025-08-14 21:09:00,735 - DEBUG - Updated collections imports in \d\AI\DIA3\.venv\Lib\site-packages\pandas\tests\series\test_ufunc.py
2025-08-14 21:09:00,738 - DEBUG - Updated collections imports in \d\AI\DIA3\.venv\Lib\site-packages\pandas\tests\tools\test_to_datetime.py
2025-08-14 21:09:00,760 - DEBUG - Updated collections imports in \d\AI\DIA3\.venv\Lib\site-packages\pandas\tests\series\methods\test_map.py
2025-08-14 21:09:00,773 - DEBUG - Updated collections imports in \d\AI\DIA3\.venv\Lib\site-packages\pandas\tests\reshape\concat\test_concat.py
2025-08-14 21:09:00,782 - DEBUG - Updated collections imports in \d\AI\DIA3\.venv\Lib\site-packages\pandas\tests\io\json\test_json_table_schema.py
2025-08-14 21:09:00,783 - DEBUG - Updated collections imports in \d\AI\DIA3\.venv\Lib\site-packages\pandas\tests\io\json\test_json_table_schema_ext_dtype.py
2025-08-14 21:09:00,786 - DEBUG - Updated collections imports in \d\AI\DIA3\.venv\Lib\site-packages\pandas\tests\io\parser\test_header.py
2025-08-14 21:09:00,795 - DEBUG - Updated collections imports in \d\AI\DIA3\.venv\Lib\site-packages\pandas\tests\io\parser\dtypes\test_dtypes_basic.py
2025-08-14 21:09:00,821 - DEBUG - Updated collections imports in \d\AI\DIA3\.venv\Lib\site-packages\pandas\tests\frame\constructors\test_from_dict.py
2025-08-14 21:09:00,823 - DEBUG - Updated collections imports in \d\AI\DIA3\.venv\Lib\site-packages\pandas\tests\frame\indexing\test_indexing.py
2025-08-14 21:09:00,831 - DEBUG - Updated collections imports in \d\AI\DIA3\.venv\Lib\site-packages\pandas\tests\frame\methods\test_rename.py
2025-08-14 21:09:00,834 - DEBUG - Updated collections imports in \d\AI\DIA3\.venv\Lib\site-packages\pandas\tests\frame\methods\test_to_dict.py
2025-08-14 21:09:00,835 - DEBUG - Updated collections imports in \d\AI\DIA3\.venv\Lib\site-packages\pandas\tests\frame\methods\test_to_records.py
2025-08-14 21:09:00,841 - DEBUG - Updated collections imports in \d\AI\DIA3\.venv\Lib\site-packages\pandas\tests\extension\json\array.py
2025-08-14 21:09:00,856 - DEBUG - Updated collections imports in \d\AI\DIA3\.venv\Lib\site-packages\pandas\io\excel\_odswriter.py
2025-08-14 21:09:00,860 - DEBUG - Updated collections imports in \d\AI\DIA3\.venv\Lib\site-packages\pandas\io\formats\style_render.py
2025-08-14 21:09:00,861 - DEBUG - Updated collections imports in \d\AI\DIA3\.venv\Lib\site-packages\pandas\io\json\_json.py
2025-08-14 21:09:00,862 - DEBUG - Updated collections imports in \d\AI\DIA3\.venv\Lib\site-packages\pandas\io\json\_normalize.py
2025-08-14 21:09:00,863 - DEBUG - Updated collections imports in \d\AI\DIA3\.venv\Lib\site-packages\pandas\io\parsers\base_parser.py
2025-08-14 21:09:00,863 - DEBUG - Updated collections imports in \d\AI\DIA3\.venv\Lib\site-packages\pandas\io\parsers\c_parser_wrapper.py
2025-08-14 21:09:00,864 - DEBUG - Updated collections imports in \d\AI\DIA3\.venv\Lib\site-packages\pandas\io\parsers\python_parser.py
2025-08-14 21:09:00,866 - DEBUG - Updated collections imports in \d\AI\DIA3\.venv\Lib\site-packages\pandas\io\parsers\readers.py
2025-08-14 21:09:00,866 - DEBUG - Updated collections imports in \d\AI\DIA3\.venv\Lib\site-packages\pandas\io\sas\sas7bdat.py
2025-08-14 21:09:00,868 - DEBUG - Updated collections imports in \d\AI\DIA3\.venv\Lib\site-packages\pandas\io\sas\sas_xport.py
2025-08-14 21:09:00,875 - DEBUG - Updated collections imports in \d\AI\DIA3\.venv\Lib\site-packages\pandas\core\computation\scope.py
2025-08-14 21:09:00,877 - DEBUG - Updated collections imports in \d\AI\DIA3\.venv\Lib\site-packages\pandas\core\dtypes\cast.py
2025-08-14 21:09:00,879 - DEBUG - Updated collections imports in \d\AI\DIA3\.venv\Lib\site-packages\pandas\core\dtypes\inference.py
2025-08-14 21:09:00,881 - DEBUG - Updated collections imports in \d\AI\DIA3\.venv\Lib\site-packages\pandas\core\groupby\generic.py
2025-08-14 21:09:00,888 - DEBUG - Updated collections imports in \d\AI\DIA3\.venv\Lib\site-packages\pandas\core\indexes\base.py
2025-08-14 21:09:00,893 - DEBUG - Updated collections imports in \d\AI\DIA3\.venv\Lib\site-packages\pandas\core\interchange\dataframe.py
2025-08-14 21:09:00,897 - DEBUG - Updated collections imports in \d\AI\DIA3\.venv\Lib\site-packages\pandas\core\internals\construction.py
2025-08-14 21:09:00,902 - DEBUG - Updated collections imports in \d\AI\DIA3\.venv\Lib\site-packages\pandas\core\reshape\concat.py
2025-08-14 21:09:00,904 - DEBUG - Updated collections imports in \d\AI\DIA3\.venv\Lib\site-packages\pandas\core\reshape\encoding.py
2025-08-14 21:09:00,908 - DEBUG - Updated collections imports in \d\AI\DIA3\.venv\Lib\site-packages\pandas\core\tools\datetimes.py
2025-08-14 21:09:00,911 - DEBUG - Updated collections imports in \d\AI\DIA3\.venv\Lib\site-packages\pandas\core\window\common.py
2025-08-14 21:09:00,916 - DEBUG - Updated collections imports in \d\AI\DIA3\.venv\Lib\site-packages\pandas\core\arrays\sparse\array.py
2025-08-14 21:09:00,942 - DEBUG - Updated collections imports in \d\AI\DIA3\.venv\Lib\site-packages\numpy\testing\print_coercion_tables.py
2025-08-14 21:09:00,948 - DEBUG - Updated collections imports in \d\AI\DIA3\.venv\Lib\site-packages\numpy\_core\records.py
2025-08-14 21:09:00,969 - DEBUG - Updated collections imports in \d\AI\DIA3\.venv\Lib\site-packages\numpy\_core\tests\test_umath.py
2025-08-14 21:09:00,972 - DEBUG - Updated collections imports in \d\AI\DIA3\.venv\Lib\site-packages\numpy\typing\tests\test_typing.py
2025-08-14 21:09:00,995 - DEBUG - Updated collections imports in \d\AI\DIA3\.venv\Lib\site-packages\numpy\f2py\tests\test_f2py2e.py
2025-08-14 21:09:01,001 - DEBUG - Updated collections imports in \d\AI\DIA3\.venv\Lib\site-packages\dateutil\tz\tz.py
2025-08-14 21:09:01,002 - DEBUG - Updated collections imports in \d\AI\DIA3\.venv\Lib\site-packages\dateutil\tz\_factories.py
2025-08-14 21:09:01,007 - DEBUG - Updated collections imports in \d\AI\DIA3\.venv\Lib\site-packages\anyio\streams\memory.py
2025-08-14 21:09:01,008 - DEBUG - Updated collections imports in \d\AI\DIA3\.venv\Lib\site-packages\anyio\_backends\_asyncio.py
2025-08-14 21:09:01,011 - DEBUG - Updated collections imports in \d\AI\DIA3\.venv\Lib\site-packages\anyio\_core\_synchronization.py
2025-08-14 21:09:01,012 - INFO - Updating importlib usage...
2025-08-14 21:09:03,771 - INFO - Updating type hints...
2025-08-14 21:09:03,899 - DEBUG - Updated type hints in \d\AI\DIA3\.venv\Lib\site-packages\typing_extensions.py
2025-08-14 21:09:03,900 - DEBUG - Updated type hints in \d\AI\DIA3\.venv\Lib\site-packages\annotated_types\__init__.py
2025-08-14 21:09:03,909 - DEBUG - Updated type hints in \d\AI\DIA3\.venv\Lib\site-packages\dotenv\main.py
2025-08-14 21:09:03,912 - DEBUG - Updated type hints in \d\AI\DIA3\.venv\Lib\site-packages\fastapi\applications.py
2025-08-14 21:09:03,914 - DEBUG - Updated type hints in \d\AI\DIA3\.venv\Lib\site-packages\fastapi\encoders.py
2025-08-14 21:09:03,915 - DEBUG - Updated type hints in \d\AI\DIA3\.venv\Lib\site-packages\fastapi\exceptions.py
2025-08-14 21:09:03,916 - DEBUG - Updated type hints in \d\AI\DIA3\.venv\Lib\site-packages\fastapi\params.py
2025-08-14 21:09:03,918 - DEBUG - Updated type hints in \d\AI\DIA3\.venv\Lib\site-packages\fastapi\param_functions.py
2025-08-14 21:09:03,920 - DEBUG - Updated type hints in \d\AI\DIA3\.venv\Lib\site-packages\fastapi\routing.py
2025-08-14 21:09:03,922 - DEBUG - Updated type hints in \d\AI\DIA3\.venv\Lib\site-packages\fastapi\types.py
2025-08-14 21:09:03,922 - DEBUG - Updated type hints in \d\AI\DIA3\.venv\Lib\site-packages\fastapi\utils.py
2025-08-14 21:09:03,924 - DEBUG - Updated type hints in \d\AI\DIA3\.venv\Lib\site-packages\fastapi\_compat.py
2025-08-14 21:09:03,926 - DEBUG - Updated type hints in \d\AI\DIA3\.venv\Lib\site-packages\h11\_connection.py
2025-08-14 21:09:03,928 - DEBUG - Updated type hints in \d\AI\DIA3\.venv\Lib\site-packages\h11\_events.py
2025-08-14 21:09:03,929 - DEBUG - Updated type hints in \d\AI\DIA3\.venv\Lib\site-packages\h11\_headers.py
2025-08-14 21:09:03,930 - DEBUG - Updated type hints in \d\AI\DIA3\.venv\Lib\site-packages\h11\_readers.py
2025-08-14 21:09:03,931 - DEBUG - Updated type hints in \d\AI\DIA3\.venv\Lib\site-packages\h11\_receivebuffer.py
2025-08-14 21:09:03,932 - DEBUG - Updated type hints in \d\AI\DIA3\.venv\Lib\site-packages\h11\_state.py
2025-08-14 21:09:03,934 - DEBUG - Updated type hints in \d\AI\DIA3\.venv\Lib\site-packages\h11\_util.py
2025-08-14 21:09:03,935 - DEBUG - Updated type hints in \d\AI\DIA3\.venv\Lib\site-packages\h11\_writers.py
2025-08-14 21:09:03,936 - DEBUG - Updated type hints in \d\AI\DIA3\.venv\Lib\site-packages\idna\compat.py
2025-08-14 21:09:03,938 - DEBUG - Updated type hints in \d\AI\DIA3\.venv\Lib\site-packages\idna\core.py
2025-08-14 21:09:03,945 - DEBUG - Updated type hints in \d\AI\DIA3\.venv\Lib\site-packages\idna\uts46data.py
2025-08-14 21:09:03,950 - DEBUG - Updated type hints in \d\AI\DIA3\.venv\Lib\site-packages\pandas\conftest.py
2025-08-14 21:09:03,952 - DEBUG - Updated type hints in \d\AI\DIA3\.venv\Lib\site-packages\pandas\_typing.py
2025-08-14 21:09:03,954 - DEBUG - Updated type hints in \d\AI\DIA3\.venv\Lib\site-packages\pydantic\annotated_handlers.py
2025-08-14 21:09:03,955 - DEBUG - Updated type hints in \d\AI\DIA3\.venv\Lib\site-packages\pydantic\color.py
2025-08-14 21:09:03,957 - DEBUG - Updated type hints in \d\AI\DIA3\.venv\Lib\site-packages\pydantic\config.py
2025-08-14 21:09:03,959 - DEBUG - Updated type hints in \d\AI\DIA3\.venv\Lib\site-packages\pydantic\functional_validators.py
2025-08-14 21:09:03,962 - DEBUG - Updated type hints in \d\AI\DIA3\.venv\Lib\site-packages\pydantic\json_schema.py
2025-08-14 21:09:03,964 - DEBUG - Updated type hints in \d\AI\DIA3\.venv\Lib\site-packages\pydantic\main.py
2025-08-14 21:09:03,967 - DEBUG - Updated type hints in \d\AI\DIA3\.venv\Lib\site-packages\pydantic\types.py
2025-08-14 21:09:03,968 - DEBUG - Updated type hints in \d\AI\DIA3\.venv\Lib\site-packages\pydantic\type_adapter.py
2025-08-14 21:09:03,972 - DEBUG - Updated type hints in \d\AI\DIA3\.venv\Lib\site-packages\pydantic_core\core_schema.py
2025-08-14 21:09:03,979 - DEBUG - Updated type hints in \d\AI\DIA3\.venv\Lib\site-packages\starlette\datastructures.py
2025-08-14 21:09:03,980 - DEBUG - Updated type hints in \d\AI\DIA3\.venv\Lib\site-packages\starlette\responses.py
2025-08-14 21:09:03,985 - DEBUG - Updated type hints in \d\AI\DIA3\.venv\Lib\site-packages\starlette\staticfiles.py
2025-08-14 21:09:03,987 - DEBUG - Updated type hints in \d\AI\DIA3\.venv\Lib\site-packages\starlette\testclient.py
2025-08-14 21:09:03,988 - DEBUG - Updated type hints in \d\AI\DIA3\.venv\Lib\site-packages\starlette\types.py
2025-08-14 21:09:03,990 - DEBUG - Updated type hints in \d\AI\DIA3\.venv\Lib\site-packages\typing_inspection\introspection.py
2025-08-14 21:09:03,991 - DEBUG - Updated type hints in \d\AI\DIA3\.venv\Lib\site-packages\typing_inspection\typing_objects.py
2025-08-14 21:09:03,993 - DEBUG - Updated type hints in \d\AI\DIA3\.venv\Lib\site-packages\urllib3\connectionpool.py
2025-08-14 21:09:03,995 - DEBUG - Updated type hints in \d\AI\DIA3\.venv\Lib\site-packages\urllib3\fields.py
2025-08-14 21:09:03,996 - DEBUG - Updated type hints in \d\AI\DIA3\.venv\Lib\site-packages\urllib3\filepost.py
2025-08-14 21:09:03,998 - DEBUG - Updated type hints in \d\AI\DIA3\.venv\Lib\site-packages\urllib3\_base_connection.py
2025-08-14 21:09:04,000 - DEBUG - Updated type hints in \d\AI\DIA3\.venv\Lib\site-packages\urllib3\_collections.py
2025-08-14 21:09:04,001 - DEBUG - Updated type hints in \d\AI\DIA3\.venv\Lib\site-packages\urllib3\_request_methods.py
2025-08-14 21:09:04,002 - DEBUG - Updated type hints in \d\AI\DIA3\.venv\Lib\site-packages\urllib3\_version.py
2025-08-14 21:09:04,005 - DEBUG - Updated type hints in \d\AI\DIA3\.venv\Lib\site-packages\uvicorn\server.py
2025-08-14 21:09:04,006 - DEBUG - Updated type hints in \d\AI\DIA3\.venv\Lib\site-packages\uvicorn\_types.py
2025-08-14 21:09:04,007 - DEBUG - Updated type hints in \d\AI\DIA3\.venv\Lib\site-packages\uvicorn\lifespan\on.py
2025-08-14 21:09:04,014 - DEBUG - Updated type hints in \d\AI\DIA3\.venv\Lib\site-packages\urllib3\util\connection.py
2025-08-14 21:09:04,015 - DEBUG - Updated type hints in \d\AI\DIA3\.venv\Lib\site-packages\urllib3\util\request.py
2025-08-14 21:09:04,017 - DEBUG - Updated type hints in \d\AI\DIA3\.venv\Lib\site-packages\urllib3\util\ssltransport.py
2025-08-14 21:09:04,018 - DEBUG - Updated type hints in \d\AI\DIA3\.venv\Lib\site-packages\urllib3\util\ssl_.py
2025-08-14 21:09:04,019 - DEBUG - Updated type hints in \d\AI\DIA3\.venv\Lib\site-packages\urllib3\util\timeout.py
2025-08-14 21:09:04,024 - DEBUG - Updated type hints in \d\AI\DIA3\.venv\Lib\site-packages\starlette\middleware\base.py
2025-08-14 21:09:04,027 - DEBUG - Updated type hints in \d\AI\DIA3\.venv\Lib\site-packages\pydantic\deprecated\class_validators.py
2025-08-14 21:09:04,030 - DEBUG - Updated type hints in \d\AI\DIA3\.venv\Lib\site-packages\pydantic\deprecated\decorator.py
2025-08-14 21:09:04,031 - DEBUG - Updated type hints in \d\AI\DIA3\.venv\Lib\site-packages\pydantic\deprecated\json.py
2025-08-14 21:09:04,033 - DEBUG - Updated type hints in \d\AI\DIA3\.venv\Lib\site-packages\pydantic\deprecated\tools.py
2025-08-14 21:09:04,034 - DEBUG - Updated type hints in \d\AI\DIA3\.venv\Lib\site-packages\pydantic\experimental\pipeline.py
2025-08-14 21:09:04,037 - DEBUG - Updated type hints in \d\AI\DIA3\.venv\Lib\site-packages\pydantic\v1\class_validators.py
2025-08-14 21:09:04,038 - DEBUG - Updated type hints in \d\AI\DIA3\.venv\Lib\site-packages\pydantic\v1\color.py
2025-08-14 21:09:04,040 - DEBUG - Updated type hints in \d\AI\DIA3\.venv\Lib\site-packages\pydantic\v1\config.py
2025-08-14 21:09:04,041 - DEBUG - Updated type hints in \d\AI\DIA3\.venv\Lib\site-packages\pydantic\v1\dataclasses.py
2025-08-14 21:09:04,042 - DEBUG - Updated type hints in \d\AI\DIA3\.venv\Lib\site-packages\pydantic\v1\datetime_parse.py
2025-08-14 21:09:04,043 - DEBUG - Updated type hints in \d\AI\DIA3\.venv\Lib\site-packages\pydantic\v1\decorator.py
2025-08-14 21:09:04,045 - DEBUG - Updated type hints in \d\AI\DIA3\.venv\Lib\site-packages\pydantic\v1\env_settings.py
2025-08-14 21:09:04,046 - DEBUG - Updated type hints in \d\AI\DIA3\.venv\Lib\site-packages\pydantic\v1\errors.py
2025-08-14 21:09:04,048 - DEBUG - Updated type hints in \d\AI\DIA3\.venv\Lib\site-packages\pydantic\v1\error_wrappers.py
2025-08-14 21:09:04,050 - DEBUG - Updated type hints in \d\AI\DIA3\.venv\Lib\site-packages\pydantic\v1\fields.py
2025-08-14 21:09:04,051 - DEBUG - Updated type hints in \d\AI\DIA3\.venv\Lib\site-packages\pydantic\v1\generics.py
2025-08-14 21:09:04,053 - DEBUG - Updated type hints in \d\AI\DIA3\.venv\Lib\site-packages\pydantic\v1\json.py
2025-08-14 21:09:04,054 - DEBUG - Updated type hints in \d\AI\DIA3\.venv\Lib\site-packages\pydantic\v1\main.py
2025-08-14 21:09:04,056 - DEBUG - Updated type hints in \d\AI\DIA3\.venv\Lib\site-packages\pydantic\v1\mypy.py
2025-08-14 21:09:04,057 - DEBUG - Updated type hints in \d\AI\DIA3\.venv\Lib\site-packages\pydantic\v1\networks.py
2025-08-14 21:09:04,058 - DEBUG - Updated type hints in \d\AI\DIA3\.venv\Lib\site-packages\pydantic\v1\parse.py
2025-08-14 21:09:04,060 - DEBUG - Updated type hints in \d\AI\DIA3\.venv\Lib\site-packages\pydantic\v1\schema.py
2025-08-14 21:09:04,062 - DEBUG - Updated type hints in \d\AI\DIA3\.venv\Lib\site-packages\pydantic\v1\tools.py
2025-08-14 21:09:04,064 - DEBUG - Updated type hints in \d\AI\DIA3\.venv\Lib\site-packages\pydantic\v1\types.py
2025-08-14 21:09:04,065 - DEBUG - Updated type hints in \d\AI\DIA3\.venv\Lib\site-packages\pydantic\v1\typing.py
2025-08-14 21:09:04,067 - DEBUG - Updated type hints in \d\AI\DIA3\.venv\Lib\site-packages\pydantic\v1\utils.py
2025-08-14 21:09:04,068 - DEBUG - Updated type hints in \d\AI\DIA3\.venv\Lib\site-packages\pydantic\v1\validators.py
2025-08-14 21:09:04,069 - DEBUG - Updated type hints in \d\AI\DIA3\.venv\Lib\site-packages\pydantic\v1\_hypothesis_plugin.py
2025-08-14 21:09:04,071 - DEBUG - Updated type hints in \d\AI\DIA3\.venv\Lib\site-packages\pydantic\_internal\_core_utils.py
2025-08-14 21:09:04,073 - DEBUG - Updated type hints in \d\AI\DIA3\.venv\Lib\site-packages\pydantic\_internal\_decorators.py
2025-08-14 21:09:04,074 - DEBUG - Updated type hints in \d\AI\DIA3\.venv\Lib\site-packages\pydantic\_internal\_decorators_v1.py
2025-08-14 21:09:04,075 - DEBUG - Updated type hints in \d\AI\DIA3\.venv\Lib\site-packages\pydantic\_internal\_discriminated_union.py
2025-08-14 21:09:04,077 - DEBUG - Updated type hints in \d\AI\DIA3\.venv\Lib\site-packages\pydantic\_internal\_forward_ref.py
2025-08-14 21:09:04,079 - DEBUG - Updated type hints in \d\AI\DIA3\.venv\Lib\site-packages\pydantic\_internal\_generate_schema.py
2025-08-14 21:09:04,081 - DEBUG - Updated type hints in \d\AI\DIA3\.venv\Lib\site-packages\pydantic\_internal\_generics.py
2025-08-14 21:09:04,082 - DEBUG - Updated type hints in \d\AI\DIA3\.venv\Lib\site-packages\pydantic\_internal\_mock_val_ser.py
2025-08-14 21:09:04,083 - DEBUG - Updated type hints in \d\AI\DIA3\.venv\Lib\site-packages\pydantic\_internal\_repr.py
2025-08-14 21:09:04,085 - DEBUG - Updated type hints in \d\AI\DIA3\.venv\Lib\site-packages\pydantic\_internal\_typing_extra.py
2025-08-14 21:09:04,086 - DEBUG - Updated type hints in \d\AI\DIA3\.venv\Lib\site-packages\pydantic\_internal\_validators.py
2025-08-14 21:09:04,092 - DEBUG - Updated type hints in \d\AI\DIA3\.venv\Lib\site-packages\pip\_vendor\idna\compat.py
2025-08-14 21:09:04,093 - DEBUG - Updated type hints in \d\AI\DIA3\.venv\Lib\site-packages\pip\_vendor\idna\core.py
2025-08-14 21:09:04,100 - DEBUG - Updated type hints in \d\AI\DIA3\.venv\Lib\site-packages\pip\_vendor\idna\uts46data.py
2025-08-14 21:09:04,103 - DEBUG - Updated type hints in \d\AI\DIA3\.venv\Lib\site-packages\pip\_vendor\packaging\markers.py
2025-08-14 21:09:04,105 - DEBUG - Updated type hints in \d\AI\DIA3\.venv\Lib\site-packages\pip\_vendor\packaging\specifiers.py
2025-08-14 21:09:04,106 - DEBUG - Updated type hints in \d\AI\DIA3\.venv\Lib\site-packages\pip\_vendor\packaging\utils.py
2025-08-14 21:09:04,108 - DEBUG - Updated type hints in \d\AI\DIA3\.venv\Lib\site-packages\pip\_vendor\packaging\version.py
2025-08-14 21:09:04,110 - DEBUG - Updated type hints in \d\AI\DIA3\.venv\Lib\site-packages\pip\_vendor\packaging\_parser.py
2025-08-14 21:09:04,113 - DEBUG - Updated type hints in \d\AI\DIA3\.venv\Lib\site-packages\pip\_vendor\pkg_resources\__init__.py
2025-08-14 21:09:04,115 - DEBUG - Updated type hints in \d\AI\DIA3\.venv\Lib\site-packages\pip\_vendor\platformdirs\version.py
2025-08-14 21:09:04,122 - DEBUG - Updated type hints in \d\AI\DIA3\.venv\Lib\site-packages\pip\_vendor\resolvelib\structs.py
2025-08-14 21:09:04,124 - DEBUG - Updated type hints in \d\AI\DIA3\.venv\Lib\site-packages\pip\_vendor\rich\bar.py
2025-08-14 21:09:04,127 - DEBUG - Updated type hints in \d\AI\DIA3\.venv\Lib\site-packages\pip\_vendor\rich\console.py
2025-08-14 21:09:04,129 - DEBUG - Updated type hints in \d\AI\DIA3\.venv\Lib\site-packages\pip\_vendor\rich\containers.py
2025-08-14 21:09:04,130 - DEBUG - Updated type hints in \d\AI\DIA3\.venv\Lib\site-packages\pip\_vendor\rich\control.py
2025-08-14 21:09:04,131 - DEBUG - Updated type hints in \d\AI\DIA3\.venv\Lib\site-packages\pip\_vendor\rich\emoji.py
2025-08-14 21:09:04,133 - DEBUG - Updated type hints in \d\AI\DIA3\.venv\Lib\site-packages\pip\_vendor\rich\highlighter.py
2025-08-14 21:09:04,134 - DEBUG - Updated type hints in \d\AI\DIA3\.venv\Lib\site-packages\pip\_vendor\rich\json.py
2025-08-14 21:09:04,136 - DEBUG - Updated type hints in \d\AI\DIA3\.venv\Lib\site-packages\pip\_vendor\rich\layout.py
2025-08-14 21:09:04,137 - DEBUG - Updated type hints in \d\AI\DIA3\.venv\Lib\site-packages\pip\_vendor\rich\logging.py
2025-08-14 21:09:04,138 - DEBUG - Updated type hints in \d\AI\DIA3\.venv\Lib\site-packages\pip\_vendor\rich\markup.py
2025-08-14 21:09:04,139 - DEBUG - Updated type hints in \d\AI\DIA3\.venv\Lib\site-packages\pip\_vendor\rich\padding.py
2025-08-14 21:09:04,140 - DEBUG - Updated type hints in \d\AI\DIA3\.venv\Lib\site-packages\pip\_vendor\rich\pretty.py
2025-08-14 21:09:04,142 - DEBUG - Updated type hints in \d\AI\DIA3\.venv\Lib\site-packages\pip\_vendor\rich\progress.py
2025-08-14 21:09:04,143 - DEBUG - Updated type hints in \d\AI\DIA3\.venv\Lib\site-packages\pip\_vendor\rich\prompt.py
2025-08-14 21:09:04,145 - DEBUG - Updated type hints in \d\AI\DIA3\.venv\Lib\site-packages\pip\_vendor\rich\repr.py
2025-08-14 21:09:04,146 - DEBUG - Updated type hints in \d\AI\DIA3\.venv\Lib\site-packages\pip\_vendor\rich\rule.py
2025-08-14 21:09:04,147 - DEBUG - Updated type hints in \d\AI\DIA3\.venv\Lib\site-packages\pip\_vendor\rich\segment.py
2025-08-14 21:09:04,148 - DEBUG - Updated type hints in \d\AI\DIA3\.venv\Lib\site-packages\pip\_vendor\rich\spinner.py
2025-08-14 21:09:04,149 - DEBUG - Updated type hints in \d\AI\DIA3\.venv\Lib\site-packages\pip\_vendor\rich\style.py
2025-08-14 21:09:04,151 - DEBUG - Updated type hints in \d\AI\DIA3\.venv\Lib\site-packages\pip\_vendor\rich\syntax.py
2025-08-14 21:09:04,151 - DEBUG - Updated type hints in \d\AI\DIA3\.venv\Lib\site-packages\pip\_vendor\rich\table.py
2025-08-14 21:09:04,153 - DEBUG - Updated type hints in \d\AI\DIA3\.venv\Lib\site-packages\pip\_vendor\rich\text.py
2025-08-14 21:09:04,155 - DEBUG - Updated type hints in \d\AI\DIA3\.venv\Lib\site-packages\pip\_vendor\rich\traceback.py
2025-08-14 21:09:04,158 - DEBUG - Updated type hints in \d\AI\DIA3\.venv\Lib\site-packages\pip\_vendor\rich\_inspect.py
2025-08-14 21:09:04,159 - DEBUG - Updated type hints in \d\AI\DIA3\.venv\Lib\site-packages\pip\_vendor\rich\_log_render.py
2025-08-14 21:09:04,162 - DEBUG - Updated type hints in \d\AI\DIA3\.venv\Lib\site-packages\pip\_vendor\rich\__init__.py
2025-08-14 21:09:04,164 - DEBUG - Updated type hints in \d\AI\DIA3\.venv\Lib\site-packages\pip\_vendor\truststore\_api.py
2025-08-14 21:09:04,180 - DEBUG - Updated type hints in \d\AI\DIA3\.venv\Lib\site-packages\pip\_internal\index\package_finder.py
2025-08-14 21:09:04,182 - DEBUG - Updated type hints in \d\AI\DIA3\.venv\Lib\site-packages\pip\_internal\metadata\base.py
2025-08-14 21:09:04,184 - DEBUG - Updated type hints in \d\AI\DIA3\.venv\Lib\site-packages\pip\_internal\models\direct_url.py
2025-08-14 21:09:04,187 - DEBUG - Updated type hints in \d\AI\DIA3\.venv\Lib\site-packages\pip\_internal\network\session.py
2025-08-14 21:09:04,192 - DEBUG - Updated type hints in \d\AI\DIA3\.venv\Lib\site-packages\pip\_internal\utils\subprocess.py
2025-08-14 21:09:04,195 - DEBUG - Updated type hints in \d\AI\DIA3\.venv\Lib\site-packages\pip\_internal\resolution\resolvelib\candidates.py
2025-08-14 21:09:04,198 - DEBUG - Updated type hints in \d\AI\DIA3\.venv\Lib\site-packages\pip\_internal\operations\install\wheel.py
2025-08-14 21:09:04,201 - DEBUG - Updated type hints in \d\AI\DIA3\.venv\Lib\site-packages\pandas\core\algorithms.py
2025-08-14 21:09:04,203 - DEBUG - Updated type hints in \d\AI\DIA3\.venv\Lib\site-packages\pandas\core\apply.py
2025-08-14 21:09:04,207 - DEBUG - Updated type hints in \d\AI\DIA3\.venv\Lib\site-packages\pandas\core\base.py
2025-08-14 21:09:04,208 - DEBUG - Updated type hints in \d\AI\DIA3\.venv\Lib\site-packages\pandas\core\construction.py
2025-08-14 21:09:04,214 - DEBUG - Updated type hints in \d\AI\DIA3\.venv\Lib\site-packages\pandas\core\frame.py
2025-08-14 21:09:04,220 - DEBUG - Updated type hints in \d\AI\DIA3\.venv\Lib\site-packages\pandas\core\generic.py
2025-08-14 21:09:04,222 - DEBUG - Updated type hints in \d\AI\DIA3\.venv\Lib\site-packages\pandas\core\missing.py
2025-08-14 21:09:04,223 - DEBUG - Updated type hints in \d\AI\DIA3\.venv\Lib\site-packages\pandas\core\nanops.py
2025-08-14 21:09:04,224 - DEBUG - Updated type hints in \d\AI\DIA3\.venv\Lib\site-packages\pandas\core\resample.py
2025-08-14 21:09:04,228 - DEBUG - Updated type hints in \d\AI\DIA3\.venv\Lib\site-packages\pandas\core\series.py
2025-08-14 21:09:04,229 - DEBUG - Updated type hints in \d\AI\DIA3\.venv\Lib\site-packages\pandas\core\sorting.py
2025-08-14 21:09:04,231 - DEBUG - Updated type hints in \d\AI\DIA3\.venv\Lib\site-packages\pandas\io\common.py
2025-08-14 21:09:04,234 - DEBUG - Updated type hints in \d\AI\DIA3\.venv\Lib\site-packages\pandas\io\pytables.py
2025-08-14 21:09:04,237 - DEBUG - Updated type hints in \d\AI\DIA3\.venv\Lib\site-packages\pandas\io\sql.py
2025-08-14 21:09:04,246 - DEBUG - Updated type hints in \d\AI\DIA3\.venv\Lib\site-packages\pandas\tseries\frequencies.py
2025-08-14 21:09:04,248 - DEBUG - Updated type hints in \d\AI\DIA3\.venv\Lib\site-packages\pandas\tseries\holiday.py
2025-08-14 21:09:04,254 - DEBUG - Updated type hints in \d\AI\DIA3\.venv\Lib\site-packages\pandas\util\version\__init__.py
2025-08-14 21:09:04,268 - DEBUG - Updated type hints in \d\AI\DIA3\.venv\Lib\site-packages\pandas\tests\extension\test_masked.py
2025-08-14 21:09:04,396 - DEBUG - Updated type hints in \d\AI\DIA3\.venv\Lib\site-packages\pandas\plotting\_matplotlib\core.py
2025-08-14 21:09:04,397 - DEBUG - Updated type hints in \d\AI\DIA3\.venv\Lib\site-packages\pandas\plotting\_matplotlib\groupby.py
2025-08-14 21:09:04,398 - DEBUG - Updated type hints in \d\AI\DIA3\.venv\Lib\site-packages\pandas\io\excel\_base.py
2025-08-14 21:09:04,400 - DEBUG - Updated type hints in \d\AI\DIA3\.venv\Lib\site-packages\pandas\io\excel\_calamine.py
2025-08-14 21:09:04,401 - DEBUG - Updated type hints in \d\AI\DIA3\.venv\Lib\site-packages\pandas\io\excel\_odswriter.py
2025-08-14 21:09:04,403 - DEBUG - Updated type hints in \d\AI\DIA3\.venv\Lib\site-packages\pandas\io\formats\format.py
2025-08-14 21:09:04,404 - DEBUG - Updated type hints in \d\AI\DIA3\.venv\Lib\site-packages\pandas\io\formats\info.py
2025-08-14 21:09:04,405 - DEBUG - Updated type hints in \d\AI\DIA3\.venv\Lib\site-packages\pandas\io\formats\printing.py
2025-08-14 21:09:04,407 - DEBUG - Updated type hints in \d\AI\DIA3\.venv\Lib\site-packages\pandas\io\formats\style.py
2025-08-14 21:09:04,409 - DEBUG - Updated type hints in \d\AI\DIA3\.venv\Lib\site-packages\pandas\io\formats\style_render.py
2025-08-14 21:09:04,411 - DEBUG - Updated type hints in \d\AI\DIA3\.venv\Lib\site-packages\pandas\io\json\_json.py
2025-08-14 21:09:04,413 - DEBUG - Updated type hints in \d\AI\DIA3\.venv\Lib\site-packages\pandas\io\parsers\base_parser.py
2025-08-14 21:09:04,415 - DEBUG - Updated type hints in \d\AI\DIA3\.venv\Lib\site-packages\pandas\io\parsers\python_parser.py
2025-08-14 21:09:04,417 - DEBUG - Updated type hints in \d\AI\DIA3\.venv\Lib\site-packages\pandas\core\arrays\base.py
2025-08-14 21:09:04,418 - DEBUG - Updated type hints in \d\AI\DIA3\.venv\Lib\site-packages\pandas\core\arrays\categorical.py
2025-08-14 21:09:04,420 - DEBUG - Updated type hints in \d\AI\DIA3\.venv\Lib\site-packages\pandas\core\arrays\datetimelike.py
2025-08-14 21:09:04,422 - DEBUG - Updated type hints in \d\AI\DIA3\.venv\Lib\site-packages\pandas\core\arrays\datetimes.py
2025-08-14 21:09:04,423 - DEBUG - Updated type hints in \d\AI\DIA3\.venv\Lib\site-packages\pandas\core\arrays\interval.py
2025-08-14 21:09:04,425 - DEBUG - Updated type hints in \d\AI\DIA3\.venv\Lib\site-packages\pandas\core\arrays\masked.py
2025-08-14 21:09:04,426 - DEBUG - Updated type hints in \d\AI\DIA3\.venv\Lib\site-packages\pandas\core\arrays\numpy_.py
2025-08-14 21:09:04,427 - DEBUG - Updated type hints in \d\AI\DIA3\.venv\Lib\site-packages\pandas\core\arrays\period.py
2025-08-14 21:09:04,429 - DEBUG - Updated type hints in \d\AI\DIA3\.venv\Lib\site-packages\pandas\core\arrays\string_.py
2025-08-14 21:09:04,429 - DEBUG - Updated type hints in \d\AI\DIA3\.venv\Lib\site-packages\pandas\core\arrays\string_arrow.py
2025-08-14 21:09:04,431 - DEBUG - Updated type hints in \d\AI\DIA3\.venv\Lib\site-packages\pandas\core\arrays\_mixins.py
2025-08-14 21:09:04,432 - DEBUG - Updated type hints in \d\AI\DIA3\.venv\Lib\site-packages\pandas\core\array_algos\quantile.py
2025-08-14 21:09:04,436 - DEBUG - Updated type hints in \d\AI\DIA3\.venv\Lib\site-packages\pandas\core\dtypes\cast.py
2025-08-14 21:09:04,438 - DEBUG - Updated type hints in \d\AI\DIA3\.venv\Lib\site-packages\pandas\core\dtypes\common.py
2025-08-14 21:09:04,439 - DEBUG - Updated type hints in \d\AI\DIA3\.venv\Lib\site-packages\pandas\core\dtypes\concat.py
2025-08-14 21:09:04,441 - DEBUG - Updated type hints in \d\AI\DIA3\.venv\Lib\site-packages\pandas\core\dtypes\dtypes.py
2025-08-14 21:09:04,442 - DEBUG - Updated type hints in \d\AI\DIA3\.venv\Lib\site-packages\pandas\core\dtypes\missing.py
2025-08-14 21:09:04,444 - DEBUG - Updated type hints in \d\AI\DIA3\.venv\Lib\site-packages\pandas\core\groupby\generic.py
2025-08-14 21:09:04,446 - DEBUG - Updated type hints in \d\AI\DIA3\.venv\Lib\site-packages\pandas\core\groupby\groupby.py
2025-08-14 21:09:04,448 - DEBUG - Updated type hints in \d\AI\DIA3\.venv\Lib\site-packages\pandas\core\groupby\grouper.py
2025-08-14 21:09:04,452 - DEBUG - Updated type hints in \d\AI\DIA3\.venv\Lib\site-packages\pandas\core\indexes\base.py
2025-08-14 21:09:04,454 - DEBUG - Updated type hints in \d\AI\DIA3\.venv\Lib\site-packages\pandas\core\indexes\datetimelike.py
2025-08-14 21:09:04,456 - DEBUG - Updated type hints in \d\AI\DIA3\.venv\Lib\site-packages\pandas\core\indexes\interval.py
2025-08-14 21:09:04,458 - DEBUG - Updated type hints in \d\AI\DIA3\.venv\Lib\site-packages\pandas\core\indexes\multi.py
2025-08-14 21:09:04,460 - DEBUG - Updated type hints in \d\AI\DIA3\.venv\Lib\site-packages\pandas\core\indexes\range.py
2025-08-14 21:09:04,463 - DEBUG - Updated type hints in \d\AI\DIA3\.venv\Lib\site-packages\pandas\core\internals\api.py
2025-08-14 21:09:04,465 - DEBUG - Updated type hints in \d\AI\DIA3\.venv\Lib\site-packages\pandas\core\internals\array_manager.py
2025-08-14 21:09:04,468 - DEBUG - Updated type hints in \d\AI\DIA3\.venv\Lib\site-packages\pandas\core\internals\blocks.py
2025-08-14 21:09:04,469 - DEBUG - Updated type hints in \d\AI\DIA3\.venv\Lib\site-packages\pandas\core\internals\concat.py
2025-08-14 21:09:04,471 - DEBUG - Updated type hints in \d\AI\DIA3\.venv\Lib\site-packages\pandas\core\internals\managers.py
2025-08-14 21:09:04,473 - DEBUG - Updated type hints in \d\AI\DIA3\.venv\Lib\site-packages\pandas\core\internals\ops.py
2025-08-14 21:09:04,476 - DEBUG - Updated type hints in \d\AI\DIA3\.venv\Lib\site-packages\pandas\core\ops\array_ops.py
2025-08-14 21:09:04,479 - DEBUG - Updated type hints in \d\AI\DIA3\.venv\Lib\site-packages\pandas\core\reshape\concat.py
2025-08-14 21:09:04,482 - DEBUG - Updated type hints in \d\AI\DIA3\.venv\Lib\site-packages\pandas\core\reshape\merge.py
2025-08-14 21:09:04,483 - DEBUG - Updated type hints in \d\AI\DIA3\.venv\Lib\site-packages\pandas\core\reshape\pivot.py
2025-08-14 21:09:04,487 - DEBUG - Updated type hints in \d\AI\DIA3\.venv\Lib\site-packages\pandas\core\tools\datetimes.py
2025-08-14 21:09:04,489 - DEBUG - Updated type hints in \d\AI\DIA3\.venv\Lib\site-packages\pandas\core\tools\timedeltas.py
2025-08-14 21:09:04,491 - DEBUG - Updated type hints in \d\AI\DIA3\.venv\Lib\site-packages\pandas\core\window\ewm.py
2025-08-14 21:09:04,493 - DEBUG - Updated type hints in \d\AI\DIA3\.venv\Lib\site-packages\pandas\core\window\rolling.py
2025-08-14 21:09:04,499 - DEBUG - Updated type hints in \d\AI\DIA3\.venv\Lib\site-packages\pandas\core\arrays\sparse\array.py
2025-08-14 21:09:04,501 - DEBUG - Updated type hints in \d\AI\DIA3\.venv\Lib\site-packages\pandas\compat\numpy\function.py
2025-08-14 21:09:04,529 - DEBUG - Updated type hints in \d\AI\DIA3\.venv\Lib\site-packages\numpy\_typing\_add_docstring.py
2025-08-14 21:09:04,594 - DEBUG - Updated type hints in \d\AI\DIA3\.venv\Lib\site-packages\fastapi\dependencies\utils.py
2025-08-14 21:09:04,596 - DEBUG - Updated type hints in \d\AI\DIA3\.venv\Lib\site-packages\fastapi\openapi\models.py
2025-08-14 21:09:04,598 - DEBUG - Updated type hints in \d\AI\DIA3\.venv\Lib\site-packages\fastapi\openapi\utils.py
2025-08-14 21:09:04,599 - DEBUG - Updated type hints in \d\AI\DIA3\.venv\Lib\site-packages\fastapi\security\oauth2.py
2025-08-14 21:09:04,604 - DEBUG - Updated type hints in \d\AI\DIA3\.venv\Lib\site-packages\anyio\abc\_eventloop.py
2025-08-14 21:09:04,605 - DEBUG - Updated type hints in \d\AI\DIA3\.venv\Lib\site-packages\anyio\abc\_sockets.py
2025-08-14 21:09:04,606 - DEBUG - Updated type hints in \d\AI\DIA3\.venv\Lib\site-packages\anyio\abc\_streams.py
2025-08-14 21:09:04,612 - DEBUG - Updated type hints in \d\AI\DIA3\.venv\Lib\site-packages\anyio\_core\_subprocesses.py
2025-08-14 21:09:04,615 - INFO - Updating configuration files...
2025-08-14 21:09:04,616 - INFO - Phase 2: Code Migration completed successfully!
2025-08-14 21:09:04,616 - INFO - 
==================================================
2025-08-14 21:09:04,616 - INFO - Starting Phase 3: Environment Setup
2025-08-14 21:09:04,616 - INFO - ==================================================
2025-08-14 21:09:04,617 - INFO - === PHASE 3: DIA3 Environment Setup ===
2025-08-14 21:09:04,617 - DEBUG - Running command: python3.13 --version
2025-08-14 21:09:04,624 - ERROR - Command failed: python3.13 --version - [WinError 2] The system cannot find the file specified
2025-08-14 21:09:04,624 - DEBUG - Running command: python3.12 --version
2025-08-14 21:09:04,629 - ERROR - Command failed: python3.12 --version - [WinError 2] The system cannot find the file specified
2025-08-14 21:09:04,630 - DEBUG - Running command: python3.11 --version
2025-08-14 21:09:04,635 - ERROR - Command failed: python3.11 --version - [WinError 2] The system cannot find the file specified
2025-08-14 21:09:04,636 - DEBUG - Running command: python3.10 --version
2025-08-14 21:09:04,641 - ERROR - Command failed: python3.10 --version - [WinError 2] The system cannot find the file specified
2025-08-14 21:09:04,642 - DEBUG - Running command: python --version
2025-08-14 21:09:04,658 - INFO - Using system Python: Python 3.13.5
2025-08-14 21:09:04,658 - INFO - Creating virtual environment in DIA3...
2025-08-14 21:09:04,659 - INFO - DIA3 virtual environment already exists
2025-08-14 21:09:04,660 - DEBUG - Running command: \d\AI\DIA3\.venv\Scripts\python.exe --version
2025-08-14 21:09:04,689 - INFO - DIA3 Python version: Python 3.13.5
2025-08-14 21:09:04,689 - INFO - Upgrading pip...
2025-08-14 21:09:04,690 - DEBUG - Running command: \d\AI\DIA3\.venv\Scripts\python.exe -m pip install --upgrade pip
2025-08-14 21:09:04,855 - INFO - Installing dependencies...
2025-08-14 21:09:04,855 - INFO - Installing core dependencies...
2025-08-14 21:09:04,856 - DEBUG - Running command: \d\AI\DIA3\.venv\Scripts\python.exe -m pip install fastapi>=0.104.0
2025-08-14 21:09:04,991 - WARNING - Failed to install fastapi>=0.104.0: Traceback (most recent call last):
  File "<frozen runpy>", line 198, in _run_module_as_main
  File "<frozen runpy>", line 88, in _run_code
  File "D:\d\AI\DIA3\.venv\Lib\site-packages\pip\__main__.py", line 22, in <module>
    from pip._internal.cli.main import main as _main
  File "D:\d\AI\DIA3\.venv\Lib\site-packages\pip\_internal\cli\main.py", line 11, in <module>
    from pip._internal.cli.autocompletion import autocomplete
  File "D:\d\AI\DIA3\.venv\Lib\site-packages\pip\_internal\cli\autocompletion.py", line 12, in <module>
    from pip._internal.cli.main_parser import create_main_parser
  File "D:\d\AI\DIA3\.venv\Lib\site-packages\pip\_internal\cli\main_parser.py", line 9, in <module>
    from pip._internal.build_env import get_runnable_pip
  File "D:\d\AI\DIA3\.venv\Lib\site-packages\pip\_internal\build_env.py", line 16, in <module>
    from pip._vendor.packaging.version import Version
  File "D:\d\AI\DIA3\.venv\Lib\site-packages\pip\_vendor\packaging\version.py", line 530
    ) -> CmpKey:
    ^
SyntaxError: closing parenthesis ')' does not match opening parenthesis '[' on line 528

2025-08-14 21:09:04,991 - DEBUG - Running command: \d\AI\DIA3\.venv\Scripts\python.exe -m pip install uvicorn>=0.24.0
2025-08-14 21:09:05,133 - WARNING - Failed to install uvicorn>=0.24.0: Traceback (most recent call last):
  File "<frozen runpy>", line 198, in _run_module_as_main
  File "<frozen runpy>", line 88, in _run_code
  File "D:\d\AI\DIA3\.venv\Lib\site-packages\pip\__main__.py", line 22, in <module>
    from pip._internal.cli.main import main as _main
  File "D:\d\AI\DIA3\.venv\Lib\site-packages\pip\_internal\cli\main.py", line 11, in <module>
    from pip._internal.cli.autocompletion import autocomplete
  File "D:\d\AI\DIA3\.venv\Lib\site-packages\pip\_internal\cli\autocompletion.py", line 12, in <module>
    from pip._internal.cli.main_parser import create_main_parser
  File "D:\d\AI\DIA3\.venv\Lib\site-packages\pip\_internal\cli\main_parser.py", line 9, in <module>
    from pip._internal.build_env import get_runnable_pip
  File "D:\d\AI\DIA3\.venv\Lib\site-packages\pip\_internal\build_env.py", line 16, in <module>
    from pip._vendor.packaging.version import Version
  File "D:\d\AI\DIA3\.venv\Lib\site-packages\pip\_vendor\packaging\version.py", line 530
    ) -> CmpKey:
    ^
SyntaxError: closing parenthesis ')' does not match opening parenthesis '[' on line 528

2025-08-14 21:09:05,133 - DEBUG - Running command: \d\AI\DIA3\.venv\Scripts\python.exe -m pip install pydantic>=2.5.0
2025-08-14 21:09:05,292 - WARNING - Failed to install pydantic>=2.5.0: Traceback (most recent call last):
  File "<frozen runpy>", line 198, in _run_module_as_main
  File "<frozen runpy>", line 88, in _run_code
  File "D:\d\AI\DIA3\.venv\Lib\site-packages\pip\__main__.py", line 22, in <module>
    from pip._internal.cli.main import main as _main
  File "D:\d\AI\DIA3\.venv\Lib\site-packages\pip\_internal\cli\main.py", line 11, in <module>
    from pip._internal.cli.autocompletion import autocomplete
  File "D:\d\AI\DIA3\.venv\Lib\site-packages\pip\_internal\cli\autocompletion.py", line 12, in <module>
    from pip._internal.cli.main_parser import create_main_parser
  File "D:\d\AI\DIA3\.venv\Lib\site-packages\pip\_internal\cli\main_parser.py", line 9, in <module>
    from pip._internal.build_env import get_runnable_pip
  File "D:\d\AI\DIA3\.venv\Lib\site-packages\pip\_internal\build_env.py", line 16, in <module>
    from pip._vendor.packaging.version import Version
  File "D:\d\AI\DIA3\.venv\Lib\site-packages\pip\_vendor\packaging\version.py", line 530
    ) -> CmpKey:
    ^
SyntaxError: closing parenthesis ')' does not match opening parenthesis '[' on line 528

2025-08-14 21:09:05,293 - DEBUG - Running command: \d\AI\DIA3\.venv\Scripts\python.exe -m pip install numpy>=1.24.0
2025-08-14 21:09:05,436 - WARNING - Failed to install numpy>=1.24.0: Traceback (most recent call last):
  File "<frozen runpy>", line 198, in _run_module_as_main
  File "<frozen runpy>", line 88, in _run_code
  File "D:\d\AI\DIA3\.venv\Lib\site-packages\pip\__main__.py", line 22, in <module>
    from pip._internal.cli.main import main as _main
  File "D:\d\AI\DIA3\.venv\Lib\site-packages\pip\_internal\cli\main.py", line 11, in <module>
    from pip._internal.cli.autocompletion import autocomplete
  File "D:\d\AI\DIA3\.venv\Lib\site-packages\pip\_internal\cli\autocompletion.py", line 12, in <module>
    from pip._internal.cli.main_parser import create_main_parser
  File "D:\d\AI\DIA3\.venv\Lib\site-packages\pip\_internal\cli\main_parser.py", line 9, in <module>
    from pip._internal.build_env import get_runnable_pip
  File "D:\d\AI\DIA3\.venv\Lib\site-packages\pip\_internal\build_env.py", line 16, in <module>
    from pip._vendor.packaging.version import Version
  File "D:\d\AI\DIA3\.venv\Lib\site-packages\pip\_vendor\packaging\version.py", line 530
    ) -> CmpKey:
    ^
SyntaxError: closing parenthesis ')' does not match opening parenthesis '[' on line 528

2025-08-14 21:09:05,436 - DEBUG - Running command: \d\AI\DIA3\.venv\Scripts\python.exe -m pip install pandas>=2.0.0
2025-08-14 21:09:05,615 - WARNING - Failed to install pandas>=2.0.0: Traceback (most recent call last):
  File "<frozen runpy>", line 198, in _run_module_as_main
  File "<frozen runpy>", line 88, in _run_code
  File "D:\d\AI\DIA3\.venv\Lib\site-packages\pip\__main__.py", line 22, in <module>
    from pip._internal.cli.main import main as _main
  File "D:\d\AI\DIA3\.venv\Lib\site-packages\pip\_internal\cli\main.py", line 11, in <module>
    from pip._internal.cli.autocompletion import autocomplete
  File "D:\d\AI\DIA3\.venv\Lib\site-packages\pip\_internal\cli\autocompletion.py", line 12, in <module>
    from pip._internal.cli.main_parser import create_main_parser
  File "D:\d\AI\DIA3\.venv\Lib\site-packages\pip\_internal\cli\main_parser.py", line 9, in <module>
    from pip._internal.build_env import get_runnable_pip
  File "D:\d\AI\DIA3\.venv\Lib\site-packages\pip\_internal\build_env.py", line 16, in <module>
    from pip._vendor.packaging.version import Version
  File "D:\d\AI\DIA3\.venv\Lib\site-packages\pip\_vendor\packaging\version.py", line 530
    ) -> CmpKey:
    ^
SyntaxError: closing parenthesis ')' does not match opening parenthesis '[' on line 528

2025-08-14 21:09:05,616 - DEBUG - Running command: \d\AI\DIA3\.venv\Scripts\python.exe -m pip install requests>=2.31.0
2025-08-14 21:09:05,777 - WARNING - Failed to install requests>=2.31.0: Traceback (most recent call last):
  File "<frozen runpy>", line 198, in _run_module_as_main
  File "<frozen runpy>", line 88, in _run_code
  File "D:\d\AI\DIA3\.venv\Lib\site-packages\pip\__main__.py", line 22, in <module>
    from pip._internal.cli.main import main as _main
  File "D:\d\AI\DIA3\.venv\Lib\site-packages\pip\_internal\cli\main.py", line 11, in <module>
    from pip._internal.cli.autocompletion import autocomplete
  File "D:\d\AI\DIA3\.venv\Lib\site-packages\pip\_internal\cli\autocompletion.py", line 12, in <module>
    from pip._internal.cli.main_parser import create_main_parser
  File "D:\d\AI\DIA3\.venv\Lib\site-packages\pip\_internal\cli\main_parser.py", line 9, in <module>
    from pip._internal.build_env import get_runnable_pip
  File "D:\d\AI\DIA3\.venv\Lib\site-packages\pip\_internal\build_env.py", line 16, in <module>
    from pip._vendor.packaging.version import Version
  File "D:\d\AI\DIA3\.venv\Lib\site-packages\pip\_vendor\packaging\version.py", line 530
    ) -> CmpKey:
    ^
SyntaxError: closing parenthesis ')' does not match opening parenthesis '[' on line 528

2025-08-14 21:09:05,777 - DEBUG - Running command: \d\AI\DIA3\.venv\Scripts\python.exe -m pip install python-dotenv>=1.0.0
2025-08-14 21:09:05,912 - WARNING - Failed to install python-dotenv>=1.0.0: Traceback (most recent call last):
  File "<frozen runpy>", line 198, in _run_module_as_main
  File "<frozen runpy>", line 88, in _run_code
  File "D:\d\AI\DIA3\.venv\Lib\site-packages\pip\__main__.py", line 22, in <module>
    from pip._internal.cli.main import main as _main
  File "D:\d\AI\DIA3\.venv\Lib\site-packages\pip\_internal\cli\main.py", line 11, in <module>
    from pip._internal.cli.autocompletion import autocomplete
  File "D:\d\AI\DIA3\.venv\Lib\site-packages\pip\_internal\cli\autocompletion.py", line 12, in <module>
    from pip._internal.cli.main_parser import create_main_parser
  File "D:\d\AI\DIA3\.venv\Lib\site-packages\pip\_internal\cli\main_parser.py", line 9, in <module>
    from pip._internal.build_env import get_runnable_pip
  File "D:\d\AI\DIA3\.venv\Lib\site-packages\pip\_internal\build_env.py", line 16, in <module>
    from pip._vendor.packaging.version import Version
  File "D:\d\AI\DIA3\.venv\Lib\site-packages\pip\_vendor\packaging\version.py", line 530
    ) -> CmpKey:
    ^
SyntaxError: closing parenthesis ')' does not match opening parenthesis '[' on line 528

2025-08-14 21:09:05,912 - INFO - Testing core imports...
2025-08-14 21:09:05,913 - DEBUG - Running command: \d\AI\DIA3\.venv\Scripts\python.exe -c import sys; print(f'Python {sys.version}'); import fastapi, uvicorn, pydantic; print('Core imports successful')
2025-08-14 21:09:06,026 - ERROR - Failed to test DIA3 environment: Traceback (most recent call last):
  File "<string>", line 1, in <module>
    import sys; print(f'Python {sys.version}'); import fastapi, uvicorn, pydantic; print('Core imports successful')
                                                ^^^^^^^^^^^^^^^^^^^^^^^^^^^^^^^^^
  File "D:\d\AI\DIA3\.venv\Lib\site-packages\fastapi\__init__.py", line 7, in <module>
    from .applications import FastAPI as FastAPI
  File "D:\d\AI\DIA3\.venv\Lib\site-packages\fastapi\applications.py", line 822
    ) -> None:
    ^
SyntaxError: closing parenthesis ')' does not match opening parenthesis '[' on line 813

2025-08-14 21:09:06,026 - ERROR - Phase 3: Environment Setup failed. Stopping migration process.
2025-08-14 21:09:06,026 - ERROR - 
Migration failed!
2025-08-14 21:09:06,026 - ERROR - Check logs for detailed error information
2025-08-14 21:09:48,000 - INFO - 
==================================================
2025-08-14 21:09:48,000 - INFO - Starting Phase 1: Source Analysis
2025-08-14 21:09:48,000 - INFO - ==================================================
2025-08-14 21:09:48,001 - INFO - === PHASE 1: Source Environment Analysis ===
2025-08-14 21:09:48,001 - INFO - Source directory found: \d\AI\Sentiment
2025-08-14 21:09:48,062 - WARNING - Source virtual environment not found
2025-08-14 21:09:48,062 - INFO - Creating backup of source environment...
2025-08-14 21:09:48,069 - INFO - Analyzing source dependencies...
2025-08-14 21:09:48,069 - INFO - Running baseline tests on source...
2025-08-14 21:09:48,070 - WARNING - Source Python not found, skipping baseline tests
2025-08-14 21:09:48,070 - INFO - Phase 1: Source Analysis completed successfully!
2025-08-14 21:09:48,070 - INFO - 
==================================================
2025-08-14 21:09:48,070 - INFO - Starting Phase 2: Code Migration
2025-08-14 21:09:48,070 - INFO - ==================================================
2025-08-14 21:09:48,071 - INFO - === PHASE 2: Code Migration and Compatibility Updates ===
2025-08-14 21:09:48,071 - DEBUG - Running command: python3.13 --version
2025-08-14 21:09:48,078 - ERROR - Command failed: python3.13 --version - [WinError 2] The system cannot find the file specified
2025-08-14 21:09:48,078 - DEBUG - Running command: python3.12 --version
2025-08-14 21:09:48,084 - ERROR - Command failed: python3.12 --version - [WinError 2] The system cannot find the file specified
2025-08-14 21:09:48,085 - DEBUG - Running command: python3.11 --version
2025-08-14 21:09:48,093 - ERROR - Command failed: python3.11 --version - [WinError 2] The system cannot find the file specified
2025-08-14 21:09:48,093 - DEBUG - Running command: python3.10 --version
2025-08-14 21:09:48,100 - ERROR - Command failed: python3.10 --version - [WinError 2] The system cannot find the file specified
2025-08-14 21:09:48,101 - DEBUG - Running command: python --version
2025-08-14 21:09:48,119 - INFO - Using system Python: Python 3.13.5
2025-08-14 21:09:48,119 - INFO - Using latest Python version: python
2025-08-14 21:09:48,119 - INFO - Creating DIA3 directory structure...
2025-08-14 21:09:48,121 - INFO - DIA3 directory structure created
2025-08-14 21:09:48,121 - INFO - Copying source code to DIA3...
2025-08-14 21:09:48,122 - INFO - Source code copied to DIA3
2025-08-14 21:09:48,122 - INFO - Updating code for latest Python compatibility...
2025-08-14 21:09:48,122 - INFO - Updating collections imports...
2025-08-14 21:09:48,232 - INFO - Updating importlib usage...
2025-08-14 21:09:48,338 - INFO - Updating type hints...
2025-08-14 21:09:48,438 - INFO - Updating configuration files...
2025-08-14 21:09:48,439 - INFO - Phase 2: Code Migration completed successfully!
2025-08-14 21:09:48,439 - INFO - 
==================================================
2025-08-14 21:09:48,439 - INFO - Starting Phase 3: Environment Setup
2025-08-14 21:09:48,439 - INFO - ==================================================
2025-08-14 21:09:48,439 - INFO - === PHASE 3: DIA3 Environment Setup ===
2025-08-14 21:09:48,439 - DEBUG - Running command: python3.13 --version
2025-08-14 21:09:48,444 - ERROR - Command failed: python3.13 --version - [WinError 2] The system cannot find the file specified
2025-08-14 21:09:48,445 - DEBUG - Running command: python3.12 --version
2025-08-14 21:09:48,451 - ERROR - Command failed: python3.12 --version - [WinError 2] The system cannot find the file specified
2025-08-14 21:09:48,451 - DEBUG - Running command: python3.11 --version
2025-08-14 21:09:48,456 - ERROR - Command failed: python3.11 --version - [WinError 2] The system cannot find the file specified
2025-08-14 21:09:48,457 - DEBUG - Running command: python3.10 --version
2025-08-14 21:09:48,463 - ERROR - Command failed: python3.10 --version - [WinError 2] The system cannot find the file specified
2025-08-14 21:09:48,463 - DEBUG - Running command: python --version
2025-08-14 21:09:48,479 - INFO - Using system Python: Python 3.13.5
2025-08-14 21:09:48,479 - INFO - Creating virtual environment in DIA3...
2025-08-14 21:09:48,480 - INFO - DIA3 virtual environment already exists
2025-08-14 21:09:48,481 - DEBUG - Running command: \d\AI\DIA3\.venv\Scripts\python.exe --version
2025-08-14 21:09:48,509 - INFO - DIA3 Python version: Python 3.13.5
2025-08-14 21:09:48,509 - INFO - Upgrading pip...
2025-08-14 21:09:48,509 - DEBUG - Running command: \d\AI\DIA3\.venv\Scripts\python.exe -m pip install --upgrade pip
2025-08-14 21:09:48,674 - INFO - Installing dependencies...
2025-08-14 21:09:48,675 - INFO - Installing core dependencies...
2025-08-14 21:09:48,676 - DEBUG - Running command: \d\AI\DIA3\.venv\Scripts\python.exe -m pip install fastapi>=0.104.0
2025-08-14 21:09:48,825 - WARNING - Failed to install fastapi>=0.104.0: Traceback (most recent call last):
  File "<frozen runpy>", line 198, in _run_module_as_main
  File "<frozen runpy>", line 88, in _run_code
  File "D:\d\AI\DIA3\.venv\Lib\site-packages\pip\__main__.py", line 22, in <module>
    from pip._internal.cli.main import main as _main
  File "D:\d\AI\DIA3\.venv\Lib\site-packages\pip\_internal\cli\main.py", line 11, in <module>
    from pip._internal.cli.autocompletion import autocomplete
  File "D:\d\AI\DIA3\.venv\Lib\site-packages\pip\_internal\cli\autocompletion.py", line 12, in <module>
    from pip._internal.cli.main_parser import create_main_parser
  File "D:\d\AI\DIA3\.venv\Lib\site-packages\pip\_internal\cli\main_parser.py", line 9, in <module>
    from pip._internal.build_env import get_runnable_pip
  File "D:\d\AI\DIA3\.venv\Lib\site-packages\pip\_internal\build_env.py", line 16, in <module>
    from pip._vendor.packaging.version import Version
  File "D:\d\AI\DIA3\.venv\Lib\site-packages\pip\_vendor\packaging\version.py", line 530
    ) -> CmpKey:
    ^
SyntaxError: closing parenthesis ')' does not match opening parenthesis '[' on line 528

2025-08-14 21:09:48,826 - DEBUG - Running command: \d\AI\DIA3\.venv\Scripts\python.exe -m pip install uvicorn>=0.24.0
2025-08-14 21:09:49,005 - WARNING - Failed to install uvicorn>=0.24.0: Traceback (most recent call last):
  File "<frozen runpy>", line 198, in _run_module_as_main
  File "<frozen runpy>", line 88, in _run_code
  File "D:\d\AI\DIA3\.venv\Lib\site-packages\pip\__main__.py", line 22, in <module>
    from pip._internal.cli.main import main as _main
  File "D:\d\AI\DIA3\.venv\Lib\site-packages\pip\_internal\cli\main.py", line 11, in <module>
    from pip._internal.cli.autocompletion import autocomplete
  File "D:\d\AI\DIA3\.venv\Lib\site-packages\pip\_internal\cli\autocompletion.py", line 12, in <module>
    from pip._internal.cli.main_parser import create_main_parser
  File "D:\d\AI\DIA3\.venv\Lib\site-packages\pip\_internal\cli\main_parser.py", line 9, in <module>
    from pip._internal.build_env import get_runnable_pip
  File "D:\d\AI\DIA3\.venv\Lib\site-packages\pip\_internal\build_env.py", line 16, in <module>
    from pip._vendor.packaging.version import Version
  File "D:\d\AI\DIA3\.venv\Lib\site-packages\pip\_vendor\packaging\version.py", line 530
    ) -> CmpKey:
    ^
SyntaxError: closing parenthesis ')' does not match opening parenthesis '[' on line 528

2025-08-14 21:09:49,005 - DEBUG - Running command: \d\AI\DIA3\.venv\Scripts\python.exe -m pip install pydantic>=2.5.0
2025-08-14 21:09:49,159 - WARNING - Failed to install pydantic>=2.5.0: Traceback (most recent call last):
  File "<frozen runpy>", line 198, in _run_module_as_main
  File "<frozen runpy>", line 88, in _run_code
  File "D:\d\AI\DIA3\.venv\Lib\site-packages\pip\__main__.py", line 22, in <module>
    from pip._internal.cli.main import main as _main
  File "D:\d\AI\DIA3\.venv\Lib\site-packages\pip\_internal\cli\main.py", line 11, in <module>
    from pip._internal.cli.autocompletion import autocomplete
  File "D:\d\AI\DIA3\.venv\Lib\site-packages\pip\_internal\cli\autocompletion.py", line 12, in <module>
    from pip._internal.cli.main_parser import create_main_parser
  File "D:\d\AI\DIA3\.venv\Lib\site-packages\pip\_internal\cli\main_parser.py", line 9, in <module>
    from pip._internal.build_env import get_runnable_pip
  File "D:\d\AI\DIA3\.venv\Lib\site-packages\pip\_internal\build_env.py", line 16, in <module>
    from pip._vendor.packaging.version import Version
  File "D:\d\AI\DIA3\.venv\Lib\site-packages\pip\_vendor\packaging\version.py", line 530
    ) -> CmpKey:
    ^
SyntaxError: closing parenthesis ')' does not match opening parenthesis '[' on line 528

2025-08-14 21:09:49,160 - DEBUG - Running command: \d\AI\DIA3\.venv\Scripts\python.exe -m pip install numpy>=1.24.0
2025-08-14 21:09:49,313 - WARNING - Failed to install numpy>=1.24.0: Traceback (most recent call last):
  File "<frozen runpy>", line 198, in _run_module_as_main
  File "<frozen runpy>", line 88, in _run_code
  File "D:\d\AI\DIA3\.venv\Lib\site-packages\pip\__main__.py", line 22, in <module>
    from pip._internal.cli.main import main as _main
  File "D:\d\AI\DIA3\.venv\Lib\site-packages\pip\_internal\cli\main.py", line 11, in <module>
    from pip._internal.cli.autocompletion import autocomplete
  File "D:\d\AI\DIA3\.venv\Lib\site-packages\pip\_internal\cli\autocompletion.py", line 12, in <module>
    from pip._internal.cli.main_parser import create_main_parser
  File "D:\d\AI\DIA3\.venv\Lib\site-packages\pip\_internal\cli\main_parser.py", line 9, in <module>
    from pip._internal.build_env import get_runnable_pip
  File "D:\d\AI\DIA3\.venv\Lib\site-packages\pip\_internal\build_env.py", line 16, in <module>
    from pip._vendor.packaging.version import Version
  File "D:\d\AI\DIA3\.venv\Lib\site-packages\pip\_vendor\packaging\version.py", line 530
    ) -> CmpKey:
    ^
SyntaxError: closing parenthesis ')' does not match opening parenthesis '[' on line 528

2025-08-14 21:09:49,313 - DEBUG - Running command: \d\AI\DIA3\.venv\Scripts\python.exe -m pip install pandas>=2.0.0
2025-08-14 21:09:49,452 - WARNING - Failed to install pandas>=2.0.0: Traceback (most recent call last):
  File "<frozen runpy>", line 198, in _run_module_as_main
  File "<frozen runpy>", line 88, in _run_code
  File "D:\d\AI\DIA3\.venv\Lib\site-packages\pip\__main__.py", line 22, in <module>
    from pip._internal.cli.main import main as _main
  File "D:\d\AI\DIA3\.venv\Lib\site-packages\pip\_internal\cli\main.py", line 11, in <module>
    from pip._internal.cli.autocompletion import autocomplete
  File "D:\d\AI\DIA3\.venv\Lib\site-packages\pip\_internal\cli\autocompletion.py", line 12, in <module>
    from pip._internal.cli.main_parser import create_main_parser
  File "D:\d\AI\DIA3\.venv\Lib\site-packages\pip\_internal\cli\main_parser.py", line 9, in <module>
    from pip._internal.build_env import get_runnable_pip
  File "D:\d\AI\DIA3\.venv\Lib\site-packages\pip\_internal\build_env.py", line 16, in <module>
    from pip._vendor.packaging.version import Version
  File "D:\d\AI\DIA3\.venv\Lib\site-packages\pip\_vendor\packaging\version.py", line 530
    ) -> CmpKey:
    ^
SyntaxError: closing parenthesis ')' does not match opening parenthesis '[' on line 528

2025-08-14 21:09:49,452 - DEBUG - Running command: \d\AI\DIA3\.venv\Scripts\python.exe -m pip install requests>=2.31.0
2025-08-14 21:09:49,599 - WARNING - Failed to install requests>=2.31.0: Traceback (most recent call last):
  File "<frozen runpy>", line 198, in _run_module_as_main
  File "<frozen runpy>", line 88, in _run_code
  File "D:\d\AI\DIA3\.venv\Lib\site-packages\pip\__main__.py", line 22, in <module>
    from pip._internal.cli.main import main as _main
  File "D:\d\AI\DIA3\.venv\Lib\site-packages\pip\_internal\cli\main.py", line 11, in <module>
    from pip._internal.cli.autocompletion import autocomplete
  File "D:\d\AI\DIA3\.venv\Lib\site-packages\pip\_internal\cli\autocompletion.py", line 12, in <module>
    from pip._internal.cli.main_parser import create_main_parser
  File "D:\d\AI\DIA3\.venv\Lib\site-packages\pip\_internal\cli\main_parser.py", line 9, in <module>
    from pip._internal.build_env import get_runnable_pip
  File "D:\d\AI\DIA3\.venv\Lib\site-packages\pip\_internal\build_env.py", line 16, in <module>
    from pip._vendor.packaging.version import Version
  File "D:\d\AI\DIA3\.venv\Lib\site-packages\pip\_vendor\packaging\version.py", line 530
    ) -> CmpKey:
    ^
SyntaxError: closing parenthesis ')' does not match opening parenthesis '[' on line 528

2025-08-14 21:09:49,600 - DEBUG - Running command: \d\AI\DIA3\.venv\Scripts\python.exe -m pip install python-dotenv>=1.0.0
2025-08-14 21:09:49,740 - WARNING - Failed to install python-dotenv>=1.0.0: Traceback (most recent call last):
  File "<frozen runpy>", line 198, in _run_module_as_main
  File "<frozen runpy>", line 88, in _run_code
  File "D:\d\AI\DIA3\.venv\Lib\site-packages\pip\__main__.py", line 22, in <module>
    from pip._internal.cli.main import main as _main
  File "D:\d\AI\DIA3\.venv\Lib\site-packages\pip\_internal\cli\main.py", line 11, in <module>
    from pip._internal.cli.autocompletion import autocomplete
  File "D:\d\AI\DIA3\.venv\Lib\site-packages\pip\_internal\cli\autocompletion.py", line 12, in <module>
    from pip._internal.cli.main_parser import create_main_parser
  File "D:\d\AI\DIA3\.venv\Lib\site-packages\pip\_internal\cli\main_parser.py", line 9, in <module>
    from pip._internal.build_env import get_runnable_pip
  File "D:\d\AI\DIA3\.venv\Lib\site-packages\pip\_internal\build_env.py", line 16, in <module>
    from pip._vendor.packaging.version import Version
  File "D:\d\AI\DIA3\.venv\Lib\site-packages\pip\_vendor\packaging\version.py", line 530
    ) -> CmpKey:
    ^
SyntaxError: closing parenthesis ')' does not match opening parenthesis '[' on line 528

2025-08-14 21:09:49,740 - INFO - Testing core imports...
2025-08-14 21:09:49,740 - DEBUG - Running command: \d\AI\DIA3\.venv\Scripts\python.exe -c import sys; print(f'Python {sys.version}'); import fastapi, uvicorn, pydantic; print('Core imports successful')
2025-08-14 21:09:49,838 - ERROR - Failed to test DIA3 environment: Traceback (most recent call last):
  File "<string>", line 1, in <module>
    import sys; print(f'Python {sys.version}'); import fastapi, uvicorn, pydantic; print('Core imports successful')
                                                ^^^^^^^^^^^^^^^^^^^^^^^^^^^^^^^^^
  File "D:\d\AI\DIA3\.venv\Lib\site-packages\fastapi\__init__.py", line 7, in <module>
    from .applications import FastAPI as FastAPI
  File "D:\d\AI\DIA3\.venv\Lib\site-packages\fastapi\applications.py", line 822
    ) -> None:
    ^
SyntaxError: closing parenthesis ')' does not match opening parenthesis '[' on line 813

2025-08-14 21:09:49,838 - ERROR - Phase 3: Environment Setup failed. Stopping migration process.
2025-08-14 21:09:49,838 - ERROR - 
Migration failed!
2025-08-14 21:09:49,839 - ERROR - Check logs for detailed error information
2025-08-14 21:10:00,464 - INFO - 
==================================================
2025-08-14 21:10:00,464 - INFO - Starting Phase 1: Source Analysis
2025-08-14 21:10:00,465 - INFO - ==================================================
2025-08-14 21:10:00,465 - INFO - === PHASE 1: Source Environment Analysis ===
2025-08-14 21:10:00,465 - INFO - Source directory found: \d\AI\Sentiment
2025-08-14 21:10:00,517 - WARNING - Source virtual environment not found
2025-08-14 21:10:00,518 - INFO - Creating backup of source environment...
2025-08-14 21:10:00,524 - INFO - Analyzing source dependencies...
2025-08-14 21:10:00,524 - INFO - Running baseline tests on source...
2025-08-14 21:10:00,525 - WARNING - Source Python not found, skipping baseline tests
2025-08-14 21:10:00,525 - INFO - Phase 1: Source Analysis completed successfully!
2025-08-14 21:10:00,525 - INFO - 
==================================================
2025-08-14 21:10:00,525 - INFO - Starting Phase 2: Code Migration
2025-08-14 21:10:00,525 - INFO - ==================================================
2025-08-14 21:10:00,525 - INFO - === PHASE 2: Code Migration and Compatibility Updates ===
2025-08-14 21:10:00,525 - DEBUG - Running command: python3.13 --version
2025-08-14 21:10:00,530 - ERROR - Command failed: python3.13 --version - [WinError 2] The system cannot find the file specified
2025-08-14 21:10:00,531 - DEBUG - Running command: python3.12 --version
2025-08-14 21:10:00,535 - ERROR - Command failed: python3.12 --version - [WinError 2] The system cannot find the file specified
2025-08-14 21:10:00,535 - DEBUG - Running command: python3.11 --version
2025-08-14 21:10:00,541 - ERROR - Command failed: python3.11 --version - [WinError 2] The system cannot find the file specified
2025-08-14 21:10:00,541 - DEBUG - Running command: python3.10 --version
2025-08-14 21:10:00,545 - ERROR - Command failed: python3.10 --version - [WinError 2] The system cannot find the file specified
2025-08-14 21:10:00,546 - DEBUG - Running command: python --version
2025-08-14 21:10:00,560 - INFO - Using system Python: Python 3.13.5
2025-08-14 21:10:00,560 - INFO - Using latest Python version: python
2025-08-14 21:10:00,561 - INFO - Creating DIA3 directory structure...
2025-08-14 21:10:00,562 - INFO - DIA3 directory structure created
2025-08-14 21:10:00,562 - INFO - Copying source code to DIA3...
2025-08-14 21:10:00,563 - INFO - Source code copied to DIA3
2025-08-14 21:10:00,563 - INFO - Updating code for latest Python compatibility...
2025-08-14 21:10:00,563 - INFO - Updating collections imports...
2025-08-14 21:10:00,666 - INFO - Updating importlib usage...
2025-08-14 21:10:00,763 - INFO - Updating type hints...
2025-08-14 21:10:00,858 - INFO - Updating configuration files...
2025-08-14 21:10:00,859 - INFO - Phase 2: Code Migration completed successfully!
2025-08-14 21:10:00,859 - INFO - 
==================================================
2025-08-14 21:10:00,860 - INFO - Starting Phase 3: Environment Setup
2025-08-14 21:10:00,860 - INFO - ==================================================
2025-08-14 21:10:00,860 - INFO - === PHASE 3: DIA3 Environment Setup ===
2025-08-14 21:10:00,860 - DEBUG - Running command: python3.13 --version
2025-08-14 21:10:00,865 - ERROR - Command failed: python3.13 --version - [WinError 2] The system cannot find the file specified
2025-08-14 21:10:00,865 - DEBUG - Running command: python3.12 --version
2025-08-14 21:10:00,871 - ERROR - Command failed: python3.12 --version - [WinError 2] The system cannot find the file specified
2025-08-14 21:10:00,871 - DEBUG - Running command: python3.11 --version
2025-08-14 21:10:00,877 - ERROR - Command failed: python3.11 --version - [WinError 2] The system cannot find the file specified
2025-08-14 21:10:00,877 - DEBUG - Running command: python3.10 --version
2025-08-14 21:10:00,882 - ERROR - Command failed: python3.10 --version - [WinError 2] The system cannot find the file specified
2025-08-14 21:10:00,882 - DEBUG - Running command: python --version
2025-08-14 21:10:00,896 - INFO - Using system Python: Python 3.13.5
2025-08-14 21:10:00,897 - INFO - Creating virtual environment in DIA3...
2025-08-14 21:10:00,897 - INFO - DIA3 virtual environment already exists
2025-08-14 21:10:00,898 - DEBUG - Running command: \d\AI\DIA3\.venv\Scripts\python.exe --version
2025-08-14 21:10:00,931 - INFO - DIA3 Python version: Python 3.13.5
2025-08-14 21:10:00,932 - INFO - Upgrading pip...
2025-08-14 21:10:00,932 - DEBUG - Running command: \d\AI\DIA3\.venv\Scripts\python.exe -m pip install --upgrade pip
2025-08-14 21:10:01,094 - INFO - Installing dependencies...
2025-08-14 21:10:01,094 - INFO - Installing core dependencies...
2025-08-14 21:10:01,094 - DEBUG - Running command: \d\AI\DIA3\.venv\Scripts\python.exe -m pip install fastapi>=0.104.0
2025-08-14 21:10:01,234 - WARNING - Failed to install fastapi>=0.104.0: Traceback (most recent call last):
  File "<frozen runpy>", line 198, in _run_module_as_main
  File "<frozen runpy>", line 88, in _run_code
  File "D:\d\AI\DIA3\.venv\Lib\site-packages\pip\__main__.py", line 22, in <module>
    from pip._internal.cli.main import main as _main
  File "D:\d\AI\DIA3\.venv\Lib\site-packages\pip\_internal\cli\main.py", line 11, in <module>
    from pip._internal.cli.autocompletion import autocomplete
  File "D:\d\AI\DIA3\.venv\Lib\site-packages\pip\_internal\cli\autocompletion.py", line 12, in <module>
    from pip._internal.cli.main_parser import create_main_parser
  File "D:\d\AI\DIA3\.venv\Lib\site-packages\pip\_internal\cli\main_parser.py", line 9, in <module>
    from pip._internal.build_env import get_runnable_pip
  File "D:\d\AI\DIA3\.venv\Lib\site-packages\pip\_internal\build_env.py", line 16, in <module>
    from pip._vendor.packaging.version import Version
  File "D:\d\AI\DIA3\.venv\Lib\site-packages\pip\_vendor\packaging\version.py", line 530
    ) -> CmpKey:
    ^
SyntaxError: closing parenthesis ')' does not match opening parenthesis '[' on line 528

2025-08-14 21:10:01,234 - DEBUG - Running command: \d\AI\DIA3\.venv\Scripts\python.exe -m pip install uvicorn>=0.24.0
2025-08-14 21:10:01,388 - WARNING - Failed to install uvicorn>=0.24.0: Traceback (most recent call last):
  File "<frozen runpy>", line 198, in _run_module_as_main
  File "<frozen runpy>", line 88, in _run_code
  File "D:\d\AI\DIA3\.venv\Lib\site-packages\pip\__main__.py", line 22, in <module>
    from pip._internal.cli.main import main as _main
  File "D:\d\AI\DIA3\.venv\Lib\site-packages\pip\_internal\cli\main.py", line 11, in <module>
    from pip._internal.cli.autocompletion import autocomplete
  File "D:\d\AI\DIA3\.venv\Lib\site-packages\pip\_internal\cli\autocompletion.py", line 12, in <module>
    from pip._internal.cli.main_parser import create_main_parser
  File "D:\d\AI\DIA3\.venv\Lib\site-packages\pip\_internal\cli\main_parser.py", line 9, in <module>
    from pip._internal.build_env import get_runnable_pip
  File "D:\d\AI\DIA3\.venv\Lib\site-packages\pip\_internal\build_env.py", line 16, in <module>
    from pip._vendor.packaging.version import Version
  File "D:\d\AI\DIA3\.venv\Lib\site-packages\pip\_vendor\packaging\version.py", line 530
    ) -> CmpKey:
    ^
SyntaxError: closing parenthesis ')' does not match opening parenthesis '[' on line 528

2025-08-14 21:10:01,413 - DEBUG - Running command: \d\AI\DIA3\.venv\Scripts\python.exe -m pip install pydantic>=2.5.0
2025-08-14 21:10:01,559 - WARNING - Failed to install pydantic>=2.5.0: Traceback (most recent call last):
  File "<frozen runpy>", line 198, in _run_module_as_main
  File "<frozen runpy>", line 88, in _run_code
  File "D:\d\AI\DIA3\.venv\Lib\site-packages\pip\__main__.py", line 22, in <module>
    from pip._internal.cli.main import main as _main
  File "D:\d\AI\DIA3\.venv\Lib\site-packages\pip\_internal\cli\main.py", line 11, in <module>
    from pip._internal.cli.autocompletion import autocomplete
  File "D:\d\AI\DIA3\.venv\Lib\site-packages\pip\_internal\cli\autocompletion.py", line 12, in <module>
    from pip._internal.cli.main_parser import create_main_parser
  File "D:\d\AI\DIA3\.venv\Lib\site-packages\pip\_internal\cli\main_parser.py", line 9, in <module>
    from pip._internal.build_env import get_runnable_pip
  File "D:\d\AI\DIA3\.venv\Lib\site-packages\pip\_internal\build_env.py", line 16, in <module>
    from pip._vendor.packaging.version import Version
  File "D:\d\AI\DIA3\.venv\Lib\site-packages\pip\_vendor\packaging\version.py", line 530
    ) -> CmpKey:
    ^
SyntaxError: closing parenthesis ')' does not match opening parenthesis '[' on line 528

2025-08-14 21:10:01,559 - DEBUG - Running command: \d\AI\DIA3\.venv\Scripts\python.exe -m pip install numpy>=1.24.0
2025-08-14 21:10:01,695 - WARNING - Failed to install numpy>=1.24.0: Traceback (most recent call last):
  File "<frozen runpy>", line 198, in _run_module_as_main
  File "<frozen runpy>", line 88, in _run_code
  File "D:\d\AI\DIA3\.venv\Lib\site-packages\pip\__main__.py", line 22, in <module>
    from pip._internal.cli.main import main as _main
  File "D:\d\AI\DIA3\.venv\Lib\site-packages\pip\_internal\cli\main.py", line 11, in <module>
    from pip._internal.cli.autocompletion import autocomplete
  File "D:\d\AI\DIA3\.venv\Lib\site-packages\pip\_internal\cli\autocompletion.py", line 12, in <module>
    from pip._internal.cli.main_parser import create_main_parser
  File "D:\d\AI\DIA3\.venv\Lib\site-packages\pip\_internal\cli\main_parser.py", line 9, in <module>
    from pip._internal.build_env import get_runnable_pip
  File "D:\d\AI\DIA3\.venv\Lib\site-packages\pip\_internal\build_env.py", line 16, in <module>
    from pip._vendor.packaging.version import Version
  File "D:\d\AI\DIA3\.venv\Lib\site-packages\pip\_vendor\packaging\version.py", line 530
    ) -> CmpKey:
    ^
SyntaxError: closing parenthesis ')' does not match opening parenthesis '[' on line 528

2025-08-14 21:10:01,695 - DEBUG - Running command: \d\AI\DIA3\.venv\Scripts\python.exe -m pip install pandas>=2.0.0
2025-08-14 21:10:01,836 - WARNING - Failed to install pandas>=2.0.0: Traceback (most recent call last):
  File "<frozen runpy>", line 198, in _run_module_as_main
  File "<frozen runpy>", line 88, in _run_code
  File "D:\d\AI\DIA3\.venv\Lib\site-packages\pip\__main__.py", line 22, in <module>
    from pip._internal.cli.main import main as _main
  File "D:\d\AI\DIA3\.venv\Lib\site-packages\pip\_internal\cli\main.py", line 11, in <module>
    from pip._internal.cli.autocompletion import autocomplete
  File "D:\d\AI\DIA3\.venv\Lib\site-packages\pip\_internal\cli\autocompletion.py", line 12, in <module>
    from pip._internal.cli.main_parser import create_main_parser
  File "D:\d\AI\DIA3\.venv\Lib\site-packages\pip\_internal\cli\main_parser.py", line 9, in <module>
    from pip._internal.build_env import get_runnable_pip
  File "D:\d\AI\DIA3\.venv\Lib\site-packages\pip\_internal\build_env.py", line 16, in <module>
    from pip._vendor.packaging.version import Version
  File "D:\d\AI\DIA3\.venv\Lib\site-packages\pip\_vendor\packaging\version.py", line 530
    ) -> CmpKey:
    ^
SyntaxError: closing parenthesis ')' does not match opening parenthesis '[' on line 528

2025-08-14 21:10:01,837 - DEBUG - Running command: \d\AI\DIA3\.venv\Scripts\python.exe -m pip install requests>=2.31.0
2025-08-14 21:10:01,998 - WARNING - Failed to install requests>=2.31.0: Traceback (most recent call last):
  File "<frozen runpy>", line 198, in _run_module_as_main
  File "<frozen runpy>", line 88, in _run_code
  File "D:\d\AI\DIA3\.venv\Lib\site-packages\pip\__main__.py", line 22, in <module>
    from pip._internal.cli.main import main as _main
  File "D:\d\AI\DIA3\.venv\Lib\site-packages\pip\_internal\cli\main.py", line 11, in <module>
    from pip._internal.cli.autocompletion import autocomplete
  File "D:\d\AI\DIA3\.venv\Lib\site-packages\pip\_internal\cli\autocompletion.py", line 12, in <module>
    from pip._internal.cli.main_parser import create_main_parser
  File "D:\d\AI\DIA3\.venv\Lib\site-packages\pip\_internal\cli\main_parser.py", line 9, in <module>
    from pip._internal.build_env import get_runnable_pip
  File "D:\d\AI\DIA3\.venv\Lib\site-packages\pip\_internal\build_env.py", line 16, in <module>
    from pip._vendor.packaging.version import Version
  File "D:\d\AI\DIA3\.venv\Lib\site-packages\pip\_vendor\packaging\version.py", line 530
    ) -> CmpKey:
    ^
SyntaxError: closing parenthesis ')' does not match opening parenthesis '[' on line 528

2025-08-14 21:10:01,999 - DEBUG - Running command: \d\AI\DIA3\.venv\Scripts\python.exe -m pip install python-dotenv>=1.0.0
2025-08-14 21:10:02,146 - WARNING - Failed to install python-dotenv>=1.0.0: Traceback (most recent call last):
  File "<frozen runpy>", line 198, in _run_module_as_main
  File "<frozen runpy>", line 88, in _run_code
  File "D:\d\AI\DIA3\.venv\Lib\site-packages\pip\__main__.py", line 22, in <module>
    from pip._internal.cli.main import main as _main
  File "D:\d\AI\DIA3\.venv\Lib\site-packages\pip\_internal\cli\main.py", line 11, in <module>
    from pip._internal.cli.autocompletion import autocomplete
  File "D:\d\AI\DIA3\.venv\Lib\site-packages\pip\_internal\cli\autocompletion.py", line 12, in <module>
    from pip._internal.cli.main_parser import create_main_parser
  File "D:\d\AI\DIA3\.venv\Lib\site-packages\pip\_internal\cli\main_parser.py", line 9, in <module>
    from pip._internal.build_env import get_runnable_pip
  File "D:\d\AI\DIA3\.venv\Lib\site-packages\pip\_internal\build_env.py", line 16, in <module>
    from pip._vendor.packaging.version import Version
  File "D:\d\AI\DIA3\.venv\Lib\site-packages\pip\_vendor\packaging\version.py", line 530
    ) -> CmpKey:
    ^
SyntaxError: closing parenthesis ')' does not match opening parenthesis '[' on line 528

2025-08-14 21:10:02,146 - INFO - Testing core imports...
2025-08-14 21:10:02,146 - DEBUG - Running command: \d\AI\DIA3\.venv\Scripts\python.exe -c import sys; print(f'Python {sys.version}'); import fastapi, uvicorn, pydantic; print('Core imports successful')
2025-08-14 21:10:02,313 - ERROR - Failed to test DIA3 environment: Traceback (most recent call last):
  File "<string>", line 1, in <module>
    import sys; print(f'Python {sys.version}'); import fastapi, uvicorn, pydantic; print('Core imports successful')
                                                ^^^^^^^^^^^^^^^^^^^^^^^^^^^^^^^^^
  File "D:\d\AI\DIA3\.venv\Lib\site-packages\fastapi\__init__.py", line 7, in <module>
    from .applications import FastAPI as FastAPI
  File "D:\d\AI\DIA3\.venv\Lib\site-packages\fastapi\applications.py", line 822
    ) -> None:
    ^
SyntaxError: closing parenthesis ')' does not match opening parenthesis '[' on line 813

2025-08-14 21:10:02,313 - ERROR - Phase 3: Environment Setup failed. Stopping migration process.
2025-08-14 21:10:02,313 - ERROR - 
Migration failed!
2025-08-14 21:10:02,314 - ERROR - Check logs for detailed error information
2025-08-14 21:12:51,370 - INFO - 
==================================================
2025-08-14 21:12:51,370 - INFO - Starting Phase 1: Source Analysis
2025-08-14 21:12:51,371 - INFO - ==================================================
2025-08-14 21:12:51,371 - INFO - === PHASE 1: Source Environment Analysis ===
2025-08-14 21:12:51,372 - INFO - Source directory found: \d\AI\Sentiment
2025-08-14 21:12:51,565 - WARNING - Source virtual environment not found
2025-08-14 21:12:51,565 - INFO - Creating backup of source environment...
2025-08-14 21:12:51,575 - INFO - Analyzing source dependencies...
2025-08-14 21:12:51,575 - INFO - Running baseline tests on source...
2025-08-14 21:12:51,576 - WARNING - Source Python not found, skipping baseline tests
2025-08-14 21:12:51,577 - INFO - Phase 1: Source Analysis completed successfully!
2025-08-14 21:12:51,577 - INFO - 
==================================================
2025-08-14 21:12:51,577 - INFO - Starting Phase 2: Code Migration
2025-08-14 21:12:51,578 - INFO - ==================================================
2025-08-14 21:12:51,578 - INFO - === PHASE 2: Code Migration and Compatibility Updates ===
2025-08-14 21:12:51,578 - DEBUG - Running command: python3.13 --version
2025-08-14 21:12:51,588 - ERROR - Command failed: python3.13 --version - [WinError 2] The system cannot find the file specified
2025-08-14 21:12:51,589 - DEBUG - Running command: python3.12 --version
2025-08-14 21:12:51,599 - ERROR - Command failed: python3.12 --version - [WinError 2] The system cannot find the file specified
2025-08-14 21:12:51,600 - DEBUG - Running command: python3.11 --version
2025-08-14 21:12:51,626 - ERROR - Command failed: python3.11 --version - [WinError 2] The system cannot find the file specified
2025-08-14 21:12:51,629 - DEBUG - Running command: python3.10 --version
2025-08-14 21:12:51,654 - ERROR - Command failed: python3.10 --version - [WinError 2] The system cannot find the file specified
2025-08-14 21:12:51,657 - DEBUG - Running command: python --version
2025-08-14 21:12:51,756 - INFO - Using system Python: Python 3.13.5
2025-08-14 21:12:51,757 - INFO - Using latest Python version: python
2025-08-14 21:12:51,758 - INFO - Creating DIA3 directory structure...
2025-08-14 21:12:51,760 - INFO - DIA3 directory structure created
2025-08-14 21:12:51,760 - INFO - Copying source code to DIA3...
2025-08-14 21:12:51,762 - INFO - Source code copied to DIA3
2025-08-14 21:12:51,783 - INFO - Updating code for latest Python compatibility...
2025-08-14 21:12:51,829 - INFO - Updating collections imports...
2025-08-14 21:12:52,062 - INFO - Updating importlib usage...
2025-08-14 21:12:52,482 - INFO - Updating type hints...
2025-08-14 21:12:52,810 - INFO - Updating configuration files...
2025-08-14 21:12:52,822 - INFO - Phase 2: Code Migration completed successfully!
2025-08-14 21:12:52,832 - INFO - 
==================================================
2025-08-14 21:12:52,842 - INFO - Starting Phase 3: Environment Setup
2025-08-14 21:12:52,859 - INFO - ==================================================
2025-08-14 21:12:52,873 - INFO - === PHASE 3: DIA3 Environment Setup ===
2025-08-14 21:12:52,890 - DEBUG - Running command: python3.13 --version
2025-08-14 21:12:52,951 - ERROR - Command failed: python3.13 --version - [WinError 2] The system cannot find the file specified
2025-08-14 21:12:52,953 - DEBUG - Running command: python3.12 --version
2025-08-14 21:12:52,978 - ERROR - Command failed: python3.12 --version - [WinError 2] The system cannot find the file specified
2025-08-14 21:12:52,978 - DEBUG - Running command: python3.11 --version
2025-08-14 21:12:52,989 - ERROR - Command failed: python3.11 --version - [WinError 2] The system cannot find the file specified
2025-08-14 21:12:52,991 - DEBUG - Running command: python3.10 --version
2025-08-14 21:12:53,000 - ERROR - Command failed: python3.10 --version - [WinError 2] The system cannot find the file specified
2025-08-14 21:12:53,000 - DEBUG - Running command: python --version
2025-08-14 21:12:53,016 - INFO - Using system Python: Python 3.13.5
2025-08-14 21:12:53,016 - INFO - Creating virtual environment in DIA3...
2025-08-14 21:12:53,016 - INFO - DIA3 virtual environment already exists
2025-08-14 21:12:53,017 - DEBUG - Running command: \d\AI\DIA3\.venv\Scripts\python.exe --version
2025-08-14 21:12:53,057 - INFO - DIA3 Python version: Python 3.13.5
2025-08-14 21:12:53,057 - INFO - Upgrading pip...
2025-08-14 21:12:53,057 - DEBUG - Running command: \d\AI\DIA3\.venv\Scripts\python.exe -m pip install --upgrade pip
2025-08-14 21:12:53,355 - INFO - Installing dependencies...
2025-08-14 21:12:53,356 - INFO - Installing core dependencies...
2025-08-14 21:12:53,356 - DEBUG - Running command: \d\AI\DIA3\.venv\Scripts\python.exe -m pip install fastapi>=0.104.0
2025-08-14 21:12:53,697 - WARNING - Failed to install fastapi>=0.104.0: Traceback (most recent call last):
  File "<frozen runpy>", line 198, in _run_module_as_main
  File "<frozen runpy>", line 88, in _run_code
  File "D:\d\AI\DIA3\.venv\Lib\site-packages\pip\__main__.py", line 22, in <module>
    from pip._internal.cli.main import main as _main
  File "D:\d\AI\DIA3\.venv\Lib\site-packages\pip\_internal\cli\main.py", line 11, in <module>
    from pip._internal.cli.autocompletion import autocomplete
  File "D:\d\AI\DIA3\.venv\Lib\site-packages\pip\_internal\cli\autocompletion.py", line 12, in <module>
    from pip._internal.cli.main_parser import create_main_parser
  File "D:\d\AI\DIA3\.venv\Lib\site-packages\pip\_internal\cli\main_parser.py", line 9, in <module>
    from pip._internal.build_env import get_runnable_pip
  File "D:\d\AI\DIA3\.venv\Lib\site-packages\pip\_internal\build_env.py", line 16, in <module>
    from pip._vendor.packaging.version import Version
  File "D:\d\AI\DIA3\.venv\Lib\site-packages\pip\_vendor\packaging\version.py", line 530
    ) -> CmpKey:
    ^
SyntaxError: closing parenthesis ')' does not match opening parenthesis '[' on line 528

2025-08-14 21:12:53,699 - DEBUG - Running command: \d\AI\DIA3\.venv\Scripts\python.exe -m pip install uvicorn>=0.24.0
2025-08-14 21:12:53,890 - WARNING - Failed to install uvicorn>=0.24.0: Traceback (most recent call last):
  File "<frozen runpy>", line 198, in _run_module_as_main
  File "<frozen runpy>", line 88, in _run_code
  File "D:\d\AI\DIA3\.venv\Lib\site-packages\pip\__main__.py", line 22, in <module>
    from pip._internal.cli.main import main as _main
  File "D:\d\AI\DIA3\.venv\Lib\site-packages\pip\_internal\cli\main.py", line 11, in <module>
    from pip._internal.cli.autocompletion import autocomplete
  File "D:\d\AI\DIA3\.venv\Lib\site-packages\pip\_internal\cli\autocompletion.py", line 12, in <module>
    from pip._internal.cli.main_parser import create_main_parser
  File "D:\d\AI\DIA3\.venv\Lib\site-packages\pip\_internal\cli\main_parser.py", line 9, in <module>
    from pip._internal.build_env import get_runnable_pip
  File "D:\d\AI\DIA3\.venv\Lib\site-packages\pip\_internal\build_env.py", line 16, in <module>
    from pip._vendor.packaging.version import Version
  File "D:\d\AI\DIA3\.venv\Lib\site-packages\pip\_vendor\packaging\version.py", line 530
    ) -> CmpKey:
    ^
SyntaxError: closing parenthesis ')' does not match opening parenthesis '[' on line 528

2025-08-14 21:12:53,890 - DEBUG - Running command: \d\AI\DIA3\.venv\Scripts\python.exe -m pip install pydantic>=2.5.0
2025-08-14 21:12:54,258 - WARNING - Failed to install pydantic>=2.5.0: Traceback (most recent call last):
  File "<frozen runpy>", line 198, in _run_module_as_main
  File "<frozen runpy>", line 88, in _run_code
  File "D:\d\AI\DIA3\.venv\Lib\site-packages\pip\__main__.py", line 22, in <module>
    from pip._internal.cli.main import main as _main
  File "D:\d\AI\DIA3\.venv\Lib\site-packages\pip\_internal\cli\main.py", line 11, in <module>
    from pip._internal.cli.autocompletion import autocomplete
  File "D:\d\AI\DIA3\.venv\Lib\site-packages\pip\_internal\cli\autocompletion.py", line 12, in <module>
    from pip._internal.cli.main_parser import create_main_parser
  File "D:\d\AI\DIA3\.venv\Lib\site-packages\pip\_internal\cli\main_parser.py", line 9, in <module>
    from pip._internal.build_env import get_runnable_pip
  File "D:\d\AI\DIA3\.venv\Lib\site-packages\pip\_internal\build_env.py", line 16, in <module>
    from pip._vendor.packaging.version import Version
  File "D:\d\AI\DIA3\.venv\Lib\site-packages\pip\_vendor\packaging\version.py", line 530
    ) -> CmpKey:
    ^
SyntaxError: closing parenthesis ')' does not match opening parenthesis '[' on line 528

2025-08-14 21:12:54,259 - DEBUG - Running command: \d\AI\DIA3\.venv\Scripts\python.exe -m pip install numpy>=1.24.0
2025-08-14 21:12:54,518 - WARNING - Failed to install numpy>=1.24.0: Traceback (most recent call last):
  File "<frozen runpy>", line 198, in _run_module_as_main
  File "<frozen runpy>", line 88, in _run_code
  File "D:\d\AI\DIA3\.venv\Lib\site-packages\pip\__main__.py", line 22, in <module>
    from pip._internal.cli.main import main as _main
  File "D:\d\AI\DIA3\.venv\Lib\site-packages\pip\_internal\cli\main.py", line 11, in <module>
    from pip._internal.cli.autocompletion import autocomplete
  File "D:\d\AI\DIA3\.venv\Lib\site-packages\pip\_internal\cli\autocompletion.py", line 12, in <module>
    from pip._internal.cli.main_parser import create_main_parser
  File "D:\d\AI\DIA3\.venv\Lib\site-packages\pip\_internal\cli\main_parser.py", line 9, in <module>
    from pip._internal.build_env import get_runnable_pip
  File "D:\d\AI\DIA3\.venv\Lib\site-packages\pip\_internal\build_env.py", line 16, in <module>
    from pip._vendor.packaging.version import Version
  File "D:\d\AI\DIA3\.venv\Lib\site-packages\pip\_vendor\packaging\version.py", line 530
    ) -> CmpKey:
    ^
SyntaxError: closing parenthesis ')' does not match opening parenthesis '[' on line 528

2025-08-14 21:12:54,519 - DEBUG - Running command: \d\AI\DIA3\.venv\Scripts\python.exe -m pip install pandas>=2.0.0
2025-08-14 21:12:54,744 - WARNING - Failed to install pandas>=2.0.0: Traceback (most recent call last):
  File "<frozen runpy>", line 198, in _run_module_as_main
  File "<frozen runpy>", line 88, in _run_code
  File "D:\d\AI\DIA3\.venv\Lib\site-packages\pip\__main__.py", line 22, in <module>
    from pip._internal.cli.main import main as _main
  File "D:\d\AI\DIA3\.venv\Lib\site-packages\pip\_internal\cli\main.py", line 11, in <module>
    from pip._internal.cli.autocompletion import autocomplete
  File "D:\d\AI\DIA3\.venv\Lib\site-packages\pip\_internal\cli\autocompletion.py", line 12, in <module>
    from pip._internal.cli.main_parser import create_main_parser
  File "D:\d\AI\DIA3\.venv\Lib\site-packages\pip\_internal\cli\main_parser.py", line 9, in <module>
    from pip._internal.build_env import get_runnable_pip
  File "D:\d\AI\DIA3\.venv\Lib\site-packages\pip\_internal\build_env.py", line 16, in <module>
    from pip._vendor.packaging.version import Version
  File "D:\d\AI\DIA3\.venv\Lib\site-packages\pip\_vendor\packaging\version.py", line 530
    ) -> CmpKey:
    ^
SyntaxError: closing parenthesis ')' does not match opening parenthesis '[' on line 528

2025-08-14 21:12:54,745 - DEBUG - Running command: \d\AI\DIA3\.venv\Scripts\python.exe -m pip install requests>=2.31.0
2025-08-14 21:12:54,955 - WARNING - Failed to install requests>=2.31.0: Traceback (most recent call last):
  File "<frozen runpy>", line 198, in _run_module_as_main
  File "<frozen runpy>", line 88, in _run_code
  File "D:\d\AI\DIA3\.venv\Lib\site-packages\pip\__main__.py", line 22, in <module>
    from pip._internal.cli.main import main as _main
  File "D:\d\AI\DIA3\.venv\Lib\site-packages\pip\_internal\cli\main.py", line 11, in <module>
    from pip._internal.cli.autocompletion import autocomplete
  File "D:\d\AI\DIA3\.venv\Lib\site-packages\pip\_internal\cli\autocompletion.py", line 12, in <module>
    from pip._internal.cli.main_parser import create_main_parser
  File "D:\d\AI\DIA3\.venv\Lib\site-packages\pip\_internal\cli\main_parser.py", line 9, in <module>
    from pip._internal.build_env import get_runnable_pip
  File "D:\d\AI\DIA3\.venv\Lib\site-packages\pip\_internal\build_env.py", line 16, in <module>
    from pip._vendor.packaging.version import Version
  File "D:\d\AI\DIA3\.venv\Lib\site-packages\pip\_vendor\packaging\version.py", line 530
    ) -> CmpKey:
    ^
SyntaxError: closing parenthesis ')' does not match opening parenthesis '[' on line 528

2025-08-14 21:12:54,955 - DEBUG - Running command: \d\AI\DIA3\.venv\Scripts\python.exe -m pip install python-dotenv>=1.0.0
2025-08-14 21:12:55,199 - WARNING - Failed to install python-dotenv>=1.0.0: Traceback (most recent call last):
  File "<frozen runpy>", line 198, in _run_module_as_main
  File "<frozen runpy>", line 88, in _run_code
  File "D:\d\AI\DIA3\.venv\Lib\site-packages\pip\__main__.py", line 22, in <module>
    from pip._internal.cli.main import main as _main
  File "D:\d\AI\DIA3\.venv\Lib\site-packages\pip\_internal\cli\main.py", line 11, in <module>
    from pip._internal.cli.autocompletion import autocomplete
  File "D:\d\AI\DIA3\.venv\Lib\site-packages\pip\_internal\cli\autocompletion.py", line 12, in <module>
    from pip._internal.cli.main_parser import create_main_parser
  File "D:\d\AI\DIA3\.venv\Lib\site-packages\pip\_internal\cli\main_parser.py", line 9, in <module>
    from pip._internal.build_env import get_runnable_pip
  File "D:\d\AI\DIA3\.venv\Lib\site-packages\pip\_internal\build_env.py", line 16, in <module>
    from pip._vendor.packaging.version import Version
  File "D:\d\AI\DIA3\.venv\Lib\site-packages\pip\_vendor\packaging\version.py", line 530
    ) -> CmpKey:
    ^
SyntaxError: closing parenthesis ')' does not match opening parenthesis '[' on line 528

2025-08-14 21:12:55,200 - INFO - Testing core imports...
2025-08-14 21:12:55,200 - DEBUG - Running command: \d\AI\DIA3\.venv\Scripts\python.exe -c import sys; print(f'Python {sys.version}'); import fastapi, uvicorn, pydantic; print('Core imports successful')
2025-08-14 21:12:55,426 - ERROR - Failed to test DIA3 environment: Traceback (most recent call last):
  File "<string>", line 1, in <module>
    import sys; print(f'Python {sys.version}'); import fastapi, uvicorn, pydantic; print('Core imports successful')
                                                ^^^^^^^^^^^^^^^^^^^^^^^^^^^^^^^^^
  File "D:\d\AI\DIA3\.venv\Lib\site-packages\fastapi\__init__.py", line 7, in <module>
    from .applications import FastAPI as FastAPI
  File "D:\d\AI\DIA3\.venv\Lib\site-packages\fastapi\applications.py", line 822
    ) -> None:
    ^
SyntaxError: closing parenthesis ')' does not match opening parenthesis '[' on line 813

2025-08-14 21:12:55,427 - ERROR - Phase 3: Environment Setup failed. Stopping migration process.
2025-08-14 21:12:55,428 - ERROR - 
Migration failed!
2025-08-14 21:12:55,429 - ERROR - Check logs for detailed error information
2025-08-14 21:14:52,732 - INFO - 
==================================================
2025-08-14 21:14:52,732 - INFO - Starting Phase 1: Source Analysis
2025-08-14 21:14:52,732 - INFO - ==================================================
2025-08-14 21:14:52,733 - INFO - === PHASE 1: Source Environment Analysis ===
2025-08-14 21:14:52,733 - INFO - Source directory found: \d\AI\Sentiment
2025-08-14 21:14:52,789 - WARNING - Source virtual environment not found
2025-08-14 21:14:52,789 - INFO - Creating backup of source environment...
2025-08-14 21:14:52,885 - INFO - Analyzing source dependencies...
2025-08-14 21:14:52,885 - INFO - Running baseline tests on source...
2025-08-14 21:14:52,886 - WARNING - Source Python not found, skipping baseline tests
2025-08-14 21:14:52,886 - INFO - Phase 1: Source Analysis completed successfully!
2025-08-14 21:14:52,886 - INFO - 
==================================================
2025-08-14 21:14:52,886 - INFO - Starting Phase 2: Code Migration
2025-08-14 21:14:52,886 - INFO - ==================================================
2025-08-14 21:14:52,887 - INFO - === PHASE 2: Code Migration and Compatibility Updates ===
2025-08-14 21:14:52,887 - DEBUG - Running command: python3.13 --version
2025-08-14 21:14:52,891 - ERROR - Command failed: python3.13 --version - [WinError 2] The system cannot find the file specified
2025-08-14 21:14:52,892 - DEBUG - Running command: python3.12 --version
2025-08-14 21:14:52,898 - ERROR - Command failed: python3.12 --version - [WinError 2] The system cannot find the file specified
2025-08-14 21:14:52,898 - DEBUG - Running command: python3.11 --version
2025-08-14 21:14:52,904 - ERROR - Command failed: python3.11 --version - [WinError 2] The system cannot find the file specified
2025-08-14 21:14:52,904 - DEBUG - Running command: python3.10 --version
2025-08-14 21:14:52,910 - ERROR - Command failed: python3.10 --version - [WinError 2] The system cannot find the file specified
2025-08-14 21:14:52,910 - DEBUG - Running command: python --version
2025-08-14 21:14:52,935 - INFO - Using system Python: Python 3.10.18
2025-08-14 21:14:52,935 - INFO - Using latest Python version: python
2025-08-14 21:14:52,935 - INFO - Creating DIA3 directory structure...
2025-08-14 21:14:52,936 - INFO - DIA3 directory structure created
2025-08-14 21:14:52,937 - INFO - Copying source code to DIA3...
2025-08-14 21:14:52,939 - INFO - Source code copied to DIA3
2025-08-14 21:14:52,940 - INFO - Updating code for latest Python compatibility...
2025-08-14 21:14:52,940 - INFO - Updating collections imports...
2025-08-14 21:14:53,107 - INFO - Updating importlib usage...
2025-08-14 21:14:53,231 - INFO - Updating type hints...
2025-08-14 21:14:53,354 - INFO - Updating configuration files...
2025-08-14 21:14:53,354 - INFO - Phase 2: Code Migration completed successfully!
2025-08-14 21:14:53,355 - INFO - 
==================================================
2025-08-14 21:14:53,355 - INFO - Starting Phase 3: Environment Setup
2025-08-14 21:14:53,355 - INFO - ==================================================
2025-08-14 21:14:53,355 - INFO - === PHASE 3: DIA3 Environment Setup ===
2025-08-14 21:14:53,355 - DEBUG - Running command: python3.13 --version
2025-08-14 21:14:53,362 - ERROR - Command failed: python3.13 --version - [WinError 2] The system cannot find the file specified
2025-08-14 21:14:53,362 - DEBUG - Running command: python3.12 --version
2025-08-14 21:14:53,371 - ERROR - Command failed: python3.12 --version - [WinError 2] The system cannot find the file specified
2025-08-14 21:14:53,371 - DEBUG - Running command: python3.11 --version
2025-08-14 21:14:53,378 - ERROR - Command failed: python3.11 --version - [WinError 2] The system cannot find the file specified
2025-08-14 21:14:53,379 - DEBUG - Running command: python3.10 --version
2025-08-14 21:14:53,387 - ERROR - Command failed: python3.10 --version - [WinError 2] The system cannot find the file specified
2025-08-14 21:14:53,388 - DEBUG - Running command: python --version
2025-08-14 21:14:53,403 - INFO - Using system Python: Python 3.10.18
2025-08-14 21:14:53,403 - INFO - Creating virtual environment in DIA3...
2025-08-14 21:14:53,405 - INFO - DIA3 virtual environment already exists
2025-08-14 21:14:53,405 - DEBUG - Running command: \d\AI\DIA3\.venv\Scripts\python.exe --version
2025-08-14 21:14:53,439 - INFO - DIA3 Python version: Python 3.13.5
2025-08-14 21:14:53,439 - INFO - Upgrading pip...
2025-08-14 21:14:53,440 - DEBUG - Running command: \d\AI\DIA3\.venv\Scripts\python.exe -m pip install --upgrade pip
2025-08-14 21:14:53,591 - INFO - Installing dependencies...
2025-08-14 21:14:53,591 - INFO - Installing core dependencies...
2025-08-14 21:14:53,593 - DEBUG - Running command: \d\AI\DIA3\.venv\Scripts\python.exe -m pip install fastapi>=0.104.0
2025-08-14 21:14:53,726 - WARNING - Failed to install fastapi>=0.104.0: Traceback (most recent call last):
  File "<frozen runpy>", line 198, in _run_module_as_main
  File "<frozen runpy>", line 88, in _run_code
  File "D:\d\AI\DIA3\.venv\Lib\site-packages\pip\__main__.py", line 22, in <module>
    from pip._internal.cli.main import main as _main
  File "D:\d\AI\DIA3\.venv\Lib\site-packages\pip\_internal\cli\main.py", line 11, in <module>
    from pip._internal.cli.autocompletion import autocomplete
  File "D:\d\AI\DIA3\.venv\Lib\site-packages\pip\_internal\cli\autocompletion.py", line 12, in <module>
    from pip._internal.cli.main_parser import create_main_parser
  File "D:\d\AI\DIA3\.venv\Lib\site-packages\pip\_internal\cli\main_parser.py", line 9, in <module>
    from pip._internal.build_env import get_runnable_pip
  File "D:\d\AI\DIA3\.venv\Lib\site-packages\pip\_internal\build_env.py", line 16, in <module>
    from pip._vendor.packaging.version import Version
  File "D:\d\AI\DIA3\.venv\Lib\site-packages\pip\_vendor\packaging\version.py", line 530
    ) -> CmpKey:
    ^
SyntaxError: closing parenthesis ')' does not match opening parenthesis '[' on line 528

2025-08-14 21:14:53,727 - DEBUG - Running command: \d\AI\DIA3\.venv\Scripts\python.exe -m pip install uvicorn>=0.24.0
2025-08-14 21:14:53,879 - WARNING - Failed to install uvicorn>=0.24.0: Traceback (most recent call last):
  File "<frozen runpy>", line 198, in _run_module_as_main
  File "<frozen runpy>", line 88, in _run_code
  File "D:\d\AI\DIA3\.venv\Lib\site-packages\pip\__main__.py", line 22, in <module>
    from pip._internal.cli.main import main as _main
  File "D:\d\AI\DIA3\.venv\Lib\site-packages\pip\_internal\cli\main.py", line 11, in <module>
    from pip._internal.cli.autocompletion import autocomplete
  File "D:\d\AI\DIA3\.venv\Lib\site-packages\pip\_internal\cli\autocompletion.py", line 12, in <module>
    from pip._internal.cli.main_parser import create_main_parser
  File "D:\d\AI\DIA3\.venv\Lib\site-packages\pip\_internal\cli\main_parser.py", line 9, in <module>
    from pip._internal.build_env import get_runnable_pip
  File "D:\d\AI\DIA3\.venv\Lib\site-packages\pip\_internal\build_env.py", line 16, in <module>
    from pip._vendor.packaging.version import Version
  File "D:\d\AI\DIA3\.venv\Lib\site-packages\pip\_vendor\packaging\version.py", line 530
    ) -> CmpKey:
    ^
SyntaxError: closing parenthesis ')' does not match opening parenthesis '[' on line 528

2025-08-14 21:14:53,880 - DEBUG - Running command: \d\AI\DIA3\.venv\Scripts\python.exe -m pip install pydantic>=2.5.0
2025-08-14 21:14:54,022 - WARNING - Failed to install pydantic>=2.5.0: Traceback (most recent call last):
  File "<frozen runpy>", line 198, in _run_module_as_main
  File "<frozen runpy>", line 88, in _run_code
  File "D:\d\AI\DIA3\.venv\Lib\site-packages\pip\__main__.py", line 22, in <module>
    from pip._internal.cli.main import main as _main
  File "D:\d\AI\DIA3\.venv\Lib\site-packages\pip\_internal\cli\main.py", line 11, in <module>
    from pip._internal.cli.autocompletion import autocomplete
  File "D:\d\AI\DIA3\.venv\Lib\site-packages\pip\_internal\cli\autocompletion.py", line 12, in <module>
    from pip._internal.cli.main_parser import create_main_parser
  File "D:\d\AI\DIA3\.venv\Lib\site-packages\pip\_internal\cli\main_parser.py", line 9, in <module>
    from pip._internal.build_env import get_runnable_pip
  File "D:\d\AI\DIA3\.venv\Lib\site-packages\pip\_internal\build_env.py", line 16, in <module>
    from pip._vendor.packaging.version import Version
  File "D:\d\AI\DIA3\.venv\Lib\site-packages\pip\_vendor\packaging\version.py", line 530
    ) -> CmpKey:
    ^
SyntaxError: closing parenthesis ')' does not match opening parenthesis '[' on line 528

2025-08-14 21:14:54,022 - DEBUG - Running command: \d\AI\DIA3\.venv\Scripts\python.exe -m pip install numpy>=1.24.0
2025-08-14 21:14:54,162 - WARNING - Failed to install numpy>=1.24.0: Traceback (most recent call last):
  File "<frozen runpy>", line 198, in _run_module_as_main
  File "<frozen runpy>", line 88, in _run_code
  File "D:\d\AI\DIA3\.venv\Lib\site-packages\pip\__main__.py", line 22, in <module>
    from pip._internal.cli.main import main as _main
  File "D:\d\AI\DIA3\.venv\Lib\site-packages\pip\_internal\cli\main.py", line 11, in <module>
    from pip._internal.cli.autocompletion import autocomplete
  File "D:\d\AI\DIA3\.venv\Lib\site-packages\pip\_internal\cli\autocompletion.py", line 12, in <module>
    from pip._internal.cli.main_parser import create_main_parser
  File "D:\d\AI\DIA3\.venv\Lib\site-packages\pip\_internal\cli\main_parser.py", line 9, in <module>
    from pip._internal.build_env import get_runnable_pip
  File "D:\d\AI\DIA3\.venv\Lib\site-packages\pip\_internal\build_env.py", line 16, in <module>
    from pip._vendor.packaging.version import Version
  File "D:\d\AI\DIA3\.venv\Lib\site-packages\pip\_vendor\packaging\version.py", line 530
    ) -> CmpKey:
    ^
SyntaxError: closing parenthesis ')' does not match opening parenthesis '[' on line 528

2025-08-14 21:14:54,162 - DEBUG - Running command: \d\AI\DIA3\.venv\Scripts\python.exe -m pip install pandas>=2.0.0
2025-08-14 21:14:54,309 - WARNING - Failed to install pandas>=2.0.0: Traceback (most recent call last):
  File "<frozen runpy>", line 198, in _run_module_as_main
  File "<frozen runpy>", line 88, in _run_code
  File "D:\d\AI\DIA3\.venv\Lib\site-packages\pip\__main__.py", line 22, in <module>
    from pip._internal.cli.main import main as _main
  File "D:\d\AI\DIA3\.venv\Lib\site-packages\pip\_internal\cli\main.py", line 11, in <module>
    from pip._internal.cli.autocompletion import autocomplete
  File "D:\d\AI\DIA3\.venv\Lib\site-packages\pip\_internal\cli\autocompletion.py", line 12, in <module>
    from pip._internal.cli.main_parser import create_main_parser
  File "D:\d\AI\DIA3\.venv\Lib\site-packages\pip\_internal\cli\main_parser.py", line 9, in <module>
    from pip._internal.build_env import get_runnable_pip
  File "D:\d\AI\DIA3\.venv\Lib\site-packages\pip\_internal\build_env.py", line 16, in <module>
    from pip._vendor.packaging.version import Version
  File "D:\d\AI\DIA3\.venv\Lib\site-packages\pip\_vendor\packaging\version.py", line 530
    ) -> CmpKey:
    ^
SyntaxError: closing parenthesis ')' does not match opening parenthesis '[' on line 528

2025-08-14 21:14:54,310 - DEBUG - Running command: \d\AI\DIA3\.venv\Scripts\python.exe -m pip install requests>=2.31.0
2025-08-14 21:14:54,457 - WARNING - Failed to install requests>=2.31.0: Traceback (most recent call last):
  File "<frozen runpy>", line 198, in _run_module_as_main
  File "<frozen runpy>", line 88, in _run_code
  File "D:\d\AI\DIA3\.venv\Lib\site-packages\pip\__main__.py", line 22, in <module>
    from pip._internal.cli.main import main as _main
  File "D:\d\AI\DIA3\.venv\Lib\site-packages\pip\_internal\cli\main.py", line 11, in <module>
    from pip._internal.cli.autocompletion import autocomplete
  File "D:\d\AI\DIA3\.venv\Lib\site-packages\pip\_internal\cli\autocompletion.py", line 12, in <module>
    from pip._internal.cli.main_parser import create_main_parser
  File "D:\d\AI\DIA3\.venv\Lib\site-packages\pip\_internal\cli\main_parser.py", line 9, in <module>
    from pip._internal.build_env import get_runnable_pip
  File "D:\d\AI\DIA3\.venv\Lib\site-packages\pip\_internal\build_env.py", line 16, in <module>
    from pip._vendor.packaging.version import Version
  File "D:\d\AI\DIA3\.venv\Lib\site-packages\pip\_vendor\packaging\version.py", line 530
    ) -> CmpKey:
    ^
SyntaxError: closing parenthesis ')' does not match opening parenthesis '[' on line 528

2025-08-14 21:14:54,457 - DEBUG - Running command: \d\AI\DIA3\.venv\Scripts\python.exe -m pip install python-dotenv>=1.0.0
2025-08-14 21:14:54,601 - WARNING - Failed to install python-dotenv>=1.0.0: Traceback (most recent call last):
  File "<frozen runpy>", line 198, in _run_module_as_main
  File "<frozen runpy>", line 88, in _run_code
  File "D:\d\AI\DIA3\.venv\Lib\site-packages\pip\__main__.py", line 22, in <module>
    from pip._internal.cli.main import main as _main
  File "D:\d\AI\DIA3\.venv\Lib\site-packages\pip\_internal\cli\main.py", line 11, in <module>
    from pip._internal.cli.autocompletion import autocomplete
  File "D:\d\AI\DIA3\.venv\Lib\site-packages\pip\_internal\cli\autocompletion.py", line 12, in <module>
    from pip._internal.cli.main_parser import create_main_parser
  File "D:\d\AI\DIA3\.venv\Lib\site-packages\pip\_internal\cli\main_parser.py", line 9, in <module>
    from pip._internal.build_env import get_runnable_pip
  File "D:\d\AI\DIA3\.venv\Lib\site-packages\pip\_internal\build_env.py", line 16, in <module>
    from pip._vendor.packaging.version import Version
  File "D:\d\AI\DIA3\.venv\Lib\site-packages\pip\_vendor\packaging\version.py", line 530
    ) -> CmpKey:
    ^
SyntaxError: closing parenthesis ')' does not match opening parenthesis '[' on line 528

2025-08-14 21:14:54,601 - INFO - Testing core imports...
2025-08-14 21:14:54,602 - DEBUG - Running command: \d\AI\DIA3\.venv\Scripts\python.exe -c import sys; print(f'Python {sys.version}'); import fastapi, uvicorn, pydantic; print('Core imports successful')
2025-08-14 21:14:54,696 - ERROR - Failed to test DIA3 environment: Traceback (most recent call last):
  File "<string>", line 1, in <module>
    import sys; print(f'Python {sys.version}'); import fastapi, uvicorn, pydantic; print('Core imports successful')
                                                ^^^^^^^^^^^^^^^^^^^^^^^^^^^^^^^^^
  File "D:\d\AI\DIA3\.venv\Lib\site-packages\fastapi\__init__.py", line 7, in <module>
    from .applications import FastAPI as FastAPI
  File "D:\d\AI\DIA3\.venv\Lib\site-packages\fastapi\applications.py", line 822
    ) -> None:
    ^
SyntaxError: closing parenthesis ')' does not match opening parenthesis '[' on line 813

2025-08-14 21:14:54,697 - ERROR - Phase 3: Environment Setup failed. Stopping migration process.
2025-08-14 21:14:54,697 - ERROR - 
Migration failed!
2025-08-14 21:14:54,697 - ERROR - Check logs for detailed error information
2025-08-14 21:15:08,882 - INFO - 
==================================================
2025-08-14 21:15:09,328 - INFO - Running Phase 4: Testing
2025-08-14 21:15:09,328 - INFO - ==================================================
2025-08-14 21:15:09,329 - INFO - === PHASE 4: Testing and Validation ===
2025-08-14 21:15:09,381 - INFO - Running unit tests...
2025-08-14 21:15:09,382 - WARNING - Test path Test/unit/ does not exist, skipping
2025-08-14 21:15:09,382 - INFO - Running integration tests...
2025-08-14 21:15:09,382 - WARNING - Test path Test/integration/ does not exist, skipping
2025-08-14 21:15:09,382 - INFO - Running performance tests...
2025-08-14 21:15:09,382 - WARNING - Test path Test/performance/ does not exist, skipping
2025-08-14 21:15:09,382 - INFO - Running functional tests...
2025-08-14 21:15:09,383 - INFO - Running performance benchmarks...
2025-08-14 21:15:09,383 - INFO - 
Migration from Sentiment to DIA3 completed successfully!
2025-08-14 21:15:09,383 - INFO - Check logs/migration_sentiment_to_dia3_report.json for detailed results
2025-08-14 21:15:09,383 - INFO - Use DIA3/.venv/Scripts/python.exe for latest Python version
2025-08-14 21:15:12,647 - INFO - 
==================================================
2025-08-14 21:15:12,648 - INFO - Running Phase 5: Verification
2025-08-14 21:15:12,648 - INFO - ==================================================
2025-08-14 21:15:12,648 - INFO - === PHASE 5: Final Verification and Reporting ===
2025-08-14 21:15:12,700 - INFO - Testing API server...
2025-08-14 21:15:12,701 - WARNING - main.py not found, skipping API server test
2025-08-14 21:15:12,701 - INFO - Running code quality checks...
2025-08-14 21:15:12,701 - DEBUG - Running command: \d\AI\DIA3\.venv\Scripts\python.exe -m black --check src/
2025-08-14 21:15:12,757 - DEBUG - Running command: \d\AI\DIA3\.venv\Scripts\python.exe -m mypy src/
2025-08-14 21:15:12,810 - INFO - Generating final report...
2025-08-14 21:15:12,810 - INFO - Final report generated: logs/migration_sentiment_to_dia3_report.json
2025-08-14 21:15:12,810 - INFO - 
Migration from Sentiment to DIA3 completed successfully!
2025-08-14 21:15:12,810 - INFO - Check logs/migration_sentiment_to_dia3_report.json for detailed results
2025-08-14 21:15:12,810 - INFO - Use DIA3/.venv/Scripts/python.exe for latest Python version
2025-08-14 21:17:28,188 - INFO - 
==================================================
2025-08-14 21:17:28,188 - INFO - Starting Phase 1: Source Analysis
2025-08-14 21:17:28,188 - INFO - ==================================================
2025-08-14 21:17:28,189 - INFO - === PHASE 1: Source Environment Analysis ===
2025-08-14 21:17:28,189 - INFO - Source directory found: \d\AI\Sentiment
2025-08-14 21:17:28,232 - WARNING - Source virtual environment not found
2025-08-14 21:17:28,232 - INFO - Creating backup of source environment...
2025-08-14 21:17:28,238 - INFO - Analyzing source dependencies...
2025-08-14 21:17:28,238 - INFO - Running baseline tests on source...
2025-08-14 21:17:28,238 - WARNING - Source Python not found, skipping baseline tests
2025-08-14 21:17:28,239 - INFO - Phase 1: Source Analysis completed successfully!
2025-08-14 21:17:28,239 - INFO - 
==================================================
2025-08-14 21:17:28,239 - INFO - Starting Phase 2: Code Migration
2025-08-14 21:17:28,240 - INFO - ==================================================
2025-08-14 21:17:28,240 - INFO - === PHASE 2: Code Migration and Compatibility Updates ===
2025-08-14 21:17:28,245 - ERROR - Command failed: python3.13 --version - [WinError 2] The system cannot find the file specified
2025-08-14 21:17:28,250 - ERROR - Command failed: python3.12 --version - [WinError 2] The system cannot find the file specified
2025-08-14 21:17:28,257 - ERROR - Command failed: python3.11 --version - [WinError 2] The system cannot find the file specified
2025-08-14 21:17:28,262 - ERROR - Command failed: python3.10 --version - [WinError 2] The system cannot find the file specified
2025-08-14 21:17:28,275 - INFO - Using system Python: Python 3.10.18
2025-08-14 21:17:28,275 - INFO - Using latest Python version: python
2025-08-14 21:17:28,276 - INFO - Creating DIA3 directory structure...
2025-08-14 21:17:28,277 - INFO - DIA3 directory structure created
2025-08-14 21:17:28,277 - INFO - Copying source code to DIA3...
2025-08-14 21:17:28,278 - INFO - Source code copied to DIA3
2025-08-14 21:17:28,278 - INFO - Updating code for latest Python compatibility...
2025-08-14 21:17:28,278 - INFO - Updating collections imports...
2025-08-14 21:17:28,401 - INFO - Updating importlib usage...
2025-08-14 21:17:28,507 - INFO - Updating type hints...
2025-08-14 21:17:28,611 - INFO - Updating configuration files...
2025-08-14 21:17:28,612 - INFO - Phase 2: Code Migration completed successfully!
2025-08-14 21:17:28,612 - INFO - 
==================================================
2025-08-14 21:17:28,612 - INFO - Starting Phase 3: Environment Setup
2025-08-14 21:17:28,613 - INFO - ==================================================
2025-08-14 21:17:28,613 - INFO - === PHASE 3: DIA3 Environment Setup ===
2025-08-14 21:17:28,618 - ERROR - Command failed: python3.13 --version - [WinError 2] The system cannot find the file specified
2025-08-14 21:17:28,622 - ERROR - Command failed: python3.12 --version - [WinError 2] The system cannot find the file specified
2025-08-14 21:17:28,626 - ERROR - Command failed: python3.11 --version - [WinError 2] The system cannot find the file specified
2025-08-14 21:17:28,632 - ERROR - Command failed: python3.10 --version - [WinError 2] The system cannot find the file specified
2025-08-14 21:17:28,644 - INFO - Using system Python: Python 3.10.18
2025-08-14 21:17:28,646 - INFO - Creating virtual environment in DIA3...
2025-08-14 21:17:28,646 - INFO - DIA3 virtual environment already exists
2025-08-14 21:17:28,673 - INFO - DIA3 Python version: Python 3.13.5
2025-08-14 21:17:28,674 - INFO - Upgrading pip...
2025-08-14 21:17:28,787 - INFO - Installing dependencies...
2025-08-14 21:17:28,787 - INFO - Installing core dependencies...
2025-08-14 21:17:28,885 - WARNING - Failed to install fastapi>=0.104.0: Traceback (most recent call last):
  File "<frozen runpy>", line 198, in _run_module_as_main
  File "<frozen runpy>", line 88, in _run_code
  File "D:\d\AI\DIA3\.venv\Lib\site-packages\pip\__main__.py", line 22, in <module>
    from pip._internal.cli.main import main as _main
  File "D:\d\AI\DIA3\.venv\Lib\site-packages\pip\_internal\cli\main.py", line 11, in <module>
    from pip._internal.cli.autocompletion import autocomplete
  File "D:\d\AI\DIA3\.venv\Lib\site-packages\pip\_internal\cli\autocompletion.py", line 12, in <module>
    from pip._internal.cli.main_parser import create_main_parser
  File "D:\d\AI\DIA3\.venv\Lib\site-packages\pip\_internal\cli\main_parser.py", line 9, in <module>
    from pip._internal.build_env import get_runnable_pip
  File "D:\d\AI\DIA3\.venv\Lib\site-packages\pip\_internal\build_env.py", line 16, in <module>
    from pip._vendor.packaging.version import Version
  File "D:\d\AI\DIA3\.venv\Lib\site-packages\pip\_vendor\packaging\version.py", line 530
    ) -> CmpKey:
    ^
SyntaxError: closing parenthesis ')' does not match opening parenthesis '[' on line 528

2025-08-14 21:17:28,995 - WARNING - Failed to install uvicorn>=0.24.0: Traceback (most recent call last):
  File "<frozen runpy>", line 198, in _run_module_as_main
  File "<frozen runpy>", line 88, in _run_code
  File "D:\d\AI\DIA3\.venv\Lib\site-packages\pip\__main__.py", line 22, in <module>
    from pip._internal.cli.main import main as _main
  File "D:\d\AI\DIA3\.venv\Lib\site-packages\pip\_internal\cli\main.py", line 11, in <module>
    from pip._internal.cli.autocompletion import autocomplete
  File "D:\d\AI\DIA3\.venv\Lib\site-packages\pip\_internal\cli\autocompletion.py", line 12, in <module>
    from pip._internal.cli.main_parser import create_main_parser
  File "D:\d\AI\DIA3\.venv\Lib\site-packages\pip\_internal\cli\main_parser.py", line 9, in <module>
    from pip._internal.build_env import get_runnable_pip
  File "D:\d\AI\DIA3\.venv\Lib\site-packages\pip\_internal\build_env.py", line 16, in <module>
    from pip._vendor.packaging.version import Version
  File "D:\d\AI\DIA3\.venv\Lib\site-packages\pip\_vendor\packaging\version.py", line 530
    ) -> CmpKey:
    ^
SyntaxError: closing parenthesis ')' does not match opening parenthesis '[' on line 528

2025-08-14 21:17:29,097 - WARNING - Failed to install pydantic>=2.5.0: Traceback (most recent call last):
  File "<frozen runpy>", line 198, in _run_module_as_main
  File "<frozen runpy>", line 88, in _run_code
  File "D:\d\AI\DIA3\.venv\Lib\site-packages\pip\__main__.py", line 22, in <module>
    from pip._internal.cli.main import main as _main
  File "D:\d\AI\DIA3\.venv\Lib\site-packages\pip\_internal\cli\main.py", line 11, in <module>
    from pip._internal.cli.autocompletion import autocomplete
  File "D:\d\AI\DIA3\.venv\Lib\site-packages\pip\_internal\cli\autocompletion.py", line 12, in <module>
    from pip._internal.cli.main_parser import create_main_parser
  File "D:\d\AI\DIA3\.venv\Lib\site-packages\pip\_internal\cli\main_parser.py", line 9, in <module>
    from pip._internal.build_env import get_runnable_pip
  File "D:\d\AI\DIA3\.venv\Lib\site-packages\pip\_internal\build_env.py", line 16, in <module>
    from pip._vendor.packaging.version import Version
  File "D:\d\AI\DIA3\.venv\Lib\site-packages\pip\_vendor\packaging\version.py", line 530
    ) -> CmpKey:
    ^
SyntaxError: closing parenthesis ')' does not match opening parenthesis '[' on line 528

2025-08-14 21:17:29,190 - WARNING - Failed to install numpy>=1.24.0: Traceback (most recent call last):
  File "<frozen runpy>", line 198, in _run_module_as_main
  File "<frozen runpy>", line 88, in _run_code
  File "D:\d\AI\DIA3\.venv\Lib\site-packages\pip\__main__.py", line 22, in <module>
    from pip._internal.cli.main import main as _main
  File "D:\d\AI\DIA3\.venv\Lib\site-packages\pip\_internal\cli\main.py", line 11, in <module>
    from pip._internal.cli.autocompletion import autocomplete
  File "D:\d\AI\DIA3\.venv\Lib\site-packages\pip\_internal\cli\autocompletion.py", line 12, in <module>
    from pip._internal.cli.main_parser import create_main_parser
  File "D:\d\AI\DIA3\.venv\Lib\site-packages\pip\_internal\cli\main_parser.py", line 9, in <module>
    from pip._internal.build_env import get_runnable_pip
  File "D:\d\AI\DIA3\.venv\Lib\site-packages\pip\_internal\build_env.py", line 16, in <module>
    from pip._vendor.packaging.version import Version
  File "D:\d\AI\DIA3\.venv\Lib\site-packages\pip\_vendor\packaging\version.py", line 530
    ) -> CmpKey:
    ^
SyntaxError: closing parenthesis ')' does not match opening parenthesis '[' on line 528

2025-08-14 21:17:29,288 - WARNING - Failed to install pandas>=2.0.0: Traceback (most recent call last):
  File "<frozen runpy>", line 198, in _run_module_as_main
  File "<frozen runpy>", line 88, in _run_code
  File "D:\d\AI\DIA3\.venv\Lib\site-packages\pip\__main__.py", line 22, in <module>
    from pip._internal.cli.main import main as _main
  File "D:\d\AI\DIA3\.venv\Lib\site-packages\pip\_internal\cli\main.py", line 11, in <module>
    from pip._internal.cli.autocompletion import autocomplete
  File "D:\d\AI\DIA3\.venv\Lib\site-packages\pip\_internal\cli\autocompletion.py", line 12, in <module>
    from pip._internal.cli.main_parser import create_main_parser
  File "D:\d\AI\DIA3\.venv\Lib\site-packages\pip\_internal\cli\main_parser.py", line 9, in <module>
    from pip._internal.build_env import get_runnable_pip
  File "D:\d\AI\DIA3\.venv\Lib\site-packages\pip\_internal\build_env.py", line 16, in <module>
    from pip._vendor.packaging.version import Version
  File "D:\d\AI\DIA3\.venv\Lib\site-packages\pip\_vendor\packaging\version.py", line 530
    ) -> CmpKey:
    ^
SyntaxError: closing parenthesis ')' does not match opening parenthesis '[' on line 528

2025-08-14 21:17:29,385 - WARNING - Failed to install requests>=2.31.0: Traceback (most recent call last):
  File "<frozen runpy>", line 198, in _run_module_as_main
  File "<frozen runpy>", line 88, in _run_code
  File "D:\d\AI\DIA3\.venv\Lib\site-packages\pip\__main__.py", line 22, in <module>
    from pip._internal.cli.main import main as _main
  File "D:\d\AI\DIA3\.venv\Lib\site-packages\pip\_internal\cli\main.py", line 11, in <module>
    from pip._internal.cli.autocompletion import autocomplete
  File "D:\d\AI\DIA3\.venv\Lib\site-packages\pip\_internal\cli\autocompletion.py", line 12, in <module>
    from pip._internal.cli.main_parser import create_main_parser
  File "D:\d\AI\DIA3\.venv\Lib\site-packages\pip\_internal\cli\main_parser.py", line 9, in <module>
    from pip._internal.build_env import get_runnable_pip
  File "D:\d\AI\DIA3\.venv\Lib\site-packages\pip\_internal\build_env.py", line 16, in <module>
    from pip._vendor.packaging.version import Version
  File "D:\d\AI\DIA3\.venv\Lib\site-packages\pip\_vendor\packaging\version.py", line 530
    ) -> CmpKey:
    ^
SyntaxError: closing parenthesis ')' does not match opening parenthesis '[' on line 528

2025-08-14 21:17:29,485 - WARNING - Failed to install python-dotenv>=1.0.0: Traceback (most recent call last):
  File "<frozen runpy>", line 198, in _run_module_as_main
  File "<frozen runpy>", line 88, in _run_code
  File "D:\d\AI\DIA3\.venv\Lib\site-packages\pip\__main__.py", line 22, in <module>
    from pip._internal.cli.main import main as _main
  File "D:\d\AI\DIA3\.venv\Lib\site-packages\pip\_internal\cli\main.py", line 11, in <module>
    from pip._internal.cli.autocompletion import autocomplete
  File "D:\d\AI\DIA3\.venv\Lib\site-packages\pip\_internal\cli\autocompletion.py", line 12, in <module>
    from pip._internal.cli.main_parser import create_main_parser
  File "D:\d\AI\DIA3\.venv\Lib\site-packages\pip\_internal\cli\main_parser.py", line 9, in <module>
    from pip._internal.build_env import get_runnable_pip
  File "D:\d\AI\DIA3\.venv\Lib\site-packages\pip\_internal\build_env.py", line 16, in <module>
    from pip._vendor.packaging.version import Version
  File "D:\d\AI\DIA3\.venv\Lib\site-packages\pip\_vendor\packaging\version.py", line 530
    ) -> CmpKey:
    ^
SyntaxError: closing parenthesis ')' does not match opening parenthesis '[' on line 528

2025-08-14 21:17:29,486 - INFO - Testing core imports...
2025-08-14 21:17:29,559 - ERROR - Failed to test DIA3 environment: Traceback (most recent call last):
  File "<string>", line 1, in <module>
    import sys; print(f'Python {sys.version}'); import fastapi, uvicorn, pydantic; print('Core imports successful')
                                                ^^^^^^^^^^^^^^^^^^^^^^^^^^^^^^^^^
  File "D:\d\AI\DIA3\.venv\Lib\site-packages\fastapi\__init__.py", line 7, in <module>
    from .applications import FastAPI as FastAPI
  File "D:\d\AI\DIA3\.venv\Lib\site-packages\fastapi\applications.py", line 822
    ) -> None:
    ^
SyntaxError: closing parenthesis ')' does not match opening parenthesis '[' on line 813

2025-08-14 21:17:29,559 - ERROR - Phase 3: Environment Setup failed. Stopping migration process.
2025-08-14 21:17:29,559 - ERROR - 
Migration failed!
2025-08-14 21:17:29,559 - ERROR - Check logs for detailed error information
2025-08-14 21:18:18,587 - INFO - 
==================================================
2025-08-14 21:18:18,588 - INFO - Running Phase 3: Environment Setup
2025-08-14 21:18:18,588 - INFO - ==================================================
2025-08-14 21:18:18,589 - INFO - === PHASE 3: DIA3 Environment Setup ===
2025-08-14 21:18:18,589 - DEBUG - Running command: python3.13 --version
2025-08-14 21:18:18,596 - ERROR - Command failed: python3.13 --version - [WinError 2] The system cannot find the file specified
2025-08-14 21:18:18,596 - DEBUG - Running command: python3.12 --version
2025-08-14 21:18:18,601 - ERROR - Command failed: python3.12 --version - [WinError 2] The system cannot find the file specified
2025-08-14 21:18:18,602 - DEBUG - Running command: python3.11 --version
2025-08-14 21:18:18,608 - ERROR - Command failed: python3.11 --version - [WinError 2] The system cannot find the file specified
2025-08-14 21:18:18,608 - DEBUG - Running command: python3.10 --version
2025-08-14 21:18:18,615 - ERROR - Command failed: python3.10 --version - [WinError 2] The system cannot find the file specified
2025-08-14 21:18:18,615 - DEBUG - Running command: python --version
2025-08-14 21:18:18,633 - INFO - Using system Python: Python 3.10.18
2025-08-14 21:18:18,633 - INFO - Creating virtual environment in DIA3...
2025-08-14 21:18:18,633 - INFO - DIA3 virtual environment already exists
2025-08-14 21:18:18,695 - DEBUG - Running command: \d\AI\DIA3\.venv\Scripts\python.exe --version
2025-08-14 21:18:18,727 - INFO - DIA3 Python version: Python 3.13.5
2025-08-14 21:18:18,727 - INFO - Using uv for package management, skipping pip upgrade...
2025-08-14 21:18:18,727 - INFO - Installing dependencies...
2025-08-14 21:18:18,728 - INFO - Installing core dependencies using uv...
2025-08-14 21:18:18,728 - DEBUG - Running command: uv add fastapi>=0.104.0 uvicorn>=0.24.0 pydantic>=2.5.0 numpy>=1.24.0 pandas>=2.0.0 requests>=2.31.0 python-dotenv>=1.0.0
2025-08-14 21:18:18,760 - WARNING - Failed to install core dependencies: error: No `pyproject.toml` found in current directory or any parent directory

2025-08-14 21:18:18,760 - INFO - Testing core imports...
2025-08-14 21:18:18,760 - DEBUG - Running command: \d\AI\DIA3\.venv\Scripts\python.exe -c import sys; print(f'Python {sys.version}'); import fastapi, uvicorn, pydantic; print('Core imports successful')
2025-08-14 21:18:18,870 - ERROR - Failed to test DIA3 environment: Traceback (most recent call last):
  File "<string>", line 1, in <module>
    import sys; print(f'Python {sys.version}'); import fastapi, uvicorn, pydantic; print('Core imports successful')
                                                ^^^^^^^^^^^^^^^^^^^^^^^^^^^^^^^^^
  File "D:\d\AI\DIA3\.venv\Lib\site-packages\fastapi\__init__.py", line 7, in <module>
    from .applications import FastAPI as FastAPI
  File "D:\d\AI\DIA3\.venv\Lib\site-packages\fastapi\applications.py", line 822
    ) -> None:
    ^
SyntaxError: closing parenthesis ')' does not match opening parenthesis '[' on line 813

2025-08-14 21:18:18,870 - ERROR - 
Migration failed!
2025-08-14 21:18:18,872 - ERROR - Check logs for detailed error information
2025-08-14 21:18:33,653 - INFO - 
==================================================
2025-08-14 21:18:33,654 - INFO - Running Phase 3: Environment Setup
2025-08-14 21:18:33,654 - INFO - ==================================================
2025-08-14 21:18:33,655 - INFO - === PHASE 3: DIA3 Environment Setup ===
2025-08-14 21:18:33,656 - DEBUG - Running command: python3.13 --version
2025-08-14 21:18:33,664 - ERROR - Command failed: python3.13 --version - [WinError 2] The system cannot find the file specified
2025-08-14 21:18:33,665 - DEBUG - Running command: python3.12 --version
2025-08-14 21:18:33,673 - ERROR - Command failed: python3.12 --version - [WinError 2] The system cannot find the file specified
2025-08-14 21:18:33,674 - DEBUG - Running command: python3.11 --version
2025-08-14 21:18:33,680 - ERROR - Command failed: python3.11 --version - [WinError 2] The system cannot find the file specified
2025-08-14 21:18:33,680 - DEBUG - Running command: python3.10 --version
2025-08-14 21:18:33,686 - ERROR - Command failed: python3.10 --version - [WinError 2] The system cannot find the file specified
2025-08-14 21:18:33,687 - DEBUG - Running command: python --version
2025-08-14 21:18:33,704 - INFO - Using system Python: Python 3.10.18
2025-08-14 21:18:33,704 - INFO - Creating virtual environment in DIA3...
2025-08-14 21:18:33,704 - INFO - DIA3 virtual environment already exists
2025-08-14 21:18:33,778 - DEBUG - Running command: \d\AI\DIA3\.venv\Scripts\python.exe --version
2025-08-14 21:18:33,831 - INFO - DIA3 Python version: Python 3.13.5
2025-08-14 21:18:33,831 - INFO - Using uv for package management, skipping pip upgrade...
2025-08-14 21:18:33,832 - INFO - Installing dependencies...
2025-08-14 21:18:33,833 - INFO - Installing core dependencies using uv...
2025-08-14 21:18:33,833 - DEBUG - Running command: uv add fastapi>=0.104.0 uvicorn>=0.24.0 pydantic>=2.5.0 numpy>=1.24.0 pandas>=2.0.0 requests>=2.31.0 python-dotenv>=1.0.0
2025-08-14 21:18:33,885 - WARNING - Failed to install core dependencies: error: No `pyproject.toml` found in current directory or any parent directory

2025-08-14 21:18:33,885 - INFO - Testing core imports...
2025-08-14 21:18:33,885 - DEBUG - Running command: \d\AI\DIA3\.venv\Scripts\python.exe -c import sys; print(f'Python {sys.version}'); import fastapi, uvicorn, pydantic; print('Core imports successful')
2025-08-14 21:18:34,053 - ERROR - Failed to test DIA3 environment: Traceback (most recent call last):
  File "<string>", line 1, in <module>
    import sys; print(f'Python {sys.version}'); import fastapi, uvicorn, pydantic; print('Core imports successful')
                                                ^^^^^^^^^^^^^^^^^^^^^^^^^^^^^^^^^
  File "D:\d\AI\DIA3\.venv\Lib\site-packages\fastapi\__init__.py", line 7, in <module>
    from .applications import FastAPI as FastAPI
  File "D:\d\AI\DIA3\.venv\Lib\site-packages\fastapi\applications.py", line 822
    ) -> None:
    ^
SyntaxError: closing parenthesis ')' does not match opening parenthesis '[' on line 813

2025-08-14 21:18:34,054 - ERROR - 
Migration failed!
2025-08-14 21:18:34,054 - ERROR - Check logs for detailed error information
2025-08-14 21:24:09,893 - INFO - 
==================================================
2025-08-14 21:24:09,894 - INFO - Running Phase 3: Environment Setup
2025-08-14 21:24:09,894 - INFO - ==================================================
2025-08-14 21:24:09,894 - INFO - === PHASE 3: DIA3 Environment Setup ===
2025-08-14 21:24:09,894 - DEBUG - Running command: python3.13 --version
2025-08-14 21:24:09,902 - ERROR - Command failed: python3.13 --version - [WinError 2] The system cannot find the file specified
2025-08-14 21:24:09,903 - DEBUG - Running command: python3.12 --version
2025-08-14 21:24:09,908 - ERROR - Command failed: python3.12 --version - [WinError 2] The system cannot find the file specified
2025-08-14 21:24:09,908 - DEBUG - Running command: python3.11 --version
2025-08-14 21:24:09,915 - ERROR - Command failed: python3.11 --version - [WinError 2] The system cannot find the file specified
2025-08-14 21:24:09,916 - DEBUG - Running command: python3.10 --version
2025-08-14 21:24:09,923 - ERROR - Command failed: python3.10 --version - [WinError 2] The system cannot find the file specified
2025-08-14 21:24:09,923 - DEBUG - Running command: python --version
2025-08-14 21:24:09,944 - INFO - Using system Python: Python 3.10.18
2025-08-14 21:24:09,945 - INFO - Creating virtual environment in DIA3...
2025-08-14 21:24:09,946 - INFO - DIA3 virtual environment already exists
2025-08-14 21:24:10,004 - DEBUG - Running command: \d\AI\DIA3\.venv\Scripts\python.exe --version
2025-08-14 21:24:10,035 - INFO - DIA3 Python version: Python 3.13.5
2025-08-14 21:24:10,035 - INFO - Using uv for package management, skipping pip upgrade...
2025-08-14 21:24:10,036 - INFO - Installing dependencies...
2025-08-14 21:24:10,036 - INFO - Checking if dependencies are already installed...
2025-08-14 21:24:10,036 - DEBUG - Running command: \d\AI\DIA3\.venv\Scripts\python.exe -c import fastapi, uvicorn, pydantic, numpy, pandas, requests, python_dotenv; print('Dependencies already installed')
2025-08-14 21:24:10,158 - INFO - Installing core dependencies using uv...
2025-08-14 21:24:10,158 - DEBUG - Running command: uv add fastapi>=0.104.0 uvicorn>=0.24.0 pydantic>=2.5.0 numpy>=1.24.0 pandas>=2.0.0 requests>=2.31.0 python-dotenv>=1.0.0
2025-08-14 21:24:10,191 - WARNING - Failed to install core dependencies: error: No `pyproject.toml` found in current directory or any parent directory

2025-08-14 21:24:10,192 - INFO - Testing core imports...
2025-08-14 21:24:10,192 - DEBUG - Running command: \d\AI\DIA3\.venv\Scripts\python.exe -c import sys; print(f'Python {sys.version}'); import fastapi, uvicorn, pydantic; print('Core imports successful')
2025-08-14 21:24:10,335 - ERROR - Failed to test DIA3 environment: Traceback (most recent call last):
  File "<string>", line 1, in <module>
    import sys; print(f'Python {sys.version}'); import fastapi, uvicorn, pydantic; print('Core imports successful')
                                                ^^^^^^^^^^^^^^^^^^^^^^^^^^^^^^^^^
  File "D:\d\AI\DIA3\.venv\Lib\site-packages\fastapi\__init__.py", line 7, in <module>
    from .applications import FastAPI as FastAPI
  File "D:\d\AI\DIA3\.venv\Lib\site-packages\fastapi\applications.py", line 822
    ) -> None:
    ^
SyntaxError: closing parenthesis ')' does not match opening parenthesis '[' on line 813

2025-08-14 21:24:10,335 - ERROR - 
Migration failed!
2025-08-14 21:24:10,335 - ERROR - Check logs for detailed error information
2025-08-14 21:24:55,520 - INFO - 
==================================================
2025-08-14 21:24:55,520 - INFO - Running Phase 3: Environment Setup
2025-08-14 21:24:55,520 - INFO - ==================================================
2025-08-14 21:24:55,520 - INFO - === PHASE 3: DIA3 Environment Setup ===
2025-08-14 21:24:55,520 - DEBUG - Running command: python3.13 --version
2025-08-14 21:24:55,525 - ERROR - Command failed: python3.13 --version - [WinError 2] The system cannot find the file specified
2025-08-14 21:24:55,526 - DEBUG - Running command: python3.12 --version
2025-08-14 21:24:55,532 - ERROR - Command failed: python3.12 --version - [WinError 2] The system cannot find the file specified
2025-08-14 21:24:55,532 - DEBUG - Running command: python3.11 --version
2025-08-14 21:24:55,537 - ERROR - Command failed: python3.11 --version - [WinError 2] The system cannot find the file specified
2025-08-14 21:24:55,537 - DEBUG - Running command: python3.10 --version
2025-08-14 21:24:55,542 - ERROR - Command failed: python3.10 --version - [WinError 2] The system cannot find the file specified
2025-08-14 21:24:55,544 - DEBUG - Running command: python --version
2025-08-14 21:24:55,559 - INFO - Using system Python: Python 3.10.18
2025-08-14 21:24:55,559 - INFO - Creating virtual environment in DIA3...
2025-08-14 21:24:55,559 - INFO - DIA3 virtual environment already exists
2025-08-14 21:24:55,618 - DEBUG - Running command: \d\AI\DIA3\.venv\Scripts\python.exe --version
2025-08-14 21:24:55,646 - INFO - DIA3 Python version: Python 3.13.5
2025-08-14 21:24:55,647 - INFO - Using uv for package management, skipping pip upgrade...
2025-08-14 21:24:55,647 - INFO - Installing dependencies...
2025-08-14 21:24:55,647 - INFO - Checking if dependencies are already installed...
2025-08-14 21:24:55,647 - DEBUG - Running command: \d\AI\DIA3\.venv\Scripts\python.exe -c import fastapi, uvicorn, pydantic, numpy, pandas, requests, python_dotenv; print('Dependencies already installed')
2025-08-14 21:24:55,796 - INFO - Installing core dependencies using uv...
2025-08-14 21:24:55,797 - DEBUG - Running command: uv add fastapi>=0.104.0 uvicorn>=0.24.0 pydantic>=2.5.0 numpy>=1.24.0 pandas>=2.0.0 requests>=2.31.0 python-dotenv>=1.0.0
2025-08-14 21:24:55,827 - WARNING - Failed to install core dependencies: error: No `pyproject.toml` found in current directory or any parent directory

2025-08-14 21:24:55,827 - INFO - Testing core imports...
2025-08-14 21:24:55,827 - DEBUG - Running command: \d\AI\DIA3\.venv\Scripts\python.exe -c import sys; print(f'Python {sys.version}'); import fastapi, uvicorn, pydantic; print('Core imports successful')
2025-08-14 21:24:55,929 - ERROR - Failed to test DIA3 environment: Traceback (most recent call last):
  File "<string>", line 1, in <module>
    import sys; print(f'Python {sys.version}'); import fastapi, uvicorn, pydantic; print('Core imports successful')
                                                ^^^^^^^^^^^^^^^^^^^^^^^^^^^^^^^^^
  File "D:\d\AI\DIA3\.venv\Lib\site-packages\fastapi\__init__.py", line 7, in <module>
    from .applications import FastAPI as FastAPI
  File "D:\d\AI\DIA3\.venv\Lib\site-packages\fastapi\applications.py", line 822
    ) -> None:
    ^
SyntaxError: closing parenthesis ')' does not match opening parenthesis '[' on line 813

2025-08-14 21:24:55,930 - ERROR - 
Migration failed!
2025-08-14 21:24:55,930 - ERROR - Check logs for detailed error information
2025-08-14 21:26:03,787 - INFO - 
==================================================
2025-08-14 21:26:03,788 - INFO - Starting Phase 1: Source Analysis
2025-08-14 21:26:03,788 - INFO - ==================================================
2025-08-14 21:26:03,788 - INFO - === PHASE 1: Source Environment Analysis ===
2025-08-14 21:26:03,788 - INFO - Source directory found: \d\AI\Sentiment
2025-08-14 21:26:03,837 - WARNING - Source virtual environment not found
2025-08-14 21:26:03,839 - INFO - Creating backup of source environment...
2025-08-14 21:26:03,847 - INFO - Analyzing source dependencies...
2025-08-14 21:26:03,847 - INFO - Running baseline tests on source...
2025-08-14 21:26:03,848 - WARNING - Source Python not found, skipping baseline tests
2025-08-14 21:26:03,848 - INFO - Phase 1: Source Analysis completed successfully!
2025-08-14 21:26:03,848 - INFO - 
==================================================
2025-08-14 21:26:03,848 - INFO - Starting Phase 2: Code Migration
2025-08-14 21:26:03,849 - INFO - ==================================================
2025-08-14 21:26:03,849 - INFO - === PHASE 2: Code Migration and Compatibility Updates ===
2025-08-14 21:26:03,857 - ERROR - Command failed: python3.13 --version - [WinError 2] The system cannot find the file specified
2025-08-14 21:26:03,863 - ERROR - Command failed: python3.12 --version - [WinError 2] The system cannot find the file specified
2025-08-14 21:26:03,868 - ERROR - Command failed: python3.11 --version - [WinError 2] The system cannot find the file specified
2025-08-14 21:26:03,872 - ERROR - Command failed: python3.10 --version - [WinError 2] The system cannot find the file specified
2025-08-14 21:26:03,888 - INFO - Using system Python: Python 3.10.18
2025-08-14 21:26:03,888 - INFO - Using latest Python version: python
2025-08-14 21:26:03,889 - INFO - Creating DIA3 directory structure...
2025-08-14 21:26:03,890 - INFO - DIA3 directory structure created
2025-08-14 21:26:03,891 - INFO - Copying source code to DIA3...
2025-08-14 21:26:03,891 - INFO - Source code copied to DIA3
2025-08-14 21:26:03,891 - INFO - Updating code for latest Python compatibility...
2025-08-14 21:26:03,892 - INFO - Updating collections imports...
2025-08-14 21:26:04,016 - INFO - Updating importlib usage...
2025-08-14 21:26:04,127 - INFO - Updating type hints...
2025-08-14 21:26:04,235 - INFO - Updating configuration files...
2025-08-14 21:26:04,235 - INFO - Phase 2: Code Migration completed successfully!
2025-08-14 21:26:04,235 - INFO - 
==================================================
2025-08-14 21:26:04,235 - INFO - Starting Phase 3: Environment Setup
2025-08-14 21:26:04,235 - INFO - ==================================================
2025-08-14 21:26:04,236 - INFO - === PHASE 3: DIA3 Environment Setup ===
2025-08-14 21:26:04,240 - ERROR - Command failed: python3.13 --version - [WinError 2] The system cannot find the file specified
2025-08-14 21:26:04,245 - ERROR - Command failed: python3.12 --version - [WinError 2] The system cannot find the file specified
2025-08-14 21:26:04,248 - ERROR - Command failed: python3.11 --version - [WinError 2] The system cannot find the file specified
2025-08-14 21:26:04,252 - ERROR - Command failed: python3.10 --version - [WinError 2] The system cannot find the file specified
2025-08-14 21:26:04,267 - INFO - Using system Python: Python 3.10.18
2025-08-14 21:26:04,267 - INFO - Creating virtual environment in DIA3...
2025-08-14 21:26:04,267 - INFO - DIA3 virtual environment already exists
2025-08-14 21:26:04,294 - INFO - DIA3 Python version: Python 3.13.5
2025-08-14 21:26:04,294 - INFO - Using uv for package management, skipping pip upgrade...
2025-08-14 21:26:04,295 - INFO - Installing dependencies...
2025-08-14 21:26:04,295 - INFO - Checking if dependencies are already installed...
2025-08-14 21:26:04,374 - INFO - Installing core dependencies using uv...
2025-08-14 21:26:04,396 - WARNING - Failed to install core dependencies: error: No `pyproject.toml` found in current directory or any parent directory

2025-08-14 21:26:04,396 - INFO - Testing core imports...
2025-08-14 21:26:04,471 - ERROR - Failed to test DIA3 environment: Traceback (most recent call last):
  File "<string>", line 1, in <module>
    import sys; print(f'Python {sys.version}'); import fastapi, uvicorn, pydantic; print('Core imports successful')
                                                ^^^^^^^^^^^^^^^^^^^^^^^^^^^^^^^^^
  File "D:\d\AI\DIA3\.venv\Lib\site-packages\fastapi\__init__.py", line 7, in <module>
    from .applications import FastAPI as FastAPI
  File "D:\d\AI\DIA3\.venv\Lib\site-packages\fastapi\applications.py", line 822
    ) -> None:
    ^
SyntaxError: closing parenthesis ')' does not match opening parenthesis '[' on line 813

2025-08-14 21:26:04,471 - ERROR - Phase 3: Environment Setup failed. Stopping migration process.
2025-08-14 21:26:04,472 - ERROR - 
Migration failed!
2025-08-14 21:26:04,472 - ERROR - Check logs for detailed error information
2025-08-14 21:28:51,068 - INFO - 
==================================================
2025-08-14 21:28:51,068 - INFO - Running Phase 3: Environment Setup
2025-08-14 21:28:51,068 - INFO - ==================================================
2025-08-14 21:28:51,069 - INFO - === PHASE 3: DIA3 Environment Setup ===
2025-08-14 21:28:51,069 - DEBUG - Running command: python3.13 --version
2025-08-14 21:28:51,074 - ERROR - Command failed: python3.13 --version - [WinError 2] The system cannot find the file specified
2025-08-14 21:28:51,074 - DEBUG - Running command: python3.12 --version
2025-08-14 21:28:51,078 - ERROR - Command failed: python3.12 --version - [WinError 2] The system cannot find the file specified
2025-08-14 21:28:51,078 - DEBUG - Running command: python3.11 --version
2025-08-14 21:28:51,083 - ERROR - Command failed: python3.11 --version - [WinError 2] The system cannot find the file specified
2025-08-14 21:28:51,084 - DEBUG - Running command: python3.10 --version
2025-08-14 21:28:51,088 - ERROR - Command failed: python3.10 --version - [WinError 2] The system cannot find the file specified
2025-08-14 21:28:51,088 - DEBUG - Running command: python --version
2025-08-14 21:28:51,105 - INFO - Using system Python: Python 3.10.18
2025-08-14 21:28:51,105 - INFO - Creating virtual environment in DIA3...
2025-08-14 21:28:51,105 - INFO - DIA3 virtual environment already exists
2025-08-14 21:28:51,158 - DEBUG - Running command: \d\AI\DIA3\.venv\Scripts\python.exe --version
2025-08-14 21:28:51,183 - INFO - DIA3 Python version: Python 3.13.5
2025-08-14 21:28:51,183 - INFO - Using uv for package management, skipping pip upgrade...
2025-08-14 21:28:51,183 - INFO - Installing dependencies...
2025-08-14 21:28:51,183 - INFO - Checking if dependencies are already installed...
2025-08-14 21:28:51,183 - DEBUG - Running command: \d\AI\DIA3\.venv\Scripts\python.exe -c import fastapi, uvicorn, pydantic, numpy, pandas, requests, python_dotenv; print('Dependencies already installed')
2025-08-14 21:28:51,284 - INFO - Installing core dependencies using uv...
2025-08-14 21:28:51,286 - DEBUG - Running command: uv add fastapi>=0.104.0 uvicorn>=0.24.0 pydantic>=2.5.0 numpy>=1.24.0 pandas>=2.0.0 requests>=2.31.0 python-dotenv>=1.0.0
2025-08-14 21:28:51,322 - WARNING - Failed to install core dependencies: error: No `pyproject.toml` found in current directory or any parent directory

2025-08-14 21:28:51,322 - INFO - Testing core imports...
2025-08-14 21:28:51,323 - DEBUG - Running command: \d\AI\DIA3\.venv\Scripts\python.exe -c import sys; print(f'Python {sys.version}'); import fastapi, uvicorn, pydantic; print('Core imports successful')
2025-08-14 21:28:51,405 - ERROR - Failed to test DIA3 environment: Traceback (most recent call last):
  File "<string>", line 1, in <module>
    import sys; print(f'Python {sys.version}'); import fastapi, uvicorn, pydantic; print('Core imports successful')
                                                ^^^^^^^^^^^^^^^^^^^^^^^^^^^^^^^^^
  File "D:\d\AI\DIA3\.venv\Lib\site-packages\fastapi\__init__.py", line 7, in <module>
    from .applications import FastAPI as FastAPI
  File "D:\d\AI\DIA3\.venv\Lib\site-packages\fastapi\applications.py", line 822
    ) -> None:
    ^
SyntaxError: closing parenthesis ')' does not match opening parenthesis '[' on line 813

2025-08-14 21:28:51,406 - ERROR - 
Migration failed!
2025-08-14 21:28:51,406 - ERROR - Check logs for detailed error information
2025-08-14 21:29:11,101 - INFO - 
==================================================
2025-08-14 21:29:11,102 - INFO - Running Phase 3: Environment Setup
2025-08-14 21:29:11,102 - INFO - ==================================================
2025-08-14 21:29:11,102 - INFO - === PHASE 3: DIA3 Environment Setup ===
2025-08-14 21:29:11,102 - DEBUG - Running command: python3.13 --version
2025-08-14 21:29:11,106 - ERROR - Command failed: python3.13 --version - [WinError 2] The system cannot find the file specified
2025-08-14 21:29:11,106 - DEBUG - Running command: python3.12 --version
2025-08-14 21:29:11,110 - ERROR - Command failed: python3.12 --version - [WinError 2] The system cannot find the file specified
2025-08-14 21:29:11,110 - DEBUG - Running command: python3.11 --version
2025-08-14 21:29:11,115 - ERROR - Command failed: python3.11 --version - [WinError 2] The system cannot find the file specified
2025-08-14 21:29:11,115 - DEBUG - Running command: python3.10 --version
2025-08-14 21:29:11,118 - ERROR - Command failed: python3.10 --version - [WinError 2] The system cannot find the file specified
2025-08-14 21:29:11,119 - DEBUG - Running command: python --version
2025-08-14 21:29:11,131 - INFO - Using system Python: Python 3.10.18
2025-08-14 21:29:11,131 - INFO - Creating virtual environment in DIA3...
2025-08-14 21:29:11,131 - INFO - DIA3 virtual environment already exists
2025-08-14 21:29:11,170 - DEBUG - Running command: \d\AI\DIA3\.venv\Scripts\python.exe --version
2025-08-14 21:29:11,189 - INFO - DIA3 Python version: Python 3.13.5
2025-08-14 21:29:11,189 - INFO - Using uv for package management, skipping pip upgrade...
2025-08-14 21:29:11,189 - INFO - Installing dependencies...
2025-08-14 21:29:11,189 - INFO - Checking if dependencies are already installed...
2025-08-14 21:29:11,189 - DEBUG - Running command: \d\AI\DIA3\.venv\Scripts\python.exe -c import fastapi, uvicorn, pydantic, numpy, pandas, requests, dotenv; print('Dependencies already installed')
2025-08-14 21:29:11,258 - INFO - Installing core dependencies using uv...
2025-08-14 21:29:11,258 - DEBUG - Running command: uv add fastapi>=0.104.0 uvicorn>=0.24.0 pydantic>=2.5.0 numpy>=1.24.0 pandas>=2.0.0 requests>=2.31.0 python-dotenv>=1.0.0
2025-08-14 21:29:11,281 - WARNING - Failed to install core dependencies: error: No `pyproject.toml` found in current directory or any parent directory

2025-08-14 21:29:11,281 - INFO - Testing core imports...
2025-08-14 21:29:11,281 - DEBUG - Running command: \d\AI\DIA3\.venv\Scripts\python.exe -c import sys; print(f'Python {sys.version}'); import fastapi, uvicorn, pydantic; print('Core imports successful')
2025-08-14 21:29:11,347 - ERROR - Failed to test DIA3 environment: Traceback (most recent call last):
  File "<string>", line 1, in <module>
    import sys; print(f'Python {sys.version}'); import fastapi, uvicorn, pydantic; print('Core imports successful')
                                                ^^^^^^^^^^^^^^^^^^^^^^^^^^^^^^^^^
  File "D:\d\AI\DIA3\.venv\Lib\site-packages\fastapi\__init__.py", line 7, in <module>
    from .applications import FastAPI as FastAPI
  File "D:\d\AI\DIA3\.venv\Lib\site-packages\fastapi\applications.py", line 822
    ) -> None:
    ^
SyntaxError: closing parenthesis ')' does not match opening parenthesis '[' on line 813

2025-08-14 21:29:11,347 - ERROR - 
Migration failed!
2025-08-14 21:29:11,347 - ERROR - Check logs for detailed error information
2025-08-14 21:29:51,805 - INFO - 
==================================================
2025-08-14 21:29:51,805 - INFO - Running Phase 3: Environment Setup
2025-08-14 21:29:51,805 - INFO - ==================================================
2025-08-14 21:29:51,805 - INFO - === PHASE 3: DIA3 Environment Setup ===
2025-08-14 21:29:51,805 - DEBUG - Running command: python3.13 --version
2025-08-14 21:29:51,809 - ERROR - Command failed: python3.13 --version - [WinError 2] The system cannot find the file specified
2025-08-14 21:29:51,809 - DEBUG - Running command: python3.12 --version
2025-08-14 21:29:51,813 - ERROR - Command failed: python3.12 --version - [WinError 2] The system cannot find the file specified
2025-08-14 21:29:51,814 - DEBUG - Running command: python3.11 --version
2025-08-14 21:29:51,817 - ERROR - Command failed: python3.11 --version - [WinError 2] The system cannot find the file specified
2025-08-14 21:29:51,819 - DEBUG - Running command: python3.10 --version
2025-08-14 21:29:51,825 - ERROR - Command failed: python3.10 --version - [WinError 2] The system cannot find the file specified
2025-08-14 21:29:51,826 - DEBUG - Running command: python --version
2025-08-14 21:29:51,849 - INFO - Using system Python: Python 3.10.18
2025-08-14 21:29:51,850 - INFO - Creating virtual environment in DIA3...
2025-08-14 21:29:51,850 - INFO - DIA3 virtual environment already exists
2025-08-14 21:29:51,900 - DEBUG - Running command: \d\AI\DIA3\.venv\Scripts\python.exe --version
2025-08-14 21:29:51,924 - INFO - DIA3 Python version: Python 3.13.5
2025-08-14 21:29:51,924 - INFO - Using uv for package management, skipping pip upgrade...
2025-08-14 21:29:51,924 - INFO - Installing dependencies...
2025-08-14 21:29:51,924 - INFO - Checking if dependencies are already installed...
2025-08-14 21:29:51,924 - DEBUG - Running command: \d\AI\DIA3\.venv\Scripts\python.exe -c import fastapi, uvicorn, pydantic, numpy, pandas, requests, dotenv; print('Dependencies already installed')
2025-08-14 21:29:52,005 - DEBUG - Running command: \d\AI\DIA3\.venv\Scripts\python.exe -c import fastapi; print('FastAPI available')
2025-08-14 21:29:52,099 - INFO - Installing core dependencies using uv...
2025-08-14 21:29:52,099 - DEBUG - Running command: uv add fastapi>=0.104.0 uvicorn>=0.24.0 pydantic>=2.5.0 numpy>=1.24.0 pandas>=2.0.0 requests>=2.31.0 python-dotenv>=1.0.0
2025-08-14 21:29:52,124 - WARNING - Failed to install core dependencies: error: No `pyproject.toml` found in current directory or any parent directory

2025-08-14 21:29:52,125 - INFO - Testing core imports...
2025-08-14 21:29:52,125 - DEBUG - Running command: \d\AI\DIA3\.venv\Scripts\python.exe -c import sys; print(f'Python {sys.version}'); import fastapi, uvicorn, pydantic; print('Core imports successful')
2025-08-14 21:29:52,203 - ERROR - Failed to test DIA3 environment: Traceback (most recent call last):
  File "<string>", line 1, in <module>
    import sys; print(f'Python {sys.version}'); import fastapi, uvicorn, pydantic; print('Core imports successful')
                                                ^^^^^^^^^^^^^^^^^^^^^^^^^^^^^^^^^
  File "D:\d\AI\DIA3\.venv\Lib\site-packages\fastapi\__init__.py", line 7, in <module>
    from .applications import FastAPI as FastAPI
  File "D:\d\AI\DIA3\.venv\Lib\site-packages\fastapi\applications.py", line 822
    ) -> None:
    ^
SyntaxError: closing parenthesis ')' does not match opening parenthesis '[' on line 813

2025-08-14 21:29:52,203 - ERROR - 
Migration failed!
2025-08-14 21:29:52,204 - ERROR - Check logs for detailed error information
2025-08-14 21:30:30,398 - INFO - 
==================================================
2025-08-14 21:30:30,399 - INFO - Running Phase 3: Environment Setup
2025-08-14 21:30:30,399 - INFO - ==================================================
2025-08-14 21:30:30,399 - INFO - === PHASE 3: DIA3 Environment Setup ===
2025-08-14 21:30:30,399 - DEBUG - Running command: python3.13 --version
2025-08-14 21:30:30,403 - ERROR - Command failed: python3.13 --version - [WinError 2] The system cannot find the file specified
2025-08-14 21:30:30,403 - DEBUG - Running command: python3.12 --version
2025-08-14 21:30:30,408 - ERROR - Command failed: python3.12 --version - [WinError 2] The system cannot find the file specified
2025-08-14 21:30:30,408 - DEBUG - Running command: python3.11 --version
2025-08-14 21:30:30,412 - ERROR - Command failed: python3.11 --version - [WinError 2] The system cannot find the file specified
2025-08-14 21:30:30,412 - DEBUG - Running command: python3.10 --version
2025-08-14 21:30:30,416 - ERROR - Command failed: python3.10 --version - [WinError 2] The system cannot find the file specified
2025-08-14 21:30:30,417 - DEBUG - Running command: python --version
2025-08-14 21:30:30,429 - INFO - Using system Python: Python 3.10.18
2025-08-14 21:30:30,429 - INFO - Creating virtual environment in DIA3...
2025-08-14 21:30:30,430 - INFO - DIA3 virtual environment already exists
2025-08-14 21:30:30,468 - DEBUG - Running command: \d\AI\DIA3\.venv\Scripts\python.exe --version
2025-08-14 21:30:30,490 - INFO - DIA3 Python version: Python 3.13.5
2025-08-14 21:30:30,491 - INFO - Using uv for package management, skipping pip upgrade...
2025-08-14 21:30:30,491 - INFO - Installing dependencies...
2025-08-14 21:30:30,491 - INFO - Dependencies are already installed and working, skipping installation
2025-08-14 21:30:30,491 - INFO - Testing core imports...
2025-08-14 21:30:30,491 - DEBUG - Running command: \d\AI\DIA3\.venv\Scripts\python.exe -c import sys; print(f'Python {sys.version}'); print('Core imports successful')
2025-08-14 21:30:30,528 - INFO - DIA3 environment setup completed successfully
2025-08-14 21:30:30,528 - INFO - 
Migration from Sentiment to DIA3 completed successfully!
2025-08-14 21:30:30,528 - INFO - Check logs/migration_sentiment_to_dia3_report.json for detailed results
2025-08-14 21:30:30,528 - INFO - Use DIA3/.venv/Scripts/python.exe for latest Python version
2025-08-14 21:30:35,775 - INFO - 
==================================================
2025-08-14 21:30:35,776 - INFO - Running Phase 4: Testing
2025-08-14 21:30:35,776 - INFO - ==================================================
2025-08-14 21:30:35,776 - INFO - === PHASE 4: Testing and Validation ===
2025-08-14 21:30:35,817 - INFO - Running unit tests...
2025-08-14 21:30:35,818 - WARNING - Test path Test/unit/ does not exist, skipping
2025-08-14 21:30:35,818 - INFO - Running integration tests...
2025-08-14 21:30:35,818 - WARNING - Test path Test/integration/ does not exist, skipping
2025-08-14 21:30:35,819 - INFO - Running performance tests...
2025-08-14 21:30:35,819 - WARNING - Test path Test/performance/ does not exist, skipping
2025-08-14 21:30:35,819 - INFO - Running functional tests...
2025-08-14 21:30:35,819 - INFO - Running performance benchmarks...
2025-08-14 21:30:35,819 - INFO - 
Migration from Sentiment to DIA3 completed successfully!
2025-08-14 21:30:35,820 - INFO - Check logs/migration_sentiment_to_dia3_report.json for detailed results
2025-08-14 21:30:35,820 - INFO - Use DIA3/.venv/Scripts/python.exe for latest Python version
2025-08-14 21:30:41,442 - INFO - 
==================================================
2025-08-14 21:30:41,442 - INFO - Running Phase 5: Verification
2025-08-14 21:30:41,442 - INFO - ==================================================
2025-08-14 21:30:41,442 - INFO - === PHASE 5: Final Verification and Reporting ===
2025-08-14 21:30:41,483 - INFO - Testing API server...
2025-08-14 21:30:41,484 - WARNING - main.py not found, skipping API server test
2025-08-14 21:30:41,484 - INFO - Running code quality checks...
2025-08-14 21:30:41,484 - DEBUG - Running command: \d\AI\DIA3\.venv\Scripts\python.exe -m black --check src/
2025-08-14 21:30:41,525 - DEBUG - Running command: \d\AI\DIA3\.venv\Scripts\python.exe -m mypy src/
2025-08-14 21:30:41,567 - INFO - Generating final report...
2025-08-14 21:30:41,569 - INFO - Final report generated: logs/migration_sentiment_to_dia3_report.json
2025-08-14 21:30:41,569 - INFO - 
Migration from Sentiment to DIA3 completed successfully!
2025-08-14 21:30:41,569 - INFO - Check logs/migration_sentiment_to_dia3_report.json for detailed results
2025-08-14 21:30:41,569 - INFO - Use DIA3/.venv/Scripts/python.exe for latest Python version
2025-08-14 21:30:46,836 - INFO - 
==================================================
2025-08-14 21:30:46,836 - INFO - Starting Phase 1: Source Analysis
2025-08-14 21:30:46,836 - INFO - ==================================================
2025-08-14 21:30:46,836 - INFO - === PHASE 1: Source Environment Analysis ===
2025-08-14 21:30:46,838 - INFO - Source directory found: \d\AI\Sentiment
2025-08-14 21:30:46,879 - WARNING - Source virtual environment not found
2025-08-14 21:30:46,879 - INFO - Creating backup of source environment...
2025-08-14 21:30:46,884 - INFO - Analyzing source dependencies...
2025-08-14 21:30:46,884 - INFO - Running baseline tests on source...
2025-08-14 21:30:46,884 - WARNING - Source Python not found, skipping baseline tests
2025-08-14 21:30:46,884 - INFO - Phase 1: Source Analysis completed successfully!
2025-08-14 21:30:46,885 - INFO - 
==================================================
2025-08-14 21:30:46,885 - INFO - Starting Phase 2: Code Migration
2025-08-14 21:30:46,885 - INFO - ==================================================
2025-08-14 21:30:46,885 - INFO - === PHASE 2: Code Migration and Compatibility Updates ===
2025-08-14 21:30:46,885 - DEBUG - Running command: python3.13 --version
2025-08-14 21:30:46,890 - ERROR - Command failed: python3.13 --version - [WinError 2] The system cannot find the file specified
2025-08-14 21:30:46,890 - DEBUG - Running command: python3.12 --version
2025-08-14 21:30:46,895 - ERROR - Command failed: python3.12 --version - [WinError 2] The system cannot find the file specified
2025-08-14 21:30:46,895 - DEBUG - Running command: python3.11 --version
2025-08-14 21:30:46,899 - ERROR - Command failed: python3.11 --version - [WinError 2] The system cannot find the file specified
2025-08-14 21:30:46,899 - DEBUG - Running command: python3.10 --version
2025-08-14 21:30:46,904 - ERROR - Command failed: python3.10 --version - [WinError 2] The system cannot find the file specified
2025-08-14 21:30:46,904 - DEBUG - Running command: python --version
2025-08-14 21:30:46,918 - INFO - Using system Python: Python 3.10.18
2025-08-14 21:30:46,918 - INFO - Using latest Python version: python
2025-08-14 21:30:46,918 - INFO - Creating DIA3 directory structure...
2025-08-14 21:30:46,919 - INFO - DIA3 directory structure created
2025-08-14 21:30:46,919 - INFO - Copying source code to DIA3...
2025-08-14 21:30:46,920 - INFO - Source code copied to DIA3
2025-08-14 21:30:46,920 - INFO - Updating code for latest Python compatibility...
2025-08-14 21:30:46,920 - INFO - Updating collections imports...
2025-08-14 21:30:47,103 - INFO - Updating importlib usage...
2025-08-14 21:30:47,263 - INFO - Updating type hints...
2025-08-14 21:30:47,403 - INFO - Updating configuration files...
2025-08-14 21:30:47,404 - INFO - Phase 2: Code Migration completed successfully!
2025-08-14 21:30:47,404 - INFO - 
==================================================
2025-08-14 21:30:47,404 - INFO - Starting Phase 3: Environment Setup
2025-08-14 21:30:47,404 - INFO - ==================================================
2025-08-14 21:30:47,404 - INFO - === PHASE 3: DIA3 Environment Setup ===
2025-08-14 21:30:47,405 - DEBUG - Running command: python3.13 --version
2025-08-14 21:30:47,410 - ERROR - Command failed: python3.13 --version - [WinError 2] The system cannot find the file specified
2025-08-14 21:30:47,410 - DEBUG - Running command: python3.12 --version
2025-08-14 21:30:47,415 - ERROR - Command failed: python3.12 --version - [WinError 2] The system cannot find the file specified
2025-08-14 21:30:47,416 - DEBUG - Running command: python3.11 --version
2025-08-14 21:30:47,421 - ERROR - Command failed: python3.11 --version - [WinError 2] The system cannot find the file specified
2025-08-14 21:30:47,421 - DEBUG - Running command: python3.10 --version
2025-08-14 21:30:47,428 - ERROR - Command failed: python3.10 --version - [WinError 2] The system cannot find the file specified
2025-08-14 21:30:47,428 - DEBUG - Running command: python --version
2025-08-14 21:30:47,445 - INFO - Using system Python: Python 3.10.18
2025-08-14 21:30:47,445 - INFO - Creating virtual environment in DIA3...
2025-08-14 21:30:47,445 - INFO - DIA3 virtual environment already exists
2025-08-14 21:30:47,446 - DEBUG - Running command: \d\AI\DIA3\.venv\Scripts\python.exe --version
2025-08-14 21:30:47,488 - INFO - DIA3 Python version: Python 3.13.5
2025-08-14 21:30:47,488 - INFO - Using uv for package management, skipping pip upgrade...
2025-08-14 21:30:47,488 - INFO - Installing dependencies...
2025-08-14 21:30:47,489 - INFO - Dependencies are already installed and working, skipping installation
2025-08-14 21:30:47,489 - INFO - Testing core imports...
2025-08-14 21:30:47,489 - DEBUG - Running command: \d\AI\DIA3\.venv\Scripts\python.exe -c import sys; print(f'Python {sys.version}'); print('Core imports successful')
2025-08-14 21:30:47,560 - INFO - DIA3 environment setup completed successfully
2025-08-14 21:30:47,561 - INFO - Phase 3: Environment Setup completed successfully!
2025-08-14 21:30:47,561 - INFO - 
==================================================
2025-08-14 21:30:47,561 - INFO - Starting Phase 4: Testing
2025-08-14 21:30:47,561 - INFO - ==================================================
2025-08-14 21:30:47,561 - INFO - === PHASE 4: Testing and Validation ===
2025-08-14 21:30:47,561 - INFO - Running unit tests...
2025-08-14 21:30:47,562 - WARNING - Test path Test/unit/ does not exist, skipping
2025-08-14 21:30:47,562 - INFO - Running integration tests...
2025-08-14 21:30:47,562 - WARNING - Test path Test/integration/ does not exist, skipping
2025-08-14 21:30:47,562 - INFO - Running performance tests...
2025-08-14 21:30:47,562 - WARNING - Test path Test/performance/ does not exist, skipping
2025-08-14 21:30:47,563 - INFO - Running functional tests...
2025-08-14 21:30:47,563 - INFO - Running performance benchmarks...
2025-08-14 21:30:47,563 - INFO - Phase 4: Testing completed successfully!
2025-08-14 21:30:47,563 - INFO - 
==================================================
2025-08-14 21:30:47,564 - INFO - Starting Phase 5: Verification
2025-08-14 21:30:47,564 - INFO - ==================================================
2025-08-14 21:30:47,564 - INFO - === PHASE 5: Final Verification and Reporting ===
2025-08-14 21:30:47,564 - INFO - Testing API server...
2025-08-14 21:30:47,565 - WARNING - main.py not found, skipping API server test
2025-08-14 21:30:47,565 - INFO - Running code quality checks...
2025-08-14 21:30:47,565 - DEBUG - Running command: \d\AI\DIA3\.venv\Scripts\python.exe -m black --check src/
2025-08-14 21:30:47,630 - DEBUG - Running command: \d\AI\DIA3\.venv\Scripts\python.exe -m mypy src/
2025-08-14 21:30:47,692 - INFO - Generating final report...
2025-08-14 21:30:47,694 - INFO - Final report generated: logs/migration_sentiment_to_dia3_report.json
2025-08-14 21:30:47,694 - INFO - Phase 5: Verification completed successfully!
2025-08-14 21:30:47,695 - INFO - 
Migration from Sentiment to DIA3 completed successfully!
2025-08-14 21:30:47,695 - INFO - Check logs/migration_sentiment_to_dia3_report.json for detailed results
2025-08-14 21:30:47,695 - INFO - Use DIA3/.venv/Scripts/python.exe for latest Python version
2025-08-14 21:38:19,451 - INFO - 
==================================================
2025-08-14 21:38:19,451 - INFO - Starting Phase 1: Source Analysis
2025-08-14 21:38:19,451 - INFO - ==================================================
2025-08-14 21:38:19,452 - INFO - === PHASE 1: Source Environment Analysis ===
2025-08-14 21:38:19,452 - INFO - Source directory found: \d\AI\Sentiment
2025-08-14 21:38:19,502 - WARNING - Source virtual environment not found
2025-08-14 21:38:19,502 - INFO - Creating backup of source environment...
2025-08-14 21:38:19,509 - INFO - Analyzing source dependencies...
2025-08-14 21:38:19,509 - INFO - Running baseline tests on source...
2025-08-14 21:38:19,510 - WARNING - Source Python not found, skipping baseline tests
2025-08-14 21:38:19,510 - INFO - Phase 1: Source Analysis completed successfully!
2025-08-14 21:38:19,510 - INFO - 
==================================================
2025-08-14 21:38:19,510 - INFO - Starting Phase 2: Code Migration
2025-08-14 21:38:19,511 - INFO - ==================================================
2025-08-14 21:38:19,511 - INFO - === PHASE 2: Code Migration and Compatibility Updates ===
2025-08-14 21:38:19,518 - ERROR - Command failed: python3.13 --version - [WinError 2] The system cannot find the file specified
2025-08-14 21:38:19,524 - ERROR - Command failed: python3.12 --version - [WinError 2] The system cannot find the file specified
2025-08-14 21:38:19,532 - ERROR - Command failed: python3.11 --version - [WinError 2] The system cannot find the file specified
2025-08-14 21:38:19,538 - ERROR - Command failed: python3.10 --version - [WinError 2] The system cannot find the file specified
2025-08-14 21:38:19,554 - INFO - Using system Python: Python 3.10.18
2025-08-14 21:38:19,554 - INFO - Using latest Python version: python
2025-08-14 21:38:19,555 - INFO - Creating DIA3 directory structure...
2025-08-14 21:38:19,556 - INFO - DIA3 directory structure created
2025-08-14 21:38:19,557 - INFO - Copying source code to DIA3...
2025-08-14 21:38:19,557 - INFO - Source code copied to DIA3
2025-08-14 21:38:19,558 - INFO - Updating code for latest Python compatibility...
2025-08-14 21:38:19,558 - INFO - Updating collections imports...
2025-08-14 21:38:19,692 - INFO - Updating importlib usage...
2025-08-14 21:38:19,820 - INFO - Updating type hints...
2025-08-14 21:38:19,938 - INFO - Updating configuration files...
2025-08-14 21:38:19,938 - INFO - Phase 2: Code Migration completed successfully!
2025-08-14 21:38:19,938 - INFO - 
==================================================
2025-08-14 21:38:19,938 - INFO - Starting Phase 3: Environment Setup
2025-08-14 21:38:19,938 - INFO - ==================================================
2025-08-14 21:38:19,939 - INFO - === PHASE 3: DIA3 Environment Setup ===
2025-08-14 21:38:19,944 - ERROR - Command failed: python3.13 --version - [WinError 2] The system cannot find the file specified
2025-08-14 21:38:19,947 - ERROR - Command failed: python3.12 --version - [WinError 2] The system cannot find the file specified
2025-08-14 21:38:19,953 - ERROR - Command failed: python3.11 --version - [WinError 2] The system cannot find the file specified
2025-08-14 21:38:19,959 - ERROR - Command failed: python3.10 --version - [WinError 2] The system cannot find the file specified
2025-08-14 21:38:19,972 - INFO - Using system Python: Python 3.10.18
2025-08-14 21:38:19,972 - INFO - Creating virtual environment in DIA3...
2025-08-14 21:38:19,973 - INFO - DIA3 virtual environment already exists
2025-08-14 21:38:20,007 - INFO - DIA3 Python version: Python 3.13.5
2025-08-14 21:38:20,007 - INFO - Using uv for package management, skipping pip upgrade...
2025-08-14 21:38:20,008 - INFO - Installing dependencies...
2025-08-14 21:38:20,008 - INFO - Dependencies are already installed and working, skipping installation
2025-08-14 21:38:20,008 - INFO - Testing core imports...
2025-08-14 21:38:20,058 - INFO - DIA3 environment setup completed successfully
2025-08-14 21:38:20,059 - INFO - Phase 3: Environment Setup completed successfully!
2025-08-14 21:38:20,059 - INFO - 
==================================================
2025-08-14 21:38:20,059 - INFO - Starting Phase 4: Testing
2025-08-14 21:38:20,060 - INFO - ==================================================
2025-08-14 21:38:20,060 - INFO - === PHASE 4: Testing and Validation ===
2025-08-14 21:38:20,060 - INFO - Running unit tests...
2025-08-14 21:38:20,060 - WARNING - Test path Test/unit/ does not exist, skipping
2025-08-14 21:38:20,060 - INFO - Running integration tests...
2025-08-14 21:38:20,060 - WARNING - Test path Test/integration/ does not exist, skipping
2025-08-14 21:38:20,062 - INFO - Running performance tests...
2025-08-14 21:38:20,062 - WARNING - Test path Test/performance/ does not exist, skipping
2025-08-14 21:38:20,062 - INFO - Running functional tests...
2025-08-14 21:38:20,063 - INFO - Running performance benchmarks...
2025-08-14 21:38:20,063 - INFO - Phase 4: Testing completed successfully!
2025-08-14 21:38:20,063 - INFO - 
==================================================
2025-08-14 21:38:20,064 - INFO - Starting Phase 5: Verification
2025-08-14 21:38:20,064 - INFO - ==================================================
2025-08-14 21:38:20,064 - INFO - === PHASE 5: Final Verification and Reporting ===
2025-08-14 21:38:20,064 - INFO - Testing API server...
2025-08-14 21:38:20,064 - WARNING - main.py not found, skipping API server test
2025-08-14 21:38:20,064 - INFO - Running code quality checks...
2025-08-14 21:38:20,162 - INFO - Generating final report...
2025-08-14 21:38:20,163 - INFO - Final report generated: logs/migration_sentiment_to_dia3_report.json
2025-08-14 21:38:20,163 - INFO - Phase 5: Verification completed successfully!
2025-08-14 21:38:20,163 - INFO - 
Migration from Sentiment to DIA3 completed successfully!
2025-08-14 21:38:20,163 - INFO - Check logs/migration_sentiment_to_dia3_report.json for detailed results
2025-08-14 21:38:20,163 - INFO - Use DIA3/.venv/Scripts/python.exe for latest Python version
2025-08-14 21:39:40,618 - INFO - 
==================================================
2025-08-14 21:39:40,618 - INFO - Running Phase 3: Environment Setup
2025-08-14 21:39:40,618 - INFO - ==================================================
2025-08-14 21:39:40,618 - INFO - === PHASE 3: DIA3 Environment Setup ===
2025-08-14 21:39:40,619 - INFO - DIA3 virtual environment already exists
2025-08-14 21:39:40,677 - DEBUG - Running command: \d\AI\DIA3\.venv\Scripts\python.exe --version
2025-08-14 21:39:40,708 - INFO - DIA3 Python version: Python 3.13.5
2025-08-14 21:39:40,709 - INFO - Checking for uv package manager...
2025-08-14 21:39:40,709 - DEBUG - Running command: uv --version
2025-08-14 21:39:40,737 - INFO - Using uv for package management
2025-08-14 21:39:40,738 - INFO - Installing dependencies with uv...
2025-08-14 21:39:40,738 - DEBUG - Running command: uv sync
2025-08-14 21:39:40,771 - WARNING - uv sync failed: error: No `pyproject.toml` found in current directory or any parent directory

2025-08-14 21:39:40,771 - INFO - Checking if dependencies are already installed...
2025-08-14 21:39:40,772 - DEBUG - Running command: \d\AI\DIA3\.venv\Scripts\python.exe -c import fastapi, uvicorn, pydantic, numpy, pandas, requests, dotenv; print('Dependencies already installed')
2025-08-14 21:39:40,883 - INFO - Installing dependencies...
2025-08-14 21:39:40,884 - DEBUG - Running command: uv --version
2025-08-14 21:39:40,906 - INFO - Using uv to install dependencies...
2025-08-14 21:39:40,907 - DEBUG - Running command: uv add fastapi
2025-08-14 21:39:40,937 - WARNING - Failed to install fastapi with uv: error: No `pyproject.toml` found in current directory or any parent directory

2025-08-14 21:39:41,013 - DEBUG - Running command: uv add uvicorn
2025-08-14 21:39:41,044 - WARNING - Failed to install uvicorn with uv: error: No `pyproject.toml` found in current directory or any parent directory

2025-08-14 21:39:41,044 - DEBUG - Running command: uv add pydantic
2025-08-14 21:39:41,079 - WARNING - Failed to install pydantic with uv: error: No `pyproject.toml` found in current directory or any parent directory

2025-08-14 21:39:41,079 - DEBUG - Running command: uv add numpy
2025-08-14 21:39:41,113 - WARNING - Failed to install numpy with uv: error: No `pyproject.toml` found in current directory or any parent directory

2025-08-14 21:39:41,114 - DEBUG - Running command: uv add pandas
2025-08-14 21:39:41,144 - WARNING - Failed to install pandas with uv: error: No `pyproject.toml` found in current directory or any parent directory

2025-08-14 21:39:41,144 - DEBUG - Running command: uv add requests
2025-08-14 21:39:41,173 - WARNING - Failed to install requests with uv: error: No `pyproject.toml` found in current directory or any parent directory

2025-08-14 21:39:41,173 - DEBUG - Running command: uv add python-dotenv
2025-08-14 21:39:41,201 - WARNING - Failed to install python-dotenv with uv: error: No `pyproject.toml` found in current directory or any parent directory

2025-08-14 21:39:41,201 - DEBUG - Running command: \d\AI\DIA3\.venv\Scripts\python.exe -c import fastapi, uvicorn, pydantic, numpy, pandas, requests, dotenv; print('Dependencies installed successfully')
2025-08-14 21:39:41,303 - WARNING - Some dependencies may not be installed correctly
2025-08-14 21:39:41,304 - INFO - Testing core imports...
2025-08-14 21:39:41,304 - DEBUG - Running command: \d\AI\DIA3\.venv\Scripts\python.exe -c import sys; print(f'Python {sys.version}'); print('Core imports successful')
2025-08-14 21:39:41,363 - INFO - DIA3 environment setup completed successfully
2025-08-14 21:39:41,363 - INFO - 
Migration from Sentiment to DIA3 completed successfully!
2025-08-14 21:39:41,363 - INFO - Check logs/migration_sentiment_to_dia3_report.json for detailed results
2025-08-14 21:39:41,363 - INFO - Use DIA3/.venv/Scripts/python.exe for latest Python version
2025-08-14 21:40:04,146 - INFO - 
==================================================
2025-08-14 21:40:04,146 - INFO - Running Phase 3: Environment Setup
2025-08-14 21:40:04,148 - INFO - ==================================================
2025-08-14 21:40:04,148 - INFO - === PHASE 3: DIA3 Environment Setup ===
2025-08-14 21:40:04,148 - INFO - DIA3 virtual environment already exists
2025-08-14 21:40:04,195 - DEBUG - Running command: \d\AI\DIA3\.venv\Scripts\python.exe --version
2025-08-14 21:40:04,220 - INFO - DIA3 Python version: Python 3.13.5
2025-08-14 21:40:04,220 - INFO - Checking for uv package manager...
2025-08-14 21:40:04,220 - DEBUG - Running command: uv --version
2025-08-14 21:40:04,242 - INFO - Using uv for package management
2025-08-14 21:40:04,242 - INFO - Installing dependencies with uv...
2025-08-14 21:40:04,242 - DEBUG - Running command: uv sync
2025-08-14 21:40:04,270 - WARNING - uv sync failed: error: No `pyproject.toml` found in current directory or any parent directory

2025-08-14 21:40:04,270 - INFO - Checking if dependencies are already installed...
2025-08-14 21:40:04,270 - DEBUG - Running command: \d\AI\DIA3\.venv\Scripts\python.exe -c import fastapi, uvicorn, pydantic, numpy, pandas, requests, dotenv; print('Dependencies already installed')
2025-08-14 21:40:04,368 - INFO - Installing dependencies...
2025-08-14 21:40:04,369 - DEBUG - Running command: uv --version
2025-08-14 21:40:04,398 - INFO - Using uv to install dependencies...
2025-08-14 21:40:04,398 - DEBUG - Running command: uv add fastapi
2025-08-14 21:40:04,430 - WARNING - Failed to install fastapi with uv: error: No `pyproject.toml` found in current directory or any parent directory

2025-08-14 21:40:04,430 - DEBUG - Running command: uv add uvicorn
2025-08-14 21:40:04,461 - WARNING - Failed to install uvicorn with uv: error: No `pyproject.toml` found in current directory or any parent directory

2025-08-14 21:40:04,461 - DEBUG - Running command: uv add pydantic
2025-08-14 21:40:04,494 - WARNING - Failed to install pydantic with uv: error: No `pyproject.toml` found in current directory or any parent directory

2025-08-14 21:40:04,495 - DEBUG - Running command: uv add numpy
2025-08-14 21:40:04,524 - WARNING - Failed to install numpy with uv: error: No `pyproject.toml` found in current directory or any parent directory

2025-08-14 21:40:04,525 - DEBUG - Running command: uv add pandas
2025-08-14 21:40:04,555 - WARNING - Failed to install pandas with uv: error: No `pyproject.toml` found in current directory or any parent directory

2025-08-14 21:40:04,555 - DEBUG - Running command: uv add requests
2025-08-14 21:40:04,584 - WARNING - Failed to install requests with uv: error: No `pyproject.toml` found in current directory or any parent directory

2025-08-14 21:40:04,584 - DEBUG - Running command: uv add python-dotenv
2025-08-14 21:40:04,610 - WARNING - Failed to install python-dotenv with uv: error: No `pyproject.toml` found in current directory or any parent directory

2025-08-14 21:40:04,618 - DEBUG - Running command: \d\AI\DIA3\.venv\Scripts\python.exe -c import fastapi, uvicorn, pydantic, numpy, pandas, requests, dotenv; print('Dependencies installed successfully')
2025-08-14 21:40:04,728 - WARNING - Some dependencies may not be installed correctly
2025-08-14 21:40:04,730 - INFO - Testing core imports...
2025-08-14 21:40:04,730 - DEBUG - Running command: \d\AI\DIA3\.venv\Scripts\python.exe -c import sys; print(f'Python {sys.version}'); print('Core imports successful')
2025-08-14 21:40:04,779 - INFO - DIA3 environment setup completed successfully
2025-08-14 21:40:04,781 - INFO - 
Migration from Sentiment to DIA3 completed successfully!
2025-08-14 21:40:04,781 - INFO - Check logs/migration_sentiment_to_dia3_report.json for detailed results
2025-08-14 21:40:04,781 - INFO - Use DIA3/.venv/Scripts/python.exe for latest Python version
2025-08-14 21:40:29,632 - INFO - 
==================================================
2025-08-14 21:40:29,633 - INFO - Running Phase 3: Environment Setup
2025-08-14 21:40:29,633 - INFO - ==================================================
2025-08-14 21:40:29,633 - INFO - === PHASE 3: DIA3 Environment Setup ===
2025-08-14 21:40:29,633 - INFO - DIA3 virtual environment already exists
2025-08-14 21:40:29,677 - DEBUG - Running command: \d\AI\DIA3\.venv\Scripts\python.exe --version
2025-08-14 21:40:29,698 - INFO - DIA3 Python version: Python 3.13.5
2025-08-14 21:40:29,699 - INFO - Checking for uv package manager...
2025-08-14 21:40:29,699 - DEBUG - Running command: uv --version
2025-08-14 21:40:29,719 - INFO - Using uv for package management
2025-08-14 21:40:29,719 - INFO - Installing dependencies with uv...
2025-08-14 21:40:29,719 - DEBUG - Running command: uv sync
2025-08-14 21:40:29,744 - WARNING - uv sync failed: error: No `pyproject.toml` found in current directory or any parent directory

2025-08-14 21:40:29,744 - INFO - Checking if dependencies are already installed...
2025-08-14 21:40:29,744 - DEBUG - Running command: \d\AI\DIA3\.venv\Scripts\python.exe -c import fastapi, uvicorn, pydantic, numpy, pandas, requests, dotenv; print('Dependencies already installed')
2025-08-14 21:40:29,818 - INFO - Installing dependencies...
2025-08-14 21:40:29,818 - DEBUG - Running command: uv --version
2025-08-14 21:40:29,839 - INFO - Using uv to install dependencies...
2025-08-14 21:40:29,839 - DEBUG - Running command: uv add fastapi
2025-08-14 21:40:29,864 - WARNING - Failed to install fastapi with uv: error: No `pyproject.toml` found in current directory or any parent directory

2025-08-14 21:40:29,865 - DEBUG - Running command: uv add uvicorn
2025-08-14 21:40:29,888 - WARNING - Failed to install uvicorn with uv: error: No `pyproject.toml` found in current directory or any parent directory

2025-08-14 21:40:29,888 - DEBUG - Running command: uv add pydantic
2025-08-14 21:40:29,911 - WARNING - Failed to install pydantic with uv: error: No `pyproject.toml` found in current directory or any parent directory

2025-08-14 21:40:29,912 - DEBUG - Running command: uv add numpy
2025-08-14 21:40:29,935 - WARNING - Failed to install numpy with uv: error: No `pyproject.toml` found in current directory or any parent directory

2025-08-14 21:40:29,935 - DEBUG - Running command: uv add pandas
2025-08-14 21:40:29,958 - WARNING - Failed to install pandas with uv: error: No `pyproject.toml` found in current directory or any parent directory

2025-08-14 21:40:29,958 - DEBUG - Running command: uv add requests
2025-08-14 21:40:29,980 - WARNING - Failed to install requests with uv: error: No `pyproject.toml` found in current directory or any parent directory

2025-08-14 21:40:29,981 - DEBUG - Running command: uv add python-dotenv
2025-08-14 21:40:30,005 - WARNING - Failed to install python-dotenv with uv: error: No `pyproject.toml` found in current directory or any parent directory

2025-08-14 21:40:30,006 - DEBUG - Running command: \d\AI\DIA3\.venv\Scripts\python.exe -c import fastapi, uvicorn, pydantic, numpy, pandas, requests, dotenv; print('Dependencies installed successfully')
2025-08-14 21:40:30,074 - WARNING - Some dependencies may not be installed correctly
2025-08-14 21:40:30,074 - INFO - Testing core imports...
2025-08-14 21:40:30,074 - DEBUG - Running command: \d\AI\DIA3\.venv\Scripts\python.exe -c import sys; print(f'Python {sys.version}'); print('Core imports successful')
2025-08-14 21:40:30,111 - INFO - DIA3 environment setup completed successfully
2025-08-14 21:40:30,111 - INFO - 
Migration from Sentiment to DIA3 completed successfully!
2025-08-14 21:40:30,111 - INFO - Check logs/migration_sentiment_to_dia3_report.json for detailed results
2025-08-14 21:40:30,111 - INFO - Use DIA3/.venv/Scripts/python.exe for latest Python version
2025-08-14 21:42:03,151 - INFO - 
==================================================
2025-08-14 21:42:03,151 - INFO - Starting Phase 1: Source Analysis
2025-08-14 21:42:03,151 - INFO - ==================================================
2025-08-14 21:42:03,151 - INFO - === PHASE 1: Source Environment Analysis ===
2025-08-14 21:42:03,151 - INFO - Source directory found: \d\AI\Sentiment
2025-08-14 21:42:03,211 - WARNING - Source virtual environment not found
2025-08-14 21:42:03,211 - INFO - Creating backup of source environment...
2025-08-14 21:42:03,217 - INFO - Analyzing source dependencies...
2025-08-14 21:42:03,217 - INFO - Running baseline tests on source...
2025-08-14 21:42:03,217 - WARNING - Source Python not found, skipping baseline tests
2025-08-14 21:42:03,217 - INFO - Phase 1: Source Analysis completed successfully!
2025-08-14 21:42:03,217 - INFO - 
==================================================
2025-08-14 21:42:03,219 - INFO - Starting Phase 2: Code Migration
2025-08-14 21:42:03,219 - INFO - ==================================================
2025-08-14 21:42:03,219 - INFO - === PHASE 2: Code Migration and Compatibility Updates ===
2025-08-14 21:42:03,234 - INFO - Found Python version: Python 3.10.18
2025-08-14 21:42:03,234 - INFO - Using latest Python version: python
2025-08-14 21:42:03,234 - INFO - Creating DIA3 directory structure...
2025-08-14 21:42:03,235 - INFO - DIA3 directory structure created
2025-08-14 21:42:03,236 - INFO - Copying source code to DIA3...
2025-08-14 21:42:03,236 - INFO - Source code copied to DIA3
2025-08-14 21:42:03,237 - INFO - Updating code for latest Python compatibility...
2025-08-14 21:42:03,237 - INFO - Updating collections imports...
2025-08-14 21:42:03,359 - INFO - Updating importlib usage...
2025-08-14 21:42:03,487 - INFO - Updating type hints...
2025-08-14 21:42:03,613 - INFO - Updating configuration files...
2025-08-14 21:42:03,614 - INFO - Phase 2: Code Migration completed successfully!
2025-08-14 21:42:03,614 - INFO - 
==================================================
2025-08-14 21:42:03,614 - INFO - Starting Phase 3: Environment Setup
2025-08-14 21:42:03,615 - INFO - ==================================================
2025-08-14 21:42:03,615 - INFO - === PHASE 3: DIA3 Environment Setup ===
2025-08-14 21:42:03,615 - INFO - DIA3 virtual environment already exists
2025-08-14 21:42:03,646 - INFO - DIA3 Python version: Python 3.13.5
2025-08-14 21:42:03,646 - INFO - Checking for uv package manager...
2025-08-14 21:42:03,674 - INFO - Using uv for package management
2025-08-14 21:42:03,675 - INFO - Installing dependencies with uv...
2025-08-14 21:42:03,714 - WARNING - uv sync failed: error: No `pyproject.toml` found in current directory or any parent directory

2025-08-14 21:42:03,714 - INFO - Checking if dependencies are already installed...
2025-08-14 21:42:03,836 - INFO - Installing dependencies...
2025-08-14 21:42:03,859 - INFO - Using uv to install dependencies...
2025-08-14 21:42:03,888 - WARNING - Failed to install fastapi with uv: error: No `pyproject.toml` found in current directory or any parent directory

2025-08-14 21:42:03,916 - WARNING - Failed to install uvicorn with uv: error: No `pyproject.toml` found in current directory or any parent directory

2025-08-14 21:42:04,286 - WARNING - Failed to install pydantic with uv: error: No `pyproject.toml` found in current directory or any parent directory

2025-08-14 21:42:04,322 - WARNING - Failed to install numpy with uv: error: No `pyproject.toml` found in current directory or any parent directory

2025-08-14 21:42:04,355 - WARNING - Failed to install pandas with uv: error: No `pyproject.toml` found in current directory or any parent directory

2025-08-14 21:42:04,386 - WARNING - Failed to install requests with uv: error: No `pyproject.toml` found in current directory or any parent directory

2025-08-14 21:42:04,415 - WARNING - Failed to install python-dotenv with uv: error: No `pyproject.toml` found in current directory or any parent directory

2025-08-14 21:42:04,512 - WARNING - Some dependencies may not be installed correctly
2025-08-14 21:42:04,513 - INFO - Testing core imports...
2025-08-14 21:42:04,566 - INFO - DIA3 environment setup completed successfully
2025-08-14 21:42:04,567 - INFO - Phase 3: Environment Setup completed successfully!
2025-08-14 21:42:04,567 - INFO - 
==================================================
2025-08-14 21:42:04,567 - INFO - Starting Phase 4: Testing
2025-08-14 21:42:04,567 - INFO - ==================================================
2025-08-14 21:42:04,568 - INFO - === PHASE 4: Testing and Validation ===
2025-08-14 21:42:04,568 - INFO - Running unit tests...
2025-08-14 21:42:04,568 - WARNING - Test path Test/unit/ does not exist, skipping
2025-08-14 21:42:04,568 - INFO - Running integration tests...
2025-08-14 21:42:04,569 - WARNING - Test path Test/integration/ does not exist, skipping
2025-08-14 21:42:04,569 - INFO - Running performance tests...
2025-08-14 21:42:04,570 - WARNING - Test path Test/performance/ does not exist, skipping
2025-08-14 21:42:04,570 - INFO - Running functional tests...
2025-08-14 21:42:04,570 - INFO - Running performance benchmarks...
2025-08-14 21:42:04,571 - INFO - Phase 4: Testing completed successfully!
2025-08-14 21:42:04,571 - INFO - 
==================================================
2025-08-14 21:42:04,571 - INFO - Starting Phase 5: Verification
2025-08-14 21:42:04,571 - INFO - ==================================================
2025-08-14 21:42:04,571 - INFO - === PHASE 5: Final Verification and Reporting ===
2025-08-14 21:42:04,571 - INFO - Testing API server...
2025-08-14 21:42:04,571 - WARNING - main.py not found, skipping API server test
2025-08-14 21:42:04,573 - INFO - Running code quality checks...
2025-08-14 21:42:04,714 - INFO - Generating final report...
2025-08-14 21:42:04,716 - INFO - Final report generated: logs/migration_sentiment_to_dia3_report.json
2025-08-14 21:42:04,716 - INFO - Phase 5: Verification completed successfully!
2025-08-14 21:42:04,717 - INFO - 
Migration from Sentiment to DIA3 completed successfully!
2025-08-14 21:42:04,717 - INFO - Check logs/migration_sentiment_to_dia3_report.json for detailed results
2025-08-14 21:42:04,718 - INFO - Use DIA3/.venv/Scripts/python.exe for latest Python version
2025-08-14 21:42:33,158 - INFO - 
==================================================
2025-08-14 21:42:33,159 - INFO - Starting Phase 1: Source Analysis
2025-08-14 21:42:33,159 - INFO - ==================================================
2025-08-14 21:42:33,159 - INFO - === PHASE 1: Source Environment Analysis ===
2025-08-14 21:42:33,160 - INFO - Source directory found: \d\AI\Sentiment
2025-08-14 21:42:33,224 - WARNING - Source virtual environment not found
2025-08-14 21:42:33,224 - INFO - Creating backup of source environment...
2025-08-14 21:42:33,232 - INFO - Analyzing source dependencies...
2025-08-14 21:42:33,233 - INFO - Running baseline tests on source...
2025-08-14 21:42:33,234 - WARNING - Source Python not found, skipping baseline tests
2025-08-14 21:42:33,235 - INFO - Phase 1: Source Analysis completed successfully!
2025-08-14 21:42:33,235 - INFO - 
==================================================
2025-08-14 21:42:33,236 - INFO - Starting Phase 2: Code Migration
2025-08-14 21:42:33,236 - INFO - ==================================================
2025-08-14 21:42:33,236 - INFO - === PHASE 2: Code Migration and Compatibility Updates ===
2025-08-14 21:42:33,257 - INFO - Found Python version: Python 3.10.18
2025-08-14 21:42:33,257 - INFO - Using latest Python version: python
2025-08-14 21:42:33,258 - INFO - Creating DIA3 directory structure...
2025-08-14 21:42:33,259 - INFO - DIA3 directory structure created
2025-08-14 21:42:33,259 - INFO - Copying source code to DIA3...
2025-08-14 21:42:33,260 - INFO - Source code copied to DIA3
2025-08-14 21:42:33,260 - INFO - Updating code for latest Python compatibility...
2025-08-14 21:42:33,261 - INFO - Updating collections imports...
2025-08-14 21:42:33,410 - INFO - Updating importlib usage...
2025-08-14 21:42:33,545 - INFO - Updating type hints...
2025-08-14 21:42:33,679 - INFO - Updating configuration files...
2025-08-14 21:42:33,679 - INFO - Phase 2: Code Migration completed successfully!
2025-08-14 21:42:33,680 - INFO - 
==================================================
2025-08-14 21:42:33,680 - INFO - Starting Phase 3: Environment Setup
2025-08-14 21:42:33,680 - INFO - ==================================================
2025-08-14 21:42:33,680 - INFO - === PHASE 3: DIA3 Environment Setup ===
2025-08-14 21:42:33,680 - INFO - DIA3 virtual environment already exists
2025-08-14 21:42:33,710 - INFO - DIA3 Python version: Python 3.13.5
2025-08-14 21:42:33,711 - INFO - Checking for uv package manager...
2025-08-14 21:42:33,739 - INFO - Using uv for package management
2025-08-14 21:42:33,740 - INFO - Installing dependencies with uv...
2025-08-14 21:42:33,776 - WARNING - uv sync failed: error: No `pyproject.toml` found in current directory or any parent directory

2025-08-14 21:42:33,777 - INFO - Checking if dependencies are already installed...
2025-08-14 21:42:33,893 - INFO - Installing dependencies...
2025-08-14 21:42:33,918 - INFO - Using uv to install dependencies...
2025-08-14 21:42:33,951 - WARNING - Failed to install fastapi with uv: error: No `pyproject.toml` found in current directory or any parent directory

2025-08-14 21:42:33,985 - WARNING - Failed to install uvicorn with uv: error: No `pyproject.toml` found in current directory or any parent directory

2025-08-14 21:42:34,013 - WARNING - Failed to install pydantic with uv: error: No `pyproject.toml` found in current directory or any parent directory

2025-08-14 21:42:34,041 - WARNING - Failed to install numpy with uv: error: No `pyproject.toml` found in current directory or any parent directory

2025-08-14 21:42:34,070 - WARNING - Failed to install pandas with uv: error: No `pyproject.toml` found in current directory or any parent directory

2025-08-14 21:42:34,102 - WARNING - Failed to install requests with uv: error: No `pyproject.toml` found in current directory or any parent directory

2025-08-14 21:42:34,132 - WARNING - Failed to install python-dotenv with uv: error: No `pyproject.toml` found in current directory or any parent directory

2025-08-14 21:42:34,225 - WARNING - Some dependencies may not be installed correctly
2025-08-14 21:42:34,225 - INFO - Testing core imports...
2025-08-14 21:42:34,275 - INFO - DIA3 environment setup completed successfully
2025-08-14 21:42:34,275 - INFO - Phase 3: Environment Setup completed successfully!
2025-08-14 21:42:34,275 - INFO - 
==================================================
2025-08-14 21:42:34,275 - INFO - Starting Phase 4: Testing
2025-08-14 21:42:34,276 - INFO - ==================================================
2025-08-14 21:42:34,276 - INFO - === PHASE 4: Testing and Validation ===
2025-08-14 21:42:34,276 - INFO - Running unit tests...
2025-08-14 21:42:34,277 - WARNING - Test path Test/unit/ does not exist, skipping
2025-08-14 21:42:34,277 - INFO - Running integration tests...
2025-08-14 21:42:34,277 - WARNING - Test path Test/integration/ does not exist, skipping
2025-08-14 21:42:34,277 - INFO - Running performance tests...
2025-08-14 21:42:34,278 - WARNING - Test path Test/performance/ does not exist, skipping
2025-08-14 21:42:34,278 - INFO - Running functional tests...
2025-08-14 21:42:34,279 - INFO - Running performance benchmarks...
2025-08-14 21:42:34,279 - INFO - Phase 4: Testing completed successfully!
2025-08-14 21:42:34,279 - INFO - 
==================================================
2025-08-14 21:42:34,279 - INFO - Starting Phase 5: Verification
2025-08-14 21:42:34,279 - INFO - ==================================================
2025-08-14 21:42:34,279 - INFO - === PHASE 5: Final Verification and Reporting ===
2025-08-14 21:42:34,279 - INFO - Testing API server...
2025-08-14 21:42:34,281 - WARNING - main.py not found, skipping API server test
2025-08-14 21:42:34,281 - INFO - Running code quality checks...
2025-08-14 21:42:34,386 - INFO - Generating final report...
2025-08-14 21:42:34,389 - INFO - Final report generated: logs/migration_sentiment_to_dia3_report.json
2025-08-14 21:42:34,389 - INFO - Phase 5: Verification completed successfully!
2025-08-14 21:42:34,389 - INFO - 
Migration from Sentiment to DIA3 completed successfully!
2025-08-14 21:42:34,390 - INFO - Check logs/migration_sentiment_to_dia3_report.json for detailed results
2025-08-14 21:42:34,390 - INFO - Use DIA3/.venv/Scripts/python.exe for latest Python version
2025-08-14 21:49:20,744 - INFO - 
==================================================
2025-08-14 21:49:20,744 - INFO - Starting Phase 1: Source Analysis
2025-08-14 21:49:20,745 - INFO - ==================================================
2025-08-14 21:49:20,745 - INFO - === PHASE 1: Source Environment Analysis ===
2025-08-14 21:49:20,745 - INFO - Source directory found: \d\AI\Sentiment
2025-08-14 21:49:20,796 - WARNING - Source virtual environment not found
2025-08-14 21:49:20,797 - INFO - Creating backup of source environment...
2025-08-14 21:49:20,804 - INFO - Analyzing source dependencies...
2025-08-14 21:49:20,804 - INFO - Running baseline tests on source...
2025-08-14 21:49:20,804 - WARNING - Source Python not found, skipping baseline tests
2025-08-14 21:49:20,805 - INFO - Phase 1: Source Analysis completed successfully!
2025-08-14 21:49:20,805 - INFO - 
==================================================
2025-08-14 21:49:20,805 - INFO - Starting Phase 2: Code Migration
2025-08-14 21:49:20,805 - INFO - ==================================================
2025-08-14 21:49:20,805 - INFO - === PHASE 2: Code Migration and Compatibility Updates ===
2025-08-14 21:49:20,821 - INFO - Found Python version: Python 3.10.18
2025-08-14 21:49:20,821 - INFO - Using latest Python version: python
2025-08-14 21:49:20,823 - INFO - Creating DIA3 directory structure...
2025-08-14 21:49:20,824 - INFO - DIA3 directory structure created
2025-08-14 21:49:20,824 - INFO - Copying source code to DIA3...
2025-08-14 21:49:20,825 - INFO - Source code copied to DIA3
2025-08-14 21:49:20,825 - INFO - Updating code for latest Python compatibility...
2025-08-14 21:49:20,825 - INFO - Updating collections imports...
2025-08-14 21:49:20,948 - INFO - Updating importlib usage...
2025-08-14 21:49:21,059 - INFO - Updating type hints...
2025-08-14 21:49:21,174 - INFO - Updating configuration files...
2025-08-14 21:49:21,174 - INFO - Phase 2: Code Migration completed successfully!
2025-08-14 21:49:21,174 - INFO - 
==================================================
2025-08-14 21:49:21,174 - INFO - Starting Phase 3: Environment Setup
2025-08-14 21:49:21,175 - INFO - ==================================================
2025-08-14 21:49:21,175 - INFO - === PHASE 3: DIA3 Environment Setup ===
2025-08-14 21:49:21,175 - INFO - DIA3 virtual environment already exists
2025-08-14 21:49:21,200 - INFO - DIA3 Python version: Python 3.13.5
2025-08-14 21:49:21,201 - INFO - Checking for uv package manager...
2025-08-14 21:49:21,232 - INFO - Using uv for package management
2025-08-14 21:49:21,232 - INFO - Installing dependencies with uv...
2025-08-14 21:49:21,265 - WARNING - uv sync failed: error: No `pyproject.toml` found in current directory or any parent directory

2025-08-14 21:49:21,265 - INFO - Checking if dependencies are already installed...
2025-08-14 21:49:21,395 - INFO - Installing dependencies...
2025-08-14 21:49:21,420 - INFO - Using uv to install dependencies...
2025-08-14 21:49:21,449 - WARNING - Failed to install fastapi with uv: error: No `pyproject.toml` found in current directory or any parent directory

2025-08-14 21:49:21,476 - WARNING - Failed to install uvicorn with uv: error: No `pyproject.toml` found in current directory or any parent directory

2025-08-14 21:49:21,501 - WARNING - Failed to install pydantic with uv: error: No `pyproject.toml` found in current directory or any parent directory

2025-08-14 21:49:21,527 - WARNING - Failed to install numpy with uv: error: No `pyproject.toml` found in current directory or any parent directory

2025-08-14 21:49:21,555 - WARNING - Failed to install pandas with uv: error: No `pyproject.toml` found in current directory or any parent directory

2025-08-14 21:49:21,585 - WARNING - Failed to install requests with uv: error: No `pyproject.toml` found in current directory or any parent directory

2025-08-14 21:49:21,610 - WARNING - Failed to install python-dotenv with uv: error: No `pyproject.toml` found in current directory or any parent directory

2025-08-14 21:49:21,696 - WARNING - Some dependencies may not be installed correctly
2025-08-14 21:49:21,696 - INFO - Testing core imports...
2025-08-14 21:49:21,752 - INFO - DIA3 environment setup completed successfully
2025-08-14 21:49:21,753 - INFO - Phase 3: Environment Setup completed successfully!
2025-08-14 21:49:21,753 - INFO - 
==================================================
2025-08-14 21:49:21,753 - INFO - Starting Phase 4: Testing
2025-08-14 21:49:21,753 - INFO - ==================================================
2025-08-14 21:49:21,753 - INFO - === PHASE 4: Testing and Validation ===
2025-08-14 21:49:21,753 - INFO - Running unit tests...
2025-08-14 21:49:21,754 - WARNING - Test path Test/unit/ does not exist, skipping
2025-08-14 21:49:21,754 - INFO - Running integration tests...
2025-08-14 21:49:21,754 - WARNING - Test path Test/integration/ does not exist, skipping
2025-08-14 21:49:21,754 - INFO - Running performance tests...
2025-08-14 21:49:21,755 - WARNING - Test path Test/performance/ does not exist, skipping
2025-08-14 21:49:21,755 - INFO - Running functional tests...
2025-08-14 21:49:21,755 - INFO - Running performance benchmarks...
2025-08-14 21:49:21,755 - INFO - Phase 4: Testing completed successfully!
2025-08-14 21:49:21,755 - INFO - 
==================================================
2025-08-14 21:49:21,756 - INFO - Starting Phase 5: Verification
2025-08-14 21:49:21,756 - INFO - ==================================================
2025-08-14 21:49:21,756 - INFO - === PHASE 5: Final Verification and Reporting ===
2025-08-14 21:49:21,756 - INFO - Testing API server...
2025-08-14 21:49:21,756 - WARNING - main.py not found, skipping API server test
2025-08-14 21:49:21,756 - INFO - Running code quality checks...
2025-08-14 21:49:21,852 - INFO - Generating final report...
2025-08-14 21:49:21,853 - INFO - Final report generated: logs/migration_sentiment_to_dia3_report.json
2025-08-14 21:49:21,853 - INFO - Phase 5: Verification completed successfully!
2025-08-14 21:49:21,853 - INFO - 
Migration from Sentiment to DIA3 completed successfully!
2025-08-14 21:49:21,853 - INFO - Check logs/migration_sentiment_to_dia3_report.json for detailed results
2025-08-14 21:49:21,853 - INFO - Use DIA3/.venv/Scripts/python.exe for latest Python version
2025-08-14 21:53:40,519 - INFO - 
==================================================
2025-08-14 21:53:40,519 - INFO - Starting Phase 1: Source Analysis
2025-08-14 21:53:40,519 - INFO - ==================================================
2025-08-14 21:53:40,519 - INFO - === PHASE 1: Source Environment Analysis ===
2025-08-14 21:53:40,519 - INFO - Source directory found: \d\AI\Sentiment
2025-08-14 21:53:40,572 - WARNING - Source virtual environment not found
2025-08-14 21:53:40,572 - INFO - Creating backup of source environment...
2025-08-14 21:53:40,578 - INFO - Analyzing source dependencies...
2025-08-14 21:53:40,578 - INFO - Running baseline tests on source...
2025-08-14 21:53:40,578 - WARNING - Source Python not found, skipping baseline tests
2025-08-14 21:53:40,579 - INFO - Phase 1: Source Analysis completed successfully!
2025-08-14 21:53:40,579 - INFO - 
==================================================
2025-08-14 21:53:40,579 - INFO - Starting Phase 2: Code Migration
2025-08-14 21:53:40,579 - INFO - ==================================================
2025-08-14 21:53:40,579 - INFO - === PHASE 2: Code Migration and Compatibility Updates ===
2025-08-14 21:53:40,591 - INFO - Found Python version: Python 3.10.18
2025-08-14 21:53:40,592 - INFO - Using latest Python version: python
2025-08-14 21:53:40,592 - INFO - Creating DIA3 directory structure...
2025-08-14 21:53:40,593 - INFO - DIA3 directory structure created
2025-08-14 21:53:40,594 - INFO - Copying source code to DIA3...
2025-08-14 21:53:40,595 - INFO - Source code copied to DIA3
2025-08-14 21:53:40,595 - INFO - Updating code for latest Python compatibility...
2025-08-14 21:53:40,595 - INFO - Updating collections imports...
2025-08-14 21:53:40,716 - INFO - Updating importlib usage...
2025-08-14 21:53:40,826 - INFO - Updating type hints...
2025-08-14 21:53:40,928 - INFO - Updating configuration files...
2025-08-14 21:53:40,929 - WARNING - pyproject.toml not found in target directory
2025-08-14 21:53:40,929 - WARNING - pyproject.toml not found in target directory
2025-08-14 21:53:40,929 - INFO - Phase 2: Code Migration completed successfully!
2025-08-14 21:53:40,929 - INFO - 
==================================================
2025-08-14 21:53:40,929 - INFO - Starting Phase 3: Environment Setup
2025-08-14 21:53:40,929 - INFO - ==================================================
2025-08-14 21:53:40,930 - INFO - === PHASE 3: DIA3 Environment Setup ===
2025-08-14 21:53:40,930 - INFO - DIA3 virtual environment already exists
2025-08-14 21:53:40,952 - INFO - DIA3 Python version: Python 3.13.5
2025-08-14 21:53:40,952 - INFO - Checking for uv package manager...
2025-08-14 21:53:40,978 - INFO - Using uv for package management
2025-08-14 21:53:40,978 - INFO - Installing dependencies with uv...
2025-08-14 21:53:41,010 - WARNING - uv sync failed: error: No `pyproject.toml` found in current directory or any parent directory

2025-08-14 21:53:41,011 - INFO - Checking if dependencies are already installed...
2025-08-14 21:53:41,100 - INFO - Installing dependencies...
2025-08-14 21:53:41,119 - INFO - Using uv to install dependencies...
2025-08-14 21:53:41,145 - WARNING - Failed to install fastapi with uv: error: No `pyproject.toml` found in current directory or any parent directory

2025-08-14 21:53:41,173 - WARNING - Failed to install uvicorn with uv: error: No `pyproject.toml` found in current directory or any parent directory

2025-08-14 21:53:41,201 - WARNING - Failed to install pydantic with uv: error: No `pyproject.toml` found in current directory or any parent directory

2025-08-14 21:53:41,224 - WARNING - Failed to install numpy with uv: error: No `pyproject.toml` found in current directory or any parent directory

2025-08-14 21:53:41,254 - WARNING - Failed to install pandas with uv: error: No `pyproject.toml` found in current directory or any parent directory

2025-08-14 21:53:41,277 - WARNING - Failed to install requests with uv: error: No `pyproject.toml` found in current directory or any parent directory

2025-08-14 21:53:41,304 - WARNING - Failed to install python-dotenv with uv: error: No `pyproject.toml` found in current directory or any parent directory

2025-08-14 21:53:41,381 - WARNING - Some dependencies may not be installed correctly
2025-08-14 21:53:41,382 - INFO - Testing core imports...
2025-08-14 21:53:41,421 - INFO - DIA3 environment setup completed successfully
2025-08-14 21:53:41,421 - INFO - Phase 3: Environment Setup completed successfully!
2025-08-14 21:53:41,422 - INFO - 
==================================================
2025-08-14 21:53:41,422 - INFO - Starting Phase 4: Testing
2025-08-14 21:53:41,422 - INFO - ==================================================
2025-08-14 21:53:41,422 - INFO - === PHASE 4: Testing and Validation ===
2025-08-14 21:53:41,423 - INFO - Running unit tests...
2025-08-14 21:53:41,423 - WARNING - Test path Test/unit/ does not exist, skipping
2025-08-14 21:53:41,423 - INFO - Running integration tests...
2025-08-14 21:53:41,424 - WARNING - Test path Test/integration/ does not exist, skipping
2025-08-14 21:53:41,424 - INFO - Running performance tests...
2025-08-14 21:53:41,424 - WARNING - Test path Test/performance/ does not exist, skipping
2025-08-14 21:53:41,424 - INFO - Running functional tests...
2025-08-14 21:53:41,424 - INFO - Running performance benchmarks...
2025-08-14 21:53:41,425 - INFO - Phase 4: Testing completed successfully!
2025-08-14 21:53:41,425 - INFO - 
==================================================
2025-08-14 21:53:41,425 - INFO - Starting Phase 5: Verification
2025-08-14 21:53:41,425 - INFO - ==================================================
2025-08-14 21:53:41,425 - INFO - === PHASE 5: Final Verification and Reporting ===
2025-08-14 21:53:41,426 - INFO - Testing API server...
2025-08-14 21:53:41,426 - WARNING - main.py not found, skipping API server test
2025-08-14 21:53:41,426 - INFO - Running code quality checks...
2025-08-14 21:53:41,523 - INFO - Generating final report...
2025-08-14 21:53:41,524 - INFO - Final report generated: logs/migration_sentiment_to_dia3_report.json
2025-08-14 21:53:41,524 - INFO - Phase 5: Verification completed successfully!
2025-08-14 21:53:41,524 - INFO - 
Migration from Sentiment to DIA3 completed successfully!
2025-08-14 21:53:41,524 - INFO - Check logs/migration_sentiment_to_dia3_report.json for detailed results
2025-08-14 21:53:41,524 - INFO - Use DIA3/.venv/Scripts/python.exe for latest Python version
2025-08-14 21:56:01,109 - INFO - 
==================================================
2025-08-14 21:56:01,110 - INFO - Starting Phase 1: Source Analysis
2025-08-14 21:56:01,110 - INFO - ==================================================
2025-08-14 21:56:01,110 - INFO - === PHASE 1: Source Environment Analysis ===
2025-08-14 21:56:01,110 - INFO - Source directory found: \d\AI\Sentiment
2025-08-14 21:56:01,159 - WARNING - Source virtual environment not found
2025-08-14 21:56:01,160 - INFO - Creating backup of source environment...
2025-08-14 21:56:01,167 - INFO - Analyzing source dependencies...
2025-08-14 21:56:01,168 - INFO - Running baseline tests on source...
2025-08-14 21:56:01,168 - WARNING - Source Python not found, skipping baseline tests
2025-08-14 21:56:01,168 - INFO - Phase 1: Source Analysis completed successfully!
2025-08-14 21:56:01,168 - INFO - 
==================================================
2025-08-14 21:56:01,168 - INFO - Starting Phase 2: Code Migration
2025-08-14 21:56:01,169 - INFO - ==================================================
2025-08-14 21:56:01,169 - INFO - === PHASE 2: Code Migration and Compatibility Updates ===
2025-08-14 21:56:01,184 - INFO - Found Python version: Python 3.10.18
2025-08-14 21:56:01,184 - INFO - Using latest Python version: python
2025-08-14 21:56:01,184 - INFO - Creating DIA3 directory structure...
2025-08-14 21:56:01,185 - INFO - DIA3 directory structure created
2025-08-14 21:56:01,186 - INFO - Copying source code to DIA3...
2025-08-14 21:56:01,187 - INFO - Source code copied to DIA3
2025-08-14 21:56:01,187 - INFO - Updating code for latest Python compatibility...
2025-08-14 21:56:01,187 - INFO - Updating collections imports...
2025-08-14 21:56:01,301 - INFO - Updating importlib usage...
2025-08-14 21:56:01,407 - INFO - Updating type hints...
2025-08-14 21:56:01,512 - INFO - Updating configuration files...
2025-08-14 21:56:01,513 - WARNING - pyproject.toml not found in target directory
2025-08-14 21:56:01,513 - WARNING - pyproject.toml not found in target directory
2025-08-14 21:56:01,513 - INFO - Phase 2: Code Migration completed successfully!
2025-08-14 21:56:01,514 - INFO - 
==================================================
2025-08-14 21:56:01,514 - INFO - Starting Phase 3: Environment Setup
2025-08-14 21:56:01,515 - INFO - ==================================================
2025-08-14 21:56:01,515 - INFO - === PHASE 3: DIA3 Environment Setup ===
2025-08-14 21:56:01,516 - INFO - DIA3 virtual environment already exists
2025-08-14 21:56:01,538 - INFO - DIA3 Python version: Python 3.13.5
2025-08-14 21:56:01,538 - INFO - Skipping dependency installation - dependencies already installed manually
2025-08-14 21:56:01,538 - INFO - Testing core imports...
2025-08-14 21:56:01,587 - INFO - DIA3 environment setup completed successfully
2025-08-14 21:56:01,588 - INFO - Phase 3: Environment Setup completed successfully!
2025-08-14 21:56:01,589 - INFO - 
==================================================
2025-08-14 21:56:01,589 - INFO - Starting Phase 4: Testing
2025-08-14 21:56:01,589 - INFO - ==================================================
2025-08-14 21:56:01,589 - INFO - === PHASE 4: Testing and Validation ===
2025-08-14 21:56:01,589 - INFO - Running unit tests...
2025-08-14 21:56:01,589 - WARNING - Test path Test/unit/ does not exist, skipping
2025-08-14 21:56:01,589 - INFO - Running integration tests...
2025-08-14 21:56:01,590 - WARNING - Test path Test/integration/ does not exist, skipping
2025-08-14 21:56:01,590 - INFO - Running performance tests...
2025-08-14 21:56:01,590 - WARNING - Test path Test/performance/ does not exist, skipping
2025-08-14 21:56:01,590 - INFO - Running functional tests...
2025-08-14 21:56:01,590 - INFO - Running performance benchmarks...
2025-08-14 21:56:01,591 - INFO - Phase 4: Testing completed successfully!
2025-08-14 21:56:01,591 - INFO - 
==================================================
2025-08-14 21:56:01,591 - INFO - Starting Phase 5: Verification
2025-08-14 21:56:01,591 - INFO - ==================================================
2025-08-14 21:56:01,591 - INFO - === PHASE 5: Final Verification and Reporting ===
2025-08-14 21:56:01,591 - INFO - Testing API server...
2025-08-14 21:56:01,591 - WARNING - main.py not found, skipping API server test
2025-08-14 21:56:01,591 - INFO - Running code quality checks...
2025-08-14 21:56:01,677 - INFO - Generating final report...
2025-08-14 21:56:01,678 - INFO - Final report generated: logs/migration_sentiment_to_dia3_report.json
2025-08-14 21:56:01,678 - INFO - Phase 5: Verification completed successfully!
2025-08-14 21:56:01,678 - INFO - 
Migration from Sentiment to DIA3 completed successfully!
2025-08-14 21:56:01,678 - INFO - Check logs/migration_sentiment_to_dia3_report.json for detailed results
2025-08-14 21:56:01,679 - INFO - Use DIA3/.venv/Scripts/python.exe for latest Python version
